                            latency            interval
transaction        0            13            5
transaction        1            14            6
transaction        2            14            6
transaction        3            14            6
transaction        4            14            6
transaction        5            14            6
transaction        6            14            6
transaction        7            14            6
transaction        8            14            6
transaction        9            14            6
transaction        10            14            6
transaction        11            14            6
transaction        12            14            6
transaction        13            14            6
transaction        14            14            6
transaction        15            14            6
transaction        16            14            6
transaction        17            14            6
transaction        18            14            6
transaction        19            14            6
transaction        20            14            6
transaction        21            14            6
transaction        22            14            6
transaction        23            14            6
transaction        24            14            6
transaction        25            14            6
transaction        26            14            6
transaction        27            14            6
transaction        28            14            6
transaction        29            14            6
transaction        30            14            6
transaction        31            14            6
transaction        32            14            6
transaction        33            14            6
transaction        34            14            6
transaction        35            14            6
transaction        36            14            6
transaction        37            14            6
transaction        38            14            6
transaction        39            14            6
transaction        40            14            6
transaction        41            14            6
transaction        42            14            6
transaction        43            14            6
transaction        44            14            6
transaction        45            14            6
transaction        46            14            6
transaction        47            14            6
transaction        48            14            6
transaction        49            14            6
transaction        50            14            6
transaction        51            14            6
transaction        52            14            6
transaction        53            14            6
transaction        54            14            6
transaction        55            14            6
transaction        56            14            6
transaction        57            14            6
transaction        58            14            6
transaction        59            14            6
transaction        60            14            6
transaction        61            14            6
transaction        62            14            6
transaction        63            14            6
transaction        64            14            6
transaction        65            14            6
transaction        66            14            6
transaction        67            14            6
transaction        68            14            6
transaction        69            14            6
transaction        70            14            6
transaction        71            14            6
transaction        72            14            6
transaction        73            14            6
transaction        74            14            6
transaction        75            14            6
transaction        76            14            6
transaction        77            14            6
transaction        78            14            6
transaction        79            14            6
transaction        80            14            6
transaction        81            14            6
transaction        82            14            6
transaction        83            14            6
transaction        84            14            6
transaction        85            14            6
transaction        86            14            6
transaction        87            14            6
transaction        88            14            6
transaction        89            14            6
transaction        90            14            6
transaction        91            14            6
transaction        92            14            6
transaction        93            14            6
transaction        94            14            6
transaction        95            14            6
transaction        96            14            6
transaction        97            14            6
transaction        98            14            6
transaction        99            14            6
