

================================================================
== Vivado HLS Report for 'jet_hw'
================================================================
* Date:           Sun Dec  5 18:58:35 2021

* Version:        2019.1 (Build 2552052 on Fri May 24 15:28:33 MDT 2019)
* Project:        proj0
* Solution:       solution1
* Product family: virtexuplus
* Target device:  xcvu9p-flga2104-2L-e


================================================================
== Performance Estimates
================================================================
+ Timing (ns): 
    * Summary: 
    +--------+-------+----------+------------+
    |  Clock | Target| Estimated| Uncertainty|
    +--------+-------+----------+------------+
    |ap_clk  |   4.17|     3.611|        0.52|
    +--------+-------+----------+------------+

+ Latency (clock cycles): 
    * Summary: 
    +-----+-----+-----+-----+----------+
    |  Latency  |  Interval | Pipeline |
    | min | max | min | max |   Type   |
    +-----+-----+-----+-----+----------+
    |   38|   38|    6|    6| function |
    +-----+-----+-----+-----+----------+

    + Detail: 
        * Instance: 
        N/A

        * Loop: 
        N/A

============================================================
+ Verbose Summary: Synthesis Manager
============================================================
InlineROM: 1
ExposeGlobal: 0
============================================================
+ Verbose Summary: CDFG Model
============================================================
IsTopModel: 1
ResetActiveHigh: 1
IsCombinational: 0
IsDatapathOnly: 0
HasWiredReturn: 1
HasMFsm: 2
HasVarLatency: 0
IsPipeline: 1
IsRtlPipelined: 1
IsInstanceOverlapped: 0
IsDontTouch: 0
HasImplIP: 0
IsGatedGlobalClock: 0

+ Individual pipeline summary: 
  * Pipeline-0: initiation interval (II) = 6, depth = 39


============================================================
+ Verbose Summary: Schedule
============================================================
* Number of FSM states : 39
* Pipeline : 1
  Pipeline-0 : II = 6, D = 39, States = { 1 2 3 4 5 6 7 8 9 10 11 12 13 14 15 16 17 18 19 20 21 22 23 24 25 26 27 28 29 30 31 32 33 34 35 36 37 38 39 }
* Dataflow Pipeline: 0

* FSM state transitions: 
1 --> 2 
2 --> 3 
3 --> 4 
4 --> 5 
5 --> 6 
6 --> 7 
7 --> 8 
8 --> 9 
9 --> 10 
10 --> 11 
11 --> 12 
12 --> 13 
13 --> 14 
14 --> 15 
15 --> 16 
16 --> 17 
17 --> 18 
18 --> 19 
19 --> 20 
20 --> 21 
21 --> 22 
22 --> 23 
23 --> 24 
24 --> 25 
25 --> 26 
26 --> 27 
27 --> 28 
28 --> 29 
29 --> 30 
30 --> 31 
31 --> 32 
32 --> 33 
33 --> 34 
34 --> 35 
35 --> 36 
36 --> 37 
37 --> 38 
38 --> 39 
39 --> 

* FSM state operations: 

State 1 <SV = 0> <Delay = 2.92>
ST_1 : Operation 40 [1/1] (0.00ns)   --->   "%jet_pt_0_V_read = call i16 @_ssdm_op_Read.ap_auto.i16P(i16* %jet_pt_0_V)" [src/JET.cpp:29]   --->   Operation 40 'read' 'jet_pt_0_V_read' <Predicate = true> <Delay = 0.00>
ST_1 : Operation 41 [1/1] (0.00ns)   --->   "%jet_phi_0_V_read = call i11 @_ssdm_op_Read.ap_auto.i11P(i11* %jet_phi_0_V)" [src/JET.cpp:29]   --->   Operation 41 'read' 'jet_phi_0_V_read' <Predicate = true> <Delay = 0.00>
ST_1 : Operation 42 [4/4] (2.92ns)   --->   "%call_ret5 = call fastcc i17 @ProjX(i16 %jet_pt_0_V_read, i11 %jet_phi_0_V_read)" [src/JET.cpp:29]   --->   Operation 42 'call' 'call_ret5' <Predicate = true> <Delay = 2.92> <CoreType = "Generic">   --->   Core 0 '' <Latency = 0> <II = 1> <Delay = 1.00> <Generic> <Opcode : >
ST_1 : Operation 43 [4/4] (2.92ns)   --->   "%call_ret = call fastcc i17 @ProjY(i16 %jet_pt_0_V_read, i11 %jet_phi_0_V_read)" [src/JET.cpp:30]   --->   Operation 43 'call' 'call_ret' <Predicate = true> <Delay = 2.92> <CoreType = "Generic">   --->   Core 0 '' <Latency = 0> <II = 1> <Delay = 1.00> <Generic> <Opcode : >
ST_1 : Operation 44 [1/1] (0.00ns)   --->   "%jet_pt_1_V_read = call i16 @_ssdm_op_Read.ap_auto.i16P(i16* %jet_pt_1_V)" [src/JET.cpp:29]   --->   Operation 44 'read' 'jet_pt_1_V_read' <Predicate = true> <Delay = 0.00>
ST_1 : Operation 45 [1/1] (0.00ns)   --->   "%jet_phi_1_V_read = call i11 @_ssdm_op_Read.ap_auto.i11P(i11* %jet_phi_1_V)" [src/JET.cpp:29]   --->   Operation 45 'read' 'jet_phi_1_V_read' <Predicate = true> <Delay = 0.00>
ST_1 : Operation 46 [4/4] (2.92ns)   --->   "%call_ret5_1 = call fastcc i17 @ProjX(i16 %jet_pt_1_V_read, i11 %jet_phi_1_V_read)" [src/JET.cpp:29]   --->   Operation 46 'call' 'call_ret5_1' <Predicate = true> <Delay = 2.92> <CoreType = "Generic">   --->   Core 0 '' <Latency = 0> <II = 1> <Delay = 1.00> <Generic> <Opcode : >
ST_1 : Operation 47 [4/4] (2.92ns)   --->   "%call_ret_1 = call fastcc i17 @ProjY(i16 %jet_pt_1_V_read, i11 %jet_phi_1_V_read)" [src/JET.cpp:30]   --->   Operation 47 'call' 'call_ret_1' <Predicate = true> <Delay = 2.92> <CoreType = "Generic">   --->   Core 0 '' <Latency = 0> <II = 1> <Delay = 1.00> <Generic> <Opcode : >

State 2 <SV = 1> <Delay = 3.19>
ST_2 : Operation 48 [3/4] (3.19ns)   --->   "%call_ret5 = call fastcc i17 @ProjX(i16 %jet_pt_0_V_read, i11 %jet_phi_0_V_read)" [src/JET.cpp:29]   --->   Operation 48 'call' 'call_ret5' <Predicate = true> <Delay = 3.19> <CoreType = "Generic">   --->   Core 0 '' <Latency = 0> <II = 1> <Delay = 1.00> <Generic> <Opcode : >
ST_2 : Operation 49 [3/4] (3.19ns)   --->   "%call_ret = call fastcc i17 @ProjY(i16 %jet_pt_0_V_read, i11 %jet_phi_0_V_read)" [src/JET.cpp:30]   --->   Operation 49 'call' 'call_ret' <Predicate = true> <Delay = 3.19> <CoreType = "Generic">   --->   Core 0 '' <Latency = 0> <II = 1> <Delay = 1.00> <Generic> <Opcode : >
ST_2 : Operation 50 [3/4] (3.19ns)   --->   "%call_ret5_1 = call fastcc i17 @ProjX(i16 %jet_pt_1_V_read, i11 %jet_phi_1_V_read)" [src/JET.cpp:29]   --->   Operation 50 'call' 'call_ret5_1' <Predicate = true> <Delay = 3.19> <CoreType = "Generic">   --->   Core 0 '' <Latency = 0> <II = 1> <Delay = 1.00> <Generic> <Opcode : >
ST_2 : Operation 51 [3/4] (3.19ns)   --->   "%call_ret_1 = call fastcc i17 @ProjY(i16 %jet_pt_1_V_read, i11 %jet_phi_1_V_read)" [src/JET.cpp:30]   --->   Operation 51 'call' 'call_ret_1' <Predicate = true> <Delay = 3.19> <CoreType = "Generic">   --->   Core 0 '' <Latency = 0> <II = 1> <Delay = 1.00> <Generic> <Opcode : >
ST_2 : Operation 52 [1/1] (0.00ns)   --->   "%jet_pt_2_V_read = call i16 @_ssdm_op_Read.ap_auto.i16P(i16* %jet_pt_2_V)" [src/JET.cpp:29]   --->   Operation 52 'read' 'jet_pt_2_V_read' <Predicate = true> <Delay = 0.00>
ST_2 : Operation 53 [1/1] (0.00ns)   --->   "%jet_phi_2_V_read = call i11 @_ssdm_op_Read.ap_auto.i11P(i11* %jet_phi_2_V)" [src/JET.cpp:29]   --->   Operation 53 'read' 'jet_phi_2_V_read' <Predicate = true> <Delay = 0.00>
ST_2 : Operation 54 [4/4] (2.92ns)   --->   "%call_ret5_2 = call fastcc i17 @ProjX(i16 %jet_pt_2_V_read, i11 %jet_phi_2_V_read)" [src/JET.cpp:29]   --->   Operation 54 'call' 'call_ret5_2' <Predicate = true> <Delay = 2.92> <CoreType = "Generic">   --->   Core 0 '' <Latency = 0> <II = 1> <Delay = 1.00> <Generic> <Opcode : >
ST_2 : Operation 55 [4/4] (2.92ns)   --->   "%call_ret_2 = call fastcc i17 @ProjY(i16 %jet_pt_2_V_read, i11 %jet_phi_2_V_read)" [src/JET.cpp:30]   --->   Operation 55 'call' 'call_ret_2' <Predicate = true> <Delay = 2.92> <CoreType = "Generic">   --->   Core 0 '' <Latency = 0> <II = 1> <Delay = 1.00> <Generic> <Opcode : >
ST_2 : Operation 56 [1/1] (0.00ns)   --->   "%jet_pt_3_V_read = call i16 @_ssdm_op_Read.ap_auto.i16P(i16* %jet_pt_3_V)" [src/JET.cpp:29]   --->   Operation 56 'read' 'jet_pt_3_V_read' <Predicate = true> <Delay = 0.00>
ST_2 : Operation 57 [1/1] (0.00ns)   --->   "%jet_phi_3_V_read = call i11 @_ssdm_op_Read.ap_auto.i11P(i11* %jet_phi_3_V)" [src/JET.cpp:29]   --->   Operation 57 'read' 'jet_phi_3_V_read' <Predicate = true> <Delay = 0.00>
ST_2 : Operation 58 [4/4] (2.92ns)   --->   "%call_ret5_3 = call fastcc i17 @ProjX(i16 %jet_pt_3_V_read, i11 %jet_phi_3_V_read)" [src/JET.cpp:29]   --->   Operation 58 'call' 'call_ret5_3' <Predicate = true> <Delay = 2.92> <CoreType = "Generic">   --->   Core 0 '' <Latency = 0> <II = 1> <Delay = 1.00> <Generic> <Opcode : >
ST_2 : Operation 59 [4/4] (2.92ns)   --->   "%call_ret_3 = call fastcc i17 @ProjY(i16 %jet_pt_3_V_read, i11 %jet_phi_3_V_read)" [src/JET.cpp:30]   --->   Operation 59 'call' 'call_ret_3' <Predicate = true> <Delay = 2.92> <CoreType = "Generic">   --->   Core 0 '' <Latency = 0> <II = 1> <Delay = 1.00> <Generic> <Opcode : >

State 3 <SV = 2> <Delay = 3.19>
ST_3 : Operation 60 [2/4] (3.19ns)   --->   "%call_ret5 = call fastcc i17 @ProjX(i16 %jet_pt_0_V_read, i11 %jet_phi_0_V_read)" [src/JET.cpp:29]   --->   Operation 60 'call' 'call_ret5' <Predicate = true> <Delay = 3.19> <CoreType = "Generic">   --->   Core 0 '' <Latency = 0> <II = 1> <Delay = 1.00> <Generic> <Opcode : >
ST_3 : Operation 61 [2/4] (3.19ns)   --->   "%call_ret = call fastcc i17 @ProjY(i16 %jet_pt_0_V_read, i11 %jet_phi_0_V_read)" [src/JET.cpp:30]   --->   Operation 61 'call' 'call_ret' <Predicate = true> <Delay = 3.19> <CoreType = "Generic">   --->   Core 0 '' <Latency = 0> <II = 1> <Delay = 1.00> <Generic> <Opcode : >
ST_3 : Operation 62 [2/4] (3.19ns)   --->   "%call_ret5_1 = call fastcc i17 @ProjX(i16 %jet_pt_1_V_read, i11 %jet_phi_1_V_read)" [src/JET.cpp:29]   --->   Operation 62 'call' 'call_ret5_1' <Predicate = true> <Delay = 3.19> <CoreType = "Generic">   --->   Core 0 '' <Latency = 0> <II = 1> <Delay = 1.00> <Generic> <Opcode : >
ST_3 : Operation 63 [2/4] (3.19ns)   --->   "%call_ret_1 = call fastcc i17 @ProjY(i16 %jet_pt_1_V_read, i11 %jet_phi_1_V_read)" [src/JET.cpp:30]   --->   Operation 63 'call' 'call_ret_1' <Predicate = true> <Delay = 3.19> <CoreType = "Generic">   --->   Core 0 '' <Latency = 0> <II = 1> <Delay = 1.00> <Generic> <Opcode : >
ST_3 : Operation 64 [3/4] (3.19ns)   --->   "%call_ret5_2 = call fastcc i17 @ProjX(i16 %jet_pt_2_V_read, i11 %jet_phi_2_V_read)" [src/JET.cpp:29]   --->   Operation 64 'call' 'call_ret5_2' <Predicate = true> <Delay = 3.19> <CoreType = "Generic">   --->   Core 0 '' <Latency = 0> <II = 1> <Delay = 1.00> <Generic> <Opcode : >
ST_3 : Operation 65 [3/4] (3.19ns)   --->   "%call_ret_2 = call fastcc i17 @ProjY(i16 %jet_pt_2_V_read, i11 %jet_phi_2_V_read)" [src/JET.cpp:30]   --->   Operation 65 'call' 'call_ret_2' <Predicate = true> <Delay = 3.19> <CoreType = "Generic">   --->   Core 0 '' <Latency = 0> <II = 1> <Delay = 1.00> <Generic> <Opcode : >
ST_3 : Operation 66 [3/4] (3.19ns)   --->   "%call_ret5_3 = call fastcc i17 @ProjX(i16 %jet_pt_3_V_read, i11 %jet_phi_3_V_read)" [src/JET.cpp:29]   --->   Operation 66 'call' 'call_ret5_3' <Predicate = true> <Delay = 3.19> <CoreType = "Generic">   --->   Core 0 '' <Latency = 0> <II = 1> <Delay = 1.00> <Generic> <Opcode : >
ST_3 : Operation 67 [3/4] (3.19ns)   --->   "%call_ret_3 = call fastcc i17 @ProjY(i16 %jet_pt_3_V_read, i11 %jet_phi_3_V_read)" [src/JET.cpp:30]   --->   Operation 67 'call' 'call_ret_3' <Predicate = true> <Delay = 3.19> <CoreType = "Generic">   --->   Core 0 '' <Latency = 0> <II = 1> <Delay = 1.00> <Generic> <Opcode : >
ST_3 : Operation 68 [1/1] (0.00ns)   --->   "%jet_pt_4_V_read = call i16 @_ssdm_op_Read.ap_auto.i16P(i16* %jet_pt_4_V)" [src/JET.cpp:29]   --->   Operation 68 'read' 'jet_pt_4_V_read' <Predicate = true> <Delay = 0.00>
ST_3 : Operation 69 [1/1] (0.00ns)   --->   "%jet_phi_4_V_read = call i11 @_ssdm_op_Read.ap_auto.i11P(i11* %jet_phi_4_V)" [src/JET.cpp:29]   --->   Operation 69 'read' 'jet_phi_4_V_read' <Predicate = true> <Delay = 0.00>
ST_3 : Operation 70 [4/4] (2.92ns)   --->   "%call_ret5_4 = call fastcc i17 @ProjX(i16 %jet_pt_4_V_read, i11 %jet_phi_4_V_read)" [src/JET.cpp:29]   --->   Operation 70 'call' 'call_ret5_4' <Predicate = true> <Delay = 2.92> <CoreType = "Generic">   --->   Core 0 '' <Latency = 0> <II = 1> <Delay = 1.00> <Generic> <Opcode : >
ST_3 : Operation 71 [4/4] (2.92ns)   --->   "%call_ret_4 = call fastcc i17 @ProjY(i16 %jet_pt_4_V_read, i11 %jet_phi_4_V_read)" [src/JET.cpp:30]   --->   Operation 71 'call' 'call_ret_4' <Predicate = true> <Delay = 2.92> <CoreType = "Generic">   --->   Core 0 '' <Latency = 0> <II = 1> <Delay = 1.00> <Generic> <Opcode : >
ST_3 : Operation 72 [1/1] (0.00ns)   --->   "%jet_pt_5_V_read = call i16 @_ssdm_op_Read.ap_auto.i16P(i16* %jet_pt_5_V)" [src/JET.cpp:29]   --->   Operation 72 'read' 'jet_pt_5_V_read' <Predicate = true> <Delay = 0.00>
ST_3 : Operation 73 [1/1] (0.00ns)   --->   "%jet_phi_5_V_read = call i11 @_ssdm_op_Read.ap_auto.i11P(i11* %jet_phi_5_V)" [src/JET.cpp:29]   --->   Operation 73 'read' 'jet_phi_5_V_read' <Predicate = true> <Delay = 0.00>
ST_3 : Operation 74 [4/4] (2.92ns)   --->   "%call_ret5_5 = call fastcc i17 @ProjX(i16 %jet_pt_5_V_read, i11 %jet_phi_5_V_read)" [src/JET.cpp:29]   --->   Operation 74 'call' 'call_ret5_5' <Predicate = true> <Delay = 2.92> <CoreType = "Generic">   --->   Core 0 '' <Latency = 0> <II = 1> <Delay = 1.00> <Generic> <Opcode : >
ST_3 : Operation 75 [4/4] (2.92ns)   --->   "%call_ret_5 = call fastcc i17 @ProjY(i16 %jet_pt_5_V_read, i11 %jet_phi_5_V_read)" [src/JET.cpp:30]   --->   Operation 75 'call' 'call_ret_5' <Predicate = true> <Delay = 2.92> <CoreType = "Generic">   --->   Core 0 '' <Latency = 0> <II = 1> <Delay = 1.00> <Generic> <Opcode : >

State 4 <SV = 3> <Delay = 3.19>
ST_4 : Operation 76 [1/4] (0.87ns)   --->   "%call_ret5 = call fastcc i17 @ProjX(i16 %jet_pt_0_V_read, i11 %jet_phi_0_V_read)" [src/JET.cpp:29]   --->   Operation 76 'call' 'call_ret5' <Predicate = true> <Delay = 0.87> <CoreType = "Generic">   --->   Core 0 '' <Latency = 0> <II = 1> <Delay = 1.00> <Generic> <Opcode : >
ST_4 : Operation 77 [1/4] (0.87ns)   --->   "%call_ret = call fastcc i17 @ProjY(i16 %jet_pt_0_V_read, i11 %jet_phi_0_V_read)" [src/JET.cpp:30]   --->   Operation 77 'call' 'call_ret' <Predicate = true> <Delay = 0.87> <CoreType = "Generic">   --->   Core 0 '' <Latency = 0> <II = 1> <Delay = 1.00> <Generic> <Opcode : >
ST_4 : Operation 78 [1/1] (0.00ns) (grouped into TernaryAdder)   --->   "%sub_ln701 = sub i17 0, %call_ret5" [src/JET.cpp:32]   --->   Operation 78 'sub' 'sub_ln701' <Predicate = true> <Delay = 0.00> <Core = "TAddSub">   --->   Core 83 'TAddSub' <Latency = 0> <II = 1> <Delay = 0.33> <IPBlock> <Opcode : 'add' 'sub'> <InPorts = 3> <OutPorts = 1> <Sync> <CReg>
ST_4 : Operation 79 [1/1] (0.00ns) (grouped into TernaryAdder)   --->   "%sub_ln701_1 = sub i17 0, %call_ret" [src/JET.cpp:33]   --->   Operation 79 'sub' 'sub_ln701_1' <Predicate = true> <Delay = 0.00> <Core = "TAddSub">   --->   Core 83 'TAddSub' <Latency = 0> <II = 1> <Delay = 0.33> <IPBlock> <Opcode : 'add' 'sub'> <InPorts = 3> <OutPorts = 1> <Sync> <CReg>
ST_4 : Operation 80 [1/4] (0.87ns)   --->   "%call_ret5_1 = call fastcc i17 @ProjX(i16 %jet_pt_1_V_read, i11 %jet_phi_1_V_read)" [src/JET.cpp:29]   --->   Operation 80 'call' 'call_ret5_1' <Predicate = true> <Delay = 0.87> <CoreType = "Generic">   --->   Core 0 '' <Latency = 0> <II = 1> <Delay = 1.00> <Generic> <Opcode : >
ST_4 : Operation 81 [1/4] (0.87ns)   --->   "%call_ret_1 = call fastcc i17 @ProjY(i16 %jet_pt_1_V_read, i11 %jet_phi_1_V_read)" [src/JET.cpp:30]   --->   Operation 81 'call' 'call_ret_1' <Predicate = true> <Delay = 0.87> <CoreType = "Generic">   --->   Core 0 '' <Latency = 0> <II = 1> <Delay = 1.00> <Generic> <Opcode : >
ST_4 : Operation 82 [1/1] (0.67ns) (root node of TernaryAdder)   --->   "%sub_ln701_2 = sub i17 %sub_ln701, %call_ret5_1" [src/JET.cpp:32]   --->   Operation 82 'sub' 'sub_ln701_2' <Predicate = true> <Delay = 0.67> <Core = "TAddSub">   --->   Core 83 'TAddSub' <Latency = 0> <II = 1> <Delay = 0.33> <IPBlock> <Opcode : 'add' 'sub'> <InPorts = 3> <OutPorts = 1> <Sync> <CReg>
ST_4 : Operation 83 [1/1] (0.67ns) (root node of TernaryAdder)   --->   "%sub_ln701_3 = sub i17 %sub_ln701_1, %call_ret_1" [src/JET.cpp:33]   --->   Operation 83 'sub' 'sub_ln701_3' <Predicate = true> <Delay = 0.67> <Core = "TAddSub">   --->   Core 83 'TAddSub' <Latency = 0> <II = 1> <Delay = 0.33> <IPBlock> <Opcode : 'add' 'sub'> <InPorts = 3> <OutPorts = 1> <Sync> <CReg>
ST_4 : Operation 84 [2/4] (3.19ns)   --->   "%call_ret5_2 = call fastcc i17 @ProjX(i16 %jet_pt_2_V_read, i11 %jet_phi_2_V_read)" [src/JET.cpp:29]   --->   Operation 84 'call' 'call_ret5_2' <Predicate = true> <Delay = 3.19> <CoreType = "Generic">   --->   Core 0 '' <Latency = 0> <II = 1> <Delay = 1.00> <Generic> <Opcode : >
ST_4 : Operation 85 [2/4] (3.19ns)   --->   "%call_ret_2 = call fastcc i17 @ProjY(i16 %jet_pt_2_V_read, i11 %jet_phi_2_V_read)" [src/JET.cpp:30]   --->   Operation 85 'call' 'call_ret_2' <Predicate = true> <Delay = 3.19> <CoreType = "Generic">   --->   Core 0 '' <Latency = 0> <II = 1> <Delay = 1.00> <Generic> <Opcode : >
ST_4 : Operation 86 [2/4] (3.19ns)   --->   "%call_ret5_3 = call fastcc i17 @ProjX(i16 %jet_pt_3_V_read, i11 %jet_phi_3_V_read)" [src/JET.cpp:29]   --->   Operation 86 'call' 'call_ret5_3' <Predicate = true> <Delay = 3.19> <CoreType = "Generic">   --->   Core 0 '' <Latency = 0> <II = 1> <Delay = 1.00> <Generic> <Opcode : >
ST_4 : Operation 87 [2/4] (3.19ns)   --->   "%call_ret_3 = call fastcc i17 @ProjY(i16 %jet_pt_3_V_read, i11 %jet_phi_3_V_read)" [src/JET.cpp:30]   --->   Operation 87 'call' 'call_ret_3' <Predicate = true> <Delay = 3.19> <CoreType = "Generic">   --->   Core 0 '' <Latency = 0> <II = 1> <Delay = 1.00> <Generic> <Opcode : >
ST_4 : Operation 88 [3/4] (3.19ns)   --->   "%call_ret5_4 = call fastcc i17 @ProjX(i16 %jet_pt_4_V_read, i11 %jet_phi_4_V_read)" [src/JET.cpp:29]   --->   Operation 88 'call' 'call_ret5_4' <Predicate = true> <Delay = 3.19> <CoreType = "Generic">   --->   Core 0 '' <Latency = 0> <II = 1> <Delay = 1.00> <Generic> <Opcode : >
ST_4 : Operation 89 [3/4] (3.19ns)   --->   "%call_ret_4 = call fastcc i17 @ProjY(i16 %jet_pt_4_V_read, i11 %jet_phi_4_V_read)" [src/JET.cpp:30]   --->   Operation 89 'call' 'call_ret_4' <Predicate = true> <Delay = 3.19> <CoreType = "Generic">   --->   Core 0 '' <Latency = 0> <II = 1> <Delay = 1.00> <Generic> <Opcode : >
ST_4 : Operation 90 [3/4] (3.19ns)   --->   "%call_ret5_5 = call fastcc i17 @ProjX(i16 %jet_pt_5_V_read, i11 %jet_phi_5_V_read)" [src/JET.cpp:29]   --->   Operation 90 'call' 'call_ret5_5' <Predicate = true> <Delay = 3.19> <CoreType = "Generic">   --->   Core 0 '' <Latency = 0> <II = 1> <Delay = 1.00> <Generic> <Opcode : >
ST_4 : Operation 91 [3/4] (3.19ns)   --->   "%call_ret_5 = call fastcc i17 @ProjY(i16 %jet_pt_5_V_read, i11 %jet_phi_5_V_read)" [src/JET.cpp:30]   --->   Operation 91 'call' 'call_ret_5' <Predicate = true> <Delay = 3.19> <CoreType = "Generic">   --->   Core 0 '' <Latency = 0> <II = 1> <Delay = 1.00> <Generic> <Opcode : >
ST_4 : Operation 92 [1/1] (0.00ns)   --->   "%jet_pt_6_V_read = call i16 @_ssdm_op_Read.ap_auto.i16P(i16* %jet_pt_6_V)" [src/JET.cpp:29]   --->   Operation 92 'read' 'jet_pt_6_V_read' <Predicate = true> <Delay = 0.00>
ST_4 : Operation 93 [1/1] (0.00ns)   --->   "%jet_phi_6_V_read = call i11 @_ssdm_op_Read.ap_auto.i11P(i11* %jet_phi_6_V)" [src/JET.cpp:29]   --->   Operation 93 'read' 'jet_phi_6_V_read' <Predicate = true> <Delay = 0.00>
ST_4 : Operation 94 [4/4] (2.92ns)   --->   "%call_ret5_6 = call fastcc i17 @ProjX(i16 %jet_pt_6_V_read, i11 %jet_phi_6_V_read)" [src/JET.cpp:29]   --->   Operation 94 'call' 'call_ret5_6' <Predicate = true> <Delay = 2.92> <CoreType = "Generic">   --->   Core 0 '' <Latency = 0> <II = 1> <Delay = 1.00> <Generic> <Opcode : >
ST_4 : Operation 95 [4/4] (2.92ns)   --->   "%call_ret_6 = call fastcc i17 @ProjY(i16 %jet_pt_6_V_read, i11 %jet_phi_6_V_read)" [src/JET.cpp:30]   --->   Operation 95 'call' 'call_ret_6' <Predicate = true> <Delay = 2.92> <CoreType = "Generic">   --->   Core 0 '' <Latency = 0> <II = 1> <Delay = 1.00> <Generic> <Opcode : >
ST_4 : Operation 96 [1/1] (0.00ns)   --->   "%jet_pt_7_V_read = call i16 @_ssdm_op_Read.ap_auto.i16P(i16* %jet_pt_7_V)" [src/JET.cpp:29]   --->   Operation 96 'read' 'jet_pt_7_V_read' <Predicate = true> <Delay = 0.00>
ST_4 : Operation 97 [1/1] (0.00ns)   --->   "%jet_phi_7_V_read = call i11 @_ssdm_op_Read.ap_auto.i11P(i11* %jet_phi_7_V)" [src/JET.cpp:29]   --->   Operation 97 'read' 'jet_phi_7_V_read' <Predicate = true> <Delay = 0.00>
ST_4 : Operation 98 [4/4] (2.92ns)   --->   "%call_ret5_7 = call fastcc i17 @ProjX(i16 %jet_pt_7_V_read, i11 %jet_phi_7_V_read)" [src/JET.cpp:29]   --->   Operation 98 'call' 'call_ret5_7' <Predicate = true> <Delay = 2.92> <CoreType = "Generic">   --->   Core 0 '' <Latency = 0> <II = 1> <Delay = 1.00> <Generic> <Opcode : >
ST_4 : Operation 99 [4/4] (2.92ns)   --->   "%call_ret_7 = call fastcc i17 @ProjY(i16 %jet_pt_7_V_read, i11 %jet_phi_7_V_read)" [src/JET.cpp:30]   --->   Operation 99 'call' 'call_ret_7' <Predicate = true> <Delay = 2.92> <CoreType = "Generic">   --->   Core 0 '' <Latency = 0> <II = 1> <Delay = 1.00> <Generic> <Opcode : >

State 5 <SV = 4> <Delay = 3.19>
ST_5 : Operation 100 [1/4] (0.87ns)   --->   "%call_ret5_2 = call fastcc i17 @ProjX(i16 %jet_pt_2_V_read, i11 %jet_phi_2_V_read)" [src/JET.cpp:29]   --->   Operation 100 'call' 'call_ret5_2' <Predicate = true> <Delay = 0.87> <CoreType = "Generic">   --->   Core 0 '' <Latency = 0> <II = 1> <Delay = 1.00> <Generic> <Opcode : >
ST_5 : Operation 101 [1/4] (0.87ns)   --->   "%call_ret_2 = call fastcc i17 @ProjY(i16 %jet_pt_2_V_read, i11 %jet_phi_2_V_read)" [src/JET.cpp:30]   --->   Operation 101 'call' 'call_ret_2' <Predicate = true> <Delay = 0.87> <CoreType = "Generic">   --->   Core 0 '' <Latency = 0> <II = 1> <Delay = 1.00> <Generic> <Opcode : >
ST_5 : Operation 102 [1/1] (0.00ns) (grouped into TernaryAdder)   --->   "%sub_ln701_4 = sub i17 %sub_ln701_2, %call_ret5_2" [src/JET.cpp:32]   --->   Operation 102 'sub' 'sub_ln701_4' <Predicate = true> <Delay = 0.00> <Core = "TAddSub">   --->   Core 83 'TAddSub' <Latency = 0> <II = 1> <Delay = 0.33> <IPBlock> <Opcode : 'add' 'sub'> <InPorts = 3> <OutPorts = 1> <Sync> <CReg>
ST_5 : Operation 103 [1/1] (0.00ns) (grouped into TernaryAdder)   --->   "%sub_ln701_5 = sub i17 %sub_ln701_3, %call_ret_2" [src/JET.cpp:33]   --->   Operation 103 'sub' 'sub_ln701_5' <Predicate = true> <Delay = 0.00> <Core = "TAddSub">   --->   Core 83 'TAddSub' <Latency = 0> <II = 1> <Delay = 0.33> <IPBlock> <Opcode : 'add' 'sub'> <InPorts = 3> <OutPorts = 1> <Sync> <CReg>
ST_5 : Operation 104 [1/4] (0.87ns)   --->   "%call_ret5_3 = call fastcc i17 @ProjX(i16 %jet_pt_3_V_read, i11 %jet_phi_3_V_read)" [src/JET.cpp:29]   --->   Operation 104 'call' 'call_ret5_3' <Predicate = true> <Delay = 0.87> <CoreType = "Generic">   --->   Core 0 '' <Latency = 0> <II = 1> <Delay = 1.00> <Generic> <Opcode : >
ST_5 : Operation 105 [1/4] (0.87ns)   --->   "%call_ret_3 = call fastcc i17 @ProjY(i16 %jet_pt_3_V_read, i11 %jet_phi_3_V_read)" [src/JET.cpp:30]   --->   Operation 105 'call' 'call_ret_3' <Predicate = true> <Delay = 0.87> <CoreType = "Generic">   --->   Core 0 '' <Latency = 0> <II = 1> <Delay = 1.00> <Generic> <Opcode : >
ST_5 : Operation 106 [1/1] (0.67ns) (root node of TernaryAdder)   --->   "%sub_ln701_6 = sub i17 %sub_ln701_4, %call_ret5_3" [src/JET.cpp:32]   --->   Operation 106 'sub' 'sub_ln701_6' <Predicate = true> <Delay = 0.67> <Core = "TAddSub">   --->   Core 83 'TAddSub' <Latency = 0> <II = 1> <Delay = 0.33> <IPBlock> <Opcode : 'add' 'sub'> <InPorts = 3> <OutPorts = 1> <Sync> <CReg>
ST_5 : Operation 107 [1/1] (0.67ns) (root node of TernaryAdder)   --->   "%sub_ln701_7 = sub i17 %sub_ln701_5, %call_ret_3" [src/JET.cpp:33]   --->   Operation 107 'sub' 'sub_ln701_7' <Predicate = true> <Delay = 0.67> <Core = "TAddSub">   --->   Core 83 'TAddSub' <Latency = 0> <II = 1> <Delay = 0.33> <IPBlock> <Opcode : 'add' 'sub'> <InPorts = 3> <OutPorts = 1> <Sync> <CReg>
ST_5 : Operation 108 [2/4] (3.19ns)   --->   "%call_ret5_4 = call fastcc i17 @ProjX(i16 %jet_pt_4_V_read, i11 %jet_phi_4_V_read)" [src/JET.cpp:29]   --->   Operation 108 'call' 'call_ret5_4' <Predicate = true> <Delay = 3.19> <CoreType = "Generic">   --->   Core 0 '' <Latency = 0> <II = 1> <Delay = 1.00> <Generic> <Opcode : >
ST_5 : Operation 109 [2/4] (3.19ns)   --->   "%call_ret_4 = call fastcc i17 @ProjY(i16 %jet_pt_4_V_read, i11 %jet_phi_4_V_read)" [src/JET.cpp:30]   --->   Operation 109 'call' 'call_ret_4' <Predicate = true> <Delay = 3.19> <CoreType = "Generic">   --->   Core 0 '' <Latency = 0> <II = 1> <Delay = 1.00> <Generic> <Opcode : >
ST_5 : Operation 110 [2/4] (3.19ns)   --->   "%call_ret5_5 = call fastcc i17 @ProjX(i16 %jet_pt_5_V_read, i11 %jet_phi_5_V_read)" [src/JET.cpp:29]   --->   Operation 110 'call' 'call_ret5_5' <Predicate = true> <Delay = 3.19> <CoreType = "Generic">   --->   Core 0 '' <Latency = 0> <II = 1> <Delay = 1.00> <Generic> <Opcode : >
ST_5 : Operation 111 [2/4] (3.19ns)   --->   "%call_ret_5 = call fastcc i17 @ProjY(i16 %jet_pt_5_V_read, i11 %jet_phi_5_V_read)" [src/JET.cpp:30]   --->   Operation 111 'call' 'call_ret_5' <Predicate = true> <Delay = 3.19> <CoreType = "Generic">   --->   Core 0 '' <Latency = 0> <II = 1> <Delay = 1.00> <Generic> <Opcode : >
ST_5 : Operation 112 [3/4] (3.19ns)   --->   "%call_ret5_6 = call fastcc i17 @ProjX(i16 %jet_pt_6_V_read, i11 %jet_phi_6_V_read)" [src/JET.cpp:29]   --->   Operation 112 'call' 'call_ret5_6' <Predicate = true> <Delay = 3.19> <CoreType = "Generic">   --->   Core 0 '' <Latency = 0> <II = 1> <Delay = 1.00> <Generic> <Opcode : >
ST_5 : Operation 113 [3/4] (3.19ns)   --->   "%call_ret_6 = call fastcc i17 @ProjY(i16 %jet_pt_6_V_read, i11 %jet_phi_6_V_read)" [src/JET.cpp:30]   --->   Operation 113 'call' 'call_ret_6' <Predicate = true> <Delay = 3.19> <CoreType = "Generic">   --->   Core 0 '' <Latency = 0> <II = 1> <Delay = 1.00> <Generic> <Opcode : >
ST_5 : Operation 114 [3/4] (3.19ns)   --->   "%call_ret5_7 = call fastcc i17 @ProjX(i16 %jet_pt_7_V_read, i11 %jet_phi_7_V_read)" [src/JET.cpp:29]   --->   Operation 114 'call' 'call_ret5_7' <Predicate = true> <Delay = 3.19> <CoreType = "Generic">   --->   Core 0 '' <Latency = 0> <II = 1> <Delay = 1.00> <Generic> <Opcode : >
ST_5 : Operation 115 [3/4] (3.19ns)   --->   "%call_ret_7 = call fastcc i17 @ProjY(i16 %jet_pt_7_V_read, i11 %jet_phi_7_V_read)" [src/JET.cpp:30]   --->   Operation 115 'call' 'call_ret_7' <Predicate = true> <Delay = 3.19> <CoreType = "Generic">   --->   Core 0 '' <Latency = 0> <II = 1> <Delay = 1.00> <Generic> <Opcode : >
ST_5 : Operation 116 [1/1] (0.00ns)   --->   "%jet_pt_8_V_read = call i16 @_ssdm_op_Read.ap_auto.i16P(i16* %jet_pt_8_V)" [src/JET.cpp:29]   --->   Operation 116 'read' 'jet_pt_8_V_read' <Predicate = true> <Delay = 0.00>
ST_5 : Operation 117 [1/1] (0.00ns)   --->   "%jet_phi_8_V_read = call i11 @_ssdm_op_Read.ap_auto.i11P(i11* %jet_phi_8_V)" [src/JET.cpp:29]   --->   Operation 117 'read' 'jet_phi_8_V_read' <Predicate = true> <Delay = 0.00>
ST_5 : Operation 118 [4/4] (2.92ns)   --->   "%call_ret5_8 = call fastcc i17 @ProjX(i16 %jet_pt_8_V_read, i11 %jet_phi_8_V_read)" [src/JET.cpp:29]   --->   Operation 118 'call' 'call_ret5_8' <Predicate = true> <Delay = 2.92> <CoreType = "Generic">   --->   Core 0 '' <Latency = 0> <II = 1> <Delay = 1.00> <Generic> <Opcode : >
ST_5 : Operation 119 [4/4] (2.92ns)   --->   "%call_ret_8 = call fastcc i17 @ProjY(i16 %jet_pt_8_V_read, i11 %jet_phi_8_V_read)" [src/JET.cpp:30]   --->   Operation 119 'call' 'call_ret_8' <Predicate = true> <Delay = 2.92> <CoreType = "Generic">   --->   Core 0 '' <Latency = 0> <II = 1> <Delay = 1.00> <Generic> <Opcode : >
ST_5 : Operation 120 [1/1] (0.00ns)   --->   "%jet_pt_9_V_read = call i16 @_ssdm_op_Read.ap_auto.i16P(i16* %jet_pt_9_V)" [src/JET.cpp:29]   --->   Operation 120 'read' 'jet_pt_9_V_read' <Predicate = true> <Delay = 0.00>
ST_5 : Operation 121 [1/1] (0.00ns)   --->   "%jet_phi_9_V_read = call i11 @_ssdm_op_Read.ap_auto.i11P(i11* %jet_phi_9_V)" [src/JET.cpp:29]   --->   Operation 121 'read' 'jet_phi_9_V_read' <Predicate = true> <Delay = 0.00>
ST_5 : Operation 122 [4/4] (2.92ns)   --->   "%call_ret5_9 = call fastcc i17 @ProjX(i16 %jet_pt_9_V_read, i11 %jet_phi_9_V_read)" [src/JET.cpp:29]   --->   Operation 122 'call' 'call_ret5_9' <Predicate = true> <Delay = 2.92> <CoreType = "Generic">   --->   Core 0 '' <Latency = 0> <II = 1> <Delay = 1.00> <Generic> <Opcode : >
ST_5 : Operation 123 [4/4] (2.92ns)   --->   "%call_ret_9 = call fastcc i17 @ProjY(i16 %jet_pt_9_V_read, i11 %jet_phi_9_V_read)" [src/JET.cpp:30]   --->   Operation 123 'call' 'call_ret_9' <Predicate = true> <Delay = 2.92> <CoreType = "Generic">   --->   Core 0 '' <Latency = 0> <II = 1> <Delay = 1.00> <Generic> <Opcode : >

State 6 <SV = 5> <Delay = 3.19>
ST_6 : Operation 124 [1/4] (0.87ns)   --->   "%call_ret5_4 = call fastcc i17 @ProjX(i16 %jet_pt_4_V_read, i11 %jet_phi_4_V_read)" [src/JET.cpp:29]   --->   Operation 124 'call' 'call_ret5_4' <Predicate = true> <Delay = 0.87> <CoreType = "Generic">   --->   Core 0 '' <Latency = 0> <II = 1> <Delay = 1.00> <Generic> <Opcode : >
ST_6 : Operation 125 [1/4] (0.87ns)   --->   "%call_ret_4 = call fastcc i17 @ProjY(i16 %jet_pt_4_V_read, i11 %jet_phi_4_V_read)" [src/JET.cpp:30]   --->   Operation 125 'call' 'call_ret_4' <Predicate = true> <Delay = 0.87> <CoreType = "Generic">   --->   Core 0 '' <Latency = 0> <II = 1> <Delay = 1.00> <Generic> <Opcode : >
ST_6 : Operation 126 [1/1] (0.00ns) (grouped into TernaryAdder)   --->   "%sub_ln701_8 = sub i17 %sub_ln701_6, %call_ret5_4" [src/JET.cpp:32]   --->   Operation 126 'sub' 'sub_ln701_8' <Predicate = true> <Delay = 0.00> <Core = "TAddSub">   --->   Core 83 'TAddSub' <Latency = 0> <II = 1> <Delay = 0.33> <IPBlock> <Opcode : 'add' 'sub'> <InPorts = 3> <OutPorts = 1> <Sync> <CReg>
ST_6 : Operation 127 [1/1] (0.00ns) (grouped into TernaryAdder)   --->   "%sub_ln701_9 = sub i17 %sub_ln701_7, %call_ret_4" [src/JET.cpp:33]   --->   Operation 127 'sub' 'sub_ln701_9' <Predicate = true> <Delay = 0.00> <Core = "TAddSub">   --->   Core 83 'TAddSub' <Latency = 0> <II = 1> <Delay = 0.33> <IPBlock> <Opcode : 'add' 'sub'> <InPorts = 3> <OutPorts = 1> <Sync> <CReg>
ST_6 : Operation 128 [1/4] (0.87ns)   --->   "%call_ret5_5 = call fastcc i17 @ProjX(i16 %jet_pt_5_V_read, i11 %jet_phi_5_V_read)" [src/JET.cpp:29]   --->   Operation 128 'call' 'call_ret5_5' <Predicate = true> <Delay = 0.87> <CoreType = "Generic">   --->   Core 0 '' <Latency = 0> <II = 1> <Delay = 1.00> <Generic> <Opcode : >
ST_6 : Operation 129 [1/4] (0.87ns)   --->   "%call_ret_5 = call fastcc i17 @ProjY(i16 %jet_pt_5_V_read, i11 %jet_phi_5_V_read)" [src/JET.cpp:30]   --->   Operation 129 'call' 'call_ret_5' <Predicate = true> <Delay = 0.87> <CoreType = "Generic">   --->   Core 0 '' <Latency = 0> <II = 1> <Delay = 1.00> <Generic> <Opcode : >
ST_6 : Operation 130 [1/1] (0.67ns) (root node of TernaryAdder)   --->   "%sub_ln701_10 = sub i17 %sub_ln701_8, %call_ret5_5" [src/JET.cpp:32]   --->   Operation 130 'sub' 'sub_ln701_10' <Predicate = true> <Delay = 0.67> <Core = "TAddSub">   --->   Core 83 'TAddSub' <Latency = 0> <II = 1> <Delay = 0.33> <IPBlock> <Opcode : 'add' 'sub'> <InPorts = 3> <OutPorts = 1> <Sync> <CReg>
ST_6 : Operation 131 [1/1] (0.67ns) (root node of TernaryAdder)   --->   "%sub_ln701_11 = sub i17 %sub_ln701_9, %call_ret_5" [src/JET.cpp:33]   --->   Operation 131 'sub' 'sub_ln701_11' <Predicate = true> <Delay = 0.67> <Core = "TAddSub">   --->   Core 83 'TAddSub' <Latency = 0> <II = 1> <Delay = 0.33> <IPBlock> <Opcode : 'add' 'sub'> <InPorts = 3> <OutPorts = 1> <Sync> <CReg>
ST_6 : Operation 132 [2/4] (3.19ns)   --->   "%call_ret5_6 = call fastcc i17 @ProjX(i16 %jet_pt_6_V_read, i11 %jet_phi_6_V_read)" [src/JET.cpp:29]   --->   Operation 132 'call' 'call_ret5_6' <Predicate = true> <Delay = 3.19> <CoreType = "Generic">   --->   Core 0 '' <Latency = 0> <II = 1> <Delay = 1.00> <Generic> <Opcode : >
ST_6 : Operation 133 [2/4] (3.19ns)   --->   "%call_ret_6 = call fastcc i17 @ProjY(i16 %jet_pt_6_V_read, i11 %jet_phi_6_V_read)" [src/JET.cpp:30]   --->   Operation 133 'call' 'call_ret_6' <Predicate = true> <Delay = 3.19> <CoreType = "Generic">   --->   Core 0 '' <Latency = 0> <II = 1> <Delay = 1.00> <Generic> <Opcode : >
ST_6 : Operation 134 [2/4] (3.19ns)   --->   "%call_ret5_7 = call fastcc i17 @ProjX(i16 %jet_pt_7_V_read, i11 %jet_phi_7_V_read)" [src/JET.cpp:29]   --->   Operation 134 'call' 'call_ret5_7' <Predicate = true> <Delay = 3.19> <CoreType = "Generic">   --->   Core 0 '' <Latency = 0> <II = 1> <Delay = 1.00> <Generic> <Opcode : >
ST_6 : Operation 135 [2/4] (3.19ns)   --->   "%call_ret_7 = call fastcc i17 @ProjY(i16 %jet_pt_7_V_read, i11 %jet_phi_7_V_read)" [src/JET.cpp:30]   --->   Operation 135 'call' 'call_ret_7' <Predicate = true> <Delay = 3.19> <CoreType = "Generic">   --->   Core 0 '' <Latency = 0> <II = 1> <Delay = 1.00> <Generic> <Opcode : >
ST_6 : Operation 136 [3/4] (3.19ns)   --->   "%call_ret5_8 = call fastcc i17 @ProjX(i16 %jet_pt_8_V_read, i11 %jet_phi_8_V_read)" [src/JET.cpp:29]   --->   Operation 136 'call' 'call_ret5_8' <Predicate = true> <Delay = 3.19> <CoreType = "Generic">   --->   Core 0 '' <Latency = 0> <II = 1> <Delay = 1.00> <Generic> <Opcode : >
ST_6 : Operation 137 [3/4] (3.19ns)   --->   "%call_ret_8 = call fastcc i17 @ProjY(i16 %jet_pt_8_V_read, i11 %jet_phi_8_V_read)" [src/JET.cpp:30]   --->   Operation 137 'call' 'call_ret_8' <Predicate = true> <Delay = 3.19> <CoreType = "Generic">   --->   Core 0 '' <Latency = 0> <II = 1> <Delay = 1.00> <Generic> <Opcode : >
ST_6 : Operation 138 [3/4] (3.19ns)   --->   "%call_ret5_9 = call fastcc i17 @ProjX(i16 %jet_pt_9_V_read, i11 %jet_phi_9_V_read)" [src/JET.cpp:29]   --->   Operation 138 'call' 'call_ret5_9' <Predicate = true> <Delay = 3.19> <CoreType = "Generic">   --->   Core 0 '' <Latency = 0> <II = 1> <Delay = 1.00> <Generic> <Opcode : >
ST_6 : Operation 139 [3/4] (3.19ns)   --->   "%call_ret_9 = call fastcc i17 @ProjY(i16 %jet_pt_9_V_read, i11 %jet_phi_9_V_read)" [src/JET.cpp:30]   --->   Operation 139 'call' 'call_ret_9' <Predicate = true> <Delay = 3.19> <CoreType = "Generic">   --->   Core 0 '' <Latency = 0> <II = 1> <Delay = 1.00> <Generic> <Opcode : >

State 7 <SV = 6> <Delay = 3.19>
ST_7 : Operation 140 [1/4] (0.87ns)   --->   "%call_ret5_6 = call fastcc i17 @ProjX(i16 %jet_pt_6_V_read, i11 %jet_phi_6_V_read)" [src/JET.cpp:29]   --->   Operation 140 'call' 'call_ret5_6' <Predicate = true> <Delay = 0.87> <CoreType = "Generic">   --->   Core 0 '' <Latency = 0> <II = 1> <Delay = 1.00> <Generic> <Opcode : >
ST_7 : Operation 141 [1/4] (0.87ns)   --->   "%call_ret_6 = call fastcc i17 @ProjY(i16 %jet_pt_6_V_read, i11 %jet_phi_6_V_read)" [src/JET.cpp:30]   --->   Operation 141 'call' 'call_ret_6' <Predicate = true> <Delay = 0.87> <CoreType = "Generic">   --->   Core 0 '' <Latency = 0> <II = 1> <Delay = 1.00> <Generic> <Opcode : >
ST_7 : Operation 142 [1/1] (0.00ns) (grouped into TernaryAdder)   --->   "%sub_ln701_12 = sub i17 %sub_ln701_10, %call_ret5_6" [src/JET.cpp:32]   --->   Operation 142 'sub' 'sub_ln701_12' <Predicate = true> <Delay = 0.00> <Core = "TAddSub">   --->   Core 83 'TAddSub' <Latency = 0> <II = 1> <Delay = 0.33> <IPBlock> <Opcode : 'add' 'sub'> <InPorts = 3> <OutPorts = 1> <Sync> <CReg>
ST_7 : Operation 143 [1/1] (0.00ns) (grouped into TernaryAdder)   --->   "%sub_ln701_13 = sub i17 %sub_ln701_11, %call_ret_6" [src/JET.cpp:33]   --->   Operation 143 'sub' 'sub_ln701_13' <Predicate = true> <Delay = 0.00> <Core = "TAddSub">   --->   Core 83 'TAddSub' <Latency = 0> <II = 1> <Delay = 0.33> <IPBlock> <Opcode : 'add' 'sub'> <InPorts = 3> <OutPorts = 1> <Sync> <CReg>
ST_7 : Operation 144 [1/4] (0.87ns)   --->   "%call_ret5_7 = call fastcc i17 @ProjX(i16 %jet_pt_7_V_read, i11 %jet_phi_7_V_read)" [src/JET.cpp:29]   --->   Operation 144 'call' 'call_ret5_7' <Predicate = true> <Delay = 0.87> <CoreType = "Generic">   --->   Core 0 '' <Latency = 0> <II = 1> <Delay = 1.00> <Generic> <Opcode : >
ST_7 : Operation 145 [1/4] (0.87ns)   --->   "%call_ret_7 = call fastcc i17 @ProjY(i16 %jet_pt_7_V_read, i11 %jet_phi_7_V_read)" [src/JET.cpp:30]   --->   Operation 145 'call' 'call_ret_7' <Predicate = true> <Delay = 0.87> <CoreType = "Generic">   --->   Core 0 '' <Latency = 0> <II = 1> <Delay = 1.00> <Generic> <Opcode : >
ST_7 : Operation 146 [1/1] (0.67ns) (root node of TernaryAdder)   --->   "%sub_ln701_14 = sub i17 %sub_ln701_12, %call_ret5_7" [src/JET.cpp:32]   --->   Operation 146 'sub' 'sub_ln701_14' <Predicate = true> <Delay = 0.67> <Core = "TAddSub">   --->   Core 83 'TAddSub' <Latency = 0> <II = 1> <Delay = 0.33> <IPBlock> <Opcode : 'add' 'sub'> <InPorts = 3> <OutPorts = 1> <Sync> <CReg>
ST_7 : Operation 147 [1/1] (0.67ns) (root node of TernaryAdder)   --->   "%sub_ln701_15 = sub i17 %sub_ln701_13, %call_ret_7" [src/JET.cpp:33]   --->   Operation 147 'sub' 'sub_ln701_15' <Predicate = true> <Delay = 0.67> <Core = "TAddSub">   --->   Core 83 'TAddSub' <Latency = 0> <II = 1> <Delay = 0.33> <IPBlock> <Opcode : 'add' 'sub'> <InPorts = 3> <OutPorts = 1> <Sync> <CReg>
ST_7 : Operation 148 [2/4] (3.19ns)   --->   "%call_ret5_8 = call fastcc i17 @ProjX(i16 %jet_pt_8_V_read, i11 %jet_phi_8_V_read)" [src/JET.cpp:29]   --->   Operation 148 'call' 'call_ret5_8' <Predicate = true> <Delay = 3.19> <CoreType = "Generic">   --->   Core 0 '' <Latency = 0> <II = 1> <Delay = 1.00> <Generic> <Opcode : >
ST_7 : Operation 149 [2/4] (3.19ns)   --->   "%call_ret_8 = call fastcc i17 @ProjY(i16 %jet_pt_8_V_read, i11 %jet_phi_8_V_read)" [src/JET.cpp:30]   --->   Operation 149 'call' 'call_ret_8' <Predicate = true> <Delay = 3.19> <CoreType = "Generic">   --->   Core 0 '' <Latency = 0> <II = 1> <Delay = 1.00> <Generic> <Opcode : >
ST_7 : Operation 150 [2/4] (3.19ns)   --->   "%call_ret5_9 = call fastcc i17 @ProjX(i16 %jet_pt_9_V_read, i11 %jet_phi_9_V_read)" [src/JET.cpp:29]   --->   Operation 150 'call' 'call_ret5_9' <Predicate = true> <Delay = 3.19> <CoreType = "Generic">   --->   Core 0 '' <Latency = 0> <II = 1> <Delay = 1.00> <Generic> <Opcode : >
ST_7 : Operation 151 [2/4] (3.19ns)   --->   "%call_ret_9 = call fastcc i17 @ProjY(i16 %jet_pt_9_V_read, i11 %jet_phi_9_V_read)" [src/JET.cpp:30]   --->   Operation 151 'call' 'call_ret_9' <Predicate = true> <Delay = 3.19> <CoreType = "Generic">   --->   Core 0 '' <Latency = 0> <II = 1> <Delay = 1.00> <Generic> <Opcode : >

State 8 <SV = 7> <Delay = 1.55>
ST_8 : Operation 152 [1/4] (0.87ns)   --->   "%call_ret5_8 = call fastcc i17 @ProjX(i16 %jet_pt_8_V_read, i11 %jet_phi_8_V_read)" [src/JET.cpp:29]   --->   Operation 152 'call' 'call_ret5_8' <Predicate = true> <Delay = 0.87> <CoreType = "Generic">   --->   Core 0 '' <Latency = 0> <II = 1> <Delay = 1.00> <Generic> <Opcode : >
ST_8 : Operation 153 [1/4] (0.87ns)   --->   "%call_ret_8 = call fastcc i17 @ProjY(i16 %jet_pt_8_V_read, i11 %jet_phi_8_V_read)" [src/JET.cpp:30]   --->   Operation 153 'call' 'call_ret_8' <Predicate = true> <Delay = 0.87> <CoreType = "Generic">   --->   Core 0 '' <Latency = 0> <II = 1> <Delay = 1.00> <Generic> <Opcode : >
ST_8 : Operation 154 [1/1] (0.00ns) (grouped into TernaryAdder)   --->   "%sub_ln701_16 = sub i17 %sub_ln701_14, %call_ret5_8" [src/JET.cpp:32]   --->   Operation 154 'sub' 'sub_ln701_16' <Predicate = true> <Delay = 0.00> <Core = "TAddSub">   --->   Core 83 'TAddSub' <Latency = 0> <II = 1> <Delay = 0.33> <IPBlock> <Opcode : 'add' 'sub'> <InPorts = 3> <OutPorts = 1> <Sync> <CReg>
ST_8 : Operation 155 [1/1] (0.00ns) (grouped into TernaryAdder)   --->   "%sub_ln701_17 = sub i17 %sub_ln701_15, %call_ret_8" [src/JET.cpp:33]   --->   Operation 155 'sub' 'sub_ln701_17' <Predicate = true> <Delay = 0.00> <Core = "TAddSub">   --->   Core 83 'TAddSub' <Latency = 0> <II = 1> <Delay = 0.33> <IPBlock> <Opcode : 'add' 'sub'> <InPorts = 3> <OutPorts = 1> <Sync> <CReg>
ST_8 : Operation 156 [1/4] (0.87ns)   --->   "%call_ret5_9 = call fastcc i17 @ProjX(i16 %jet_pt_9_V_read, i11 %jet_phi_9_V_read)" [src/JET.cpp:29]   --->   Operation 156 'call' 'call_ret5_9' <Predicate = true> <Delay = 0.87> <CoreType = "Generic">   --->   Core 0 '' <Latency = 0> <II = 1> <Delay = 1.00> <Generic> <Opcode : >
ST_8 : Operation 157 [1/4] (0.87ns)   --->   "%call_ret_9 = call fastcc i17 @ProjY(i16 %jet_pt_9_V_read, i11 %jet_phi_9_V_read)" [src/JET.cpp:30]   --->   Operation 157 'call' 'call_ret_9' <Predicate = true> <Delay = 0.87> <CoreType = "Generic">   --->   Core 0 '' <Latency = 0> <II = 1> <Delay = 1.00> <Generic> <Opcode : >
ST_8 : Operation 158 [1/1] (0.67ns) (root node of TernaryAdder)   --->   "%sub_ln701_18 = sub i17 %sub_ln701_16, %call_ret5_9" [src/JET.cpp:32]   --->   Operation 158 'sub' 'sub_ln701_18' <Predicate = true> <Delay = 0.67> <Core = "TAddSub">   --->   Core 83 'TAddSub' <Latency = 0> <II = 1> <Delay = 0.33> <IPBlock> <Opcode : 'add' 'sub'> <InPorts = 3> <OutPorts = 1> <Sync> <CReg>
ST_8 : Operation 159 [1/1] (0.67ns) (root node of TernaryAdder)   --->   "%sub_ln701_19 = sub i17 %sub_ln701_17, %call_ret_9" [src/JET.cpp:33]   --->   Operation 159 'sub' 'sub_ln701_19' <Predicate = true> <Delay = 0.67> <Core = "TAddSub">   --->   Core 83 'TAddSub' <Latency = 0> <II = 1> <Delay = 0.33> <IPBlock> <Opcode : 'add' 'sub'> <InPorts = 3> <OutPorts = 1> <Sync> <CReg>

State 9 <SV = 8> <Delay = 2.53>
ST_9 : Operation 160 [1/1] (0.00ns)   --->   "%sext_ln214_1 = sext i17 %sub_ln701_19 to i32" [src/JET.cpp:41]   --->   Operation 160 'sext' 'sext_ln214_1' <Predicate = true> <Delay = 0.00>
ST_9 : Operation 161 [1/1] (2.53ns) (root node of the DSP)   --->   "%mul_ln214_1 = mul i32 %sext_ln214_1, %sext_ln214_1" [src/JET.cpp:41]   --->   Operation 161 'mul' 'mul_ln214_1' <Predicate = true> <Delay = 2.53> <Core = "DSP48">   --->   Core 88 'DSP48' <Latency = 0> <II = 1> <Delay = 2.53> <IPBlock> <Opcode : 'mul' 'add' 'sub' 'select'> <InPorts = 2> <OutPorts = 1> <Sync> <CReg>
ST_9 : Operation 162 [1/1] (0.00ns) (grouped into LUT with out node icmp_ln185)   --->   "%or_ln185 = or i17 %sub_ln701_18, %sub_ln701_19" [src/JET.h:185->src/JET.cpp:43]   --->   Operation 162 'or' 'or_ln185' <Predicate = true> <Delay = 0.00> <Core = "LogicGate">   --->   Core 27 'LogicGate' <Latency = 0> <II = 1> <Delay = 0.12> <FuncUnit> <Opcode : 'and' 'or' 'xor'> <InPorts = 2> <OutPorts = 1>
ST_9 : Operation 163 [1/1] (0.68ns) (out node of the LUT)   --->   "%icmp_ln185 = icmp eq i17 %or_ln185, 0" [src/JET.h:185->src/JET.cpp:43]   --->   Operation 163 'icmp' 'icmp_ln185' <Predicate = true> <Delay = 0.68> <Core = "Cmp">   --->   Core 25 'Cmp' <Latency = 0> <II = 1> <Delay = 0.69> <FuncUnit> <Opcode : 'icmp'> <InPorts = 2> <OutPorts = 1>
ST_9 : Operation 164 [1/1] (0.60ns)   --->   "br i1 %icmp_ln185, label %"PhiFromXY<ap_int<17>, ap_int<11>, ap_uint<32> >.exit", label %._crit_edge.i" [src/JET.h:185->src/JET.cpp:43]   --->   Operation 164 'br' <Predicate = true> <Delay = 0.60>
ST_9 : Operation 165 [1/1] (0.00ns)   --->   "%tmp_31 = call i1 @_ssdm_op_BitSelect.i1.i17.i32(i17 %sub_ln701_19, i32 16)" [src/JET.h:191->src/JET.cpp:43]   --->   Operation 165 'bitselect' 'tmp_31' <Predicate = (!icmp_ln185)> <Delay = 0.00>

State 10 <SV = 9> <Delay = 2.53>
ST_10 : Operation 166 [1/1] (0.00ns)   --->   "%sext_ln214 = sext i17 %sub_ln701_18 to i32" [src/JET.cpp:41]   --->   Operation 166 'sext' 'sext_ln214' <Predicate = true> <Delay = 0.00>
ST_10 : Operation 167 [1/1] (0.49ns) (grouped into DSP with root node tmp_V)   --->   "%mul_ln214 = mul i32 %sext_ln214, %sext_ln214" [src/JET.cpp:41]   --->   Operation 167 'mul' 'mul_ln214' <Predicate = true> <Delay = 0.49> <Core = "DSP48">   --->   Core 88 'DSP48' <Latency = 0> <II = 1> <Delay = 2.53> <IPBlock> <Opcode : 'mul' 'add' 'sub' 'select'> <InPorts = 2> <OutPorts = 1> <Sync> <CReg>
ST_10 : Operation 168 [1/1] (2.03ns) (root node of the DSP)   --->   "%tmp_V = add i32 %mul_ln214_1, %mul_ln214" [src/JET.cpp:41]   --->   Operation 168 'add' 'tmp_V' <Predicate = true> <Delay = 2.03> <Core = "DSP48">   --->   Core 88 'DSP48' <Latency = 0> <II = 1> <Delay = 2.53> <IPBlock> <Opcode : 'mul' 'add' 'sub' 'select'> <InPorts = 2> <OutPorts = 1> <Sync> <CReg>

State 11 <SV = 10> <Delay = 2.14>
ST_11 : Operation 169 [6/6] (2.14ns)   --->   "%p_Val2_3 = call fastcc i17 @"sqrt_fixed<33, 33>"(i32 %tmp_V)" [/data1/scratch/syan/HLS_2019_2/Vivado/2019.1/common/technology/autopilot/hls_sqrt_apfixed.h:386->/data1/scratch/syan/HLS_2019_2/Vivado/2019.1/common/technology/autopilot/hls_math.h:1280->src/JET.h:187->src/JET.cpp:43]   --->   Operation 169 'call' 'p_Val2_3' <Predicate = (!icmp_ln185)> <Delay = 2.14> <CoreType = "Generic">   --->   Core 0 '' <Latency = 0> <II = 1> <Delay = 1.00> <Generic> <Opcode : >

State 12 <SV = 11> <Delay = 3.61>
ST_12 : Operation 170 [5/6] (3.61ns)   --->   "%p_Val2_3 = call fastcc i17 @"sqrt_fixed<33, 33>"(i32 %tmp_V)" [/data1/scratch/syan/HLS_2019_2/Vivado/2019.1/common/technology/autopilot/hls_sqrt_apfixed.h:386->/data1/scratch/syan/HLS_2019_2/Vivado/2019.1/common/technology/autopilot/hls_math.h:1280->src/JET.h:187->src/JET.cpp:43]   --->   Operation 170 'call' 'p_Val2_3' <Predicate = (!icmp_ln185)> <Delay = 3.61> <CoreType = "Generic">   --->   Core 0 '' <Latency = 0> <II = 1> <Delay = 1.00> <Generic> <Opcode : >

State 13 <SV = 12> <Delay = 3.61>
ST_13 : Operation 171 [4/6] (3.61ns)   --->   "%p_Val2_3 = call fastcc i17 @"sqrt_fixed<33, 33>"(i32 %tmp_V)" [/data1/scratch/syan/HLS_2019_2/Vivado/2019.1/common/technology/autopilot/hls_sqrt_apfixed.h:386->/data1/scratch/syan/HLS_2019_2/Vivado/2019.1/common/technology/autopilot/hls_math.h:1280->src/JET.h:187->src/JET.cpp:43]   --->   Operation 171 'call' 'p_Val2_3' <Predicate = (!icmp_ln185)> <Delay = 3.61> <CoreType = "Generic">   --->   Core 0 '' <Latency = 0> <II = 1> <Delay = 1.00> <Generic> <Opcode : >

State 14 <SV = 13> <Delay = 3.61>
ST_14 : Operation 172 [3/6] (3.61ns)   --->   "%p_Val2_3 = call fastcc i17 @"sqrt_fixed<33, 33>"(i32 %tmp_V)" [/data1/scratch/syan/HLS_2019_2/Vivado/2019.1/common/technology/autopilot/hls_sqrt_apfixed.h:386->/data1/scratch/syan/HLS_2019_2/Vivado/2019.1/common/technology/autopilot/hls_math.h:1280->src/JET.h:187->src/JET.cpp:43]   --->   Operation 172 'call' 'p_Val2_3' <Predicate = (!icmp_ln185)> <Delay = 3.61> <CoreType = "Generic">   --->   Core 0 '' <Latency = 0> <II = 1> <Delay = 1.00> <Generic> <Opcode : >

State 15 <SV = 14> <Delay = 3.61>
ST_15 : Operation 173 [2/6] (3.61ns)   --->   "%p_Val2_3 = call fastcc i17 @"sqrt_fixed<33, 33>"(i32 %tmp_V)" [/data1/scratch/syan/HLS_2019_2/Vivado/2019.1/common/technology/autopilot/hls_sqrt_apfixed.h:386->/data1/scratch/syan/HLS_2019_2/Vivado/2019.1/common/technology/autopilot/hls_math.h:1280->src/JET.h:187->src/JET.cpp:43]   --->   Operation 173 'call' 'p_Val2_3' <Predicate = (!icmp_ln185)> <Delay = 3.61> <CoreType = "Generic">   --->   Core 0 '' <Latency = 0> <II = 1> <Delay = 1.00> <Generic> <Opcode : >

State 16 <SV = 15> <Delay = 3.44>
ST_16 : Operation 174 [1/6] (3.44ns)   --->   "%p_Val2_3 = call fastcc i17 @"sqrt_fixed<33, 33>"(i32 %tmp_V)" [/data1/scratch/syan/HLS_2019_2/Vivado/2019.1/common/technology/autopilot/hls_sqrt_apfixed.h:386->/data1/scratch/syan/HLS_2019_2/Vivado/2019.1/common/technology/autopilot/hls_math.h:1280->src/JET.h:187->src/JET.cpp:43]   --->   Operation 174 'call' 'p_Val2_3' <Predicate = (!icmp_ln185)> <Delay = 3.44> <CoreType = "Generic">   --->   Core 0 '' <Latency = 0> <II = 1> <Delay = 1.00> <Generic> <Opcode : >

State 17 <SV = 16> <Delay = 1.16>
ST_17 : Operation 175 [21/21] (1.16ns)   --->   "%ret_V = udiv i17 %sub_ln701_18, %p_Val2_3" [src/JET.h:187->src/JET.cpp:43]   --->   Operation 175 'udiv' 'ret_V' <Predicate = (!icmp_ln185)> <Delay = 1.16> <Core = "DivnS">   --->   Core 23 'DivnS' <Latency = 20> <II = 1> <Delay = 1.16> <FuncUnit> <Opcode : 'sdiv' 'srem' 'udiv' 'urem'> <InPorts = 2> <OutPorts = 1>

State 18 <SV = 17> <Delay = 1.16>
ST_18 : Operation 176 [20/21] (1.16ns)   --->   "%ret_V = udiv i17 %sub_ln701_18, %p_Val2_3" [src/JET.h:187->src/JET.cpp:43]   --->   Operation 176 'udiv' 'ret_V' <Predicate = (!icmp_ln185)> <Delay = 1.16> <Core = "DivnS">   --->   Core 23 'DivnS' <Latency = 20> <II = 1> <Delay = 1.16> <FuncUnit> <Opcode : 'sdiv' 'srem' 'udiv' 'urem'> <InPorts = 2> <OutPorts = 1>

State 19 <SV = 18> <Delay = 1.16>
ST_19 : Operation 177 [19/21] (1.16ns)   --->   "%ret_V = udiv i17 %sub_ln701_18, %p_Val2_3" [src/JET.h:187->src/JET.cpp:43]   --->   Operation 177 'udiv' 'ret_V' <Predicate = (!icmp_ln185)> <Delay = 1.16> <Core = "DivnS">   --->   Core 23 'DivnS' <Latency = 20> <II = 1> <Delay = 1.16> <FuncUnit> <Opcode : 'sdiv' 'srem' 'udiv' 'urem'> <InPorts = 2> <OutPorts = 1>

State 20 <SV = 19> <Delay = 1.16>
ST_20 : Operation 178 [18/21] (1.16ns)   --->   "%ret_V = udiv i17 %sub_ln701_18, %p_Val2_3" [src/JET.h:187->src/JET.cpp:43]   --->   Operation 178 'udiv' 'ret_V' <Predicate = (!icmp_ln185)> <Delay = 1.16> <Core = "DivnS">   --->   Core 23 'DivnS' <Latency = 20> <II = 1> <Delay = 1.16> <FuncUnit> <Opcode : 'sdiv' 'srem' 'udiv' 'urem'> <InPorts = 2> <OutPorts = 1>

State 21 <SV = 20> <Delay = 1.16>
ST_21 : Operation 179 [17/21] (1.16ns)   --->   "%ret_V = udiv i17 %sub_ln701_18, %p_Val2_3" [src/JET.h:187->src/JET.cpp:43]   --->   Operation 179 'udiv' 'ret_V' <Predicate = (!icmp_ln185)> <Delay = 1.16> <Core = "DivnS">   --->   Core 23 'DivnS' <Latency = 20> <II = 1> <Delay = 1.16> <FuncUnit> <Opcode : 'sdiv' 'srem' 'udiv' 'urem'> <InPorts = 2> <OutPorts = 1>

State 22 <SV = 21> <Delay = 1.16>
ST_22 : Operation 180 [16/21] (1.16ns)   --->   "%ret_V = udiv i17 %sub_ln701_18, %p_Val2_3" [src/JET.h:187->src/JET.cpp:43]   --->   Operation 180 'udiv' 'ret_V' <Predicate = (!icmp_ln185)> <Delay = 1.16> <Core = "DivnS">   --->   Core 23 'DivnS' <Latency = 20> <II = 1> <Delay = 1.16> <FuncUnit> <Opcode : 'sdiv' 'srem' 'udiv' 'urem'> <InPorts = 2> <OutPorts = 1>

State 23 <SV = 22> <Delay = 1.16>
ST_23 : Operation 181 [15/21] (1.16ns)   --->   "%ret_V = udiv i17 %sub_ln701_18, %p_Val2_3" [src/JET.h:187->src/JET.cpp:43]   --->   Operation 181 'udiv' 'ret_V' <Predicate = (!icmp_ln185)> <Delay = 1.16> <Core = "DivnS">   --->   Core 23 'DivnS' <Latency = 20> <II = 1> <Delay = 1.16> <FuncUnit> <Opcode : 'sdiv' 'srem' 'udiv' 'urem'> <InPorts = 2> <OutPorts = 1>

State 24 <SV = 23> <Delay = 1.16>
ST_24 : Operation 182 [14/21] (1.16ns)   --->   "%ret_V = udiv i17 %sub_ln701_18, %p_Val2_3" [src/JET.h:187->src/JET.cpp:43]   --->   Operation 182 'udiv' 'ret_V' <Predicate = (!icmp_ln185)> <Delay = 1.16> <Core = "DivnS">   --->   Core 23 'DivnS' <Latency = 20> <II = 1> <Delay = 1.16> <FuncUnit> <Opcode : 'sdiv' 'srem' 'udiv' 'urem'> <InPorts = 2> <OutPorts = 1>

State 25 <SV = 24> <Delay = 1.16>
ST_25 : Operation 183 [13/21] (1.16ns)   --->   "%ret_V = udiv i17 %sub_ln701_18, %p_Val2_3" [src/JET.h:187->src/JET.cpp:43]   --->   Operation 183 'udiv' 'ret_V' <Predicate = (!icmp_ln185)> <Delay = 1.16> <Core = "DivnS">   --->   Core 23 'DivnS' <Latency = 20> <II = 1> <Delay = 1.16> <FuncUnit> <Opcode : 'sdiv' 'srem' 'udiv' 'urem'> <InPorts = 2> <OutPorts = 1>

State 26 <SV = 25> <Delay = 1.16>
ST_26 : Operation 184 [12/21] (1.16ns)   --->   "%ret_V = udiv i17 %sub_ln701_18, %p_Val2_3" [src/JET.h:187->src/JET.cpp:43]   --->   Operation 184 'udiv' 'ret_V' <Predicate = (!icmp_ln185)> <Delay = 1.16> <Core = "DivnS">   --->   Core 23 'DivnS' <Latency = 20> <II = 1> <Delay = 1.16> <FuncUnit> <Opcode : 'sdiv' 'srem' 'udiv' 'urem'> <InPorts = 2> <OutPorts = 1>

State 27 <SV = 26> <Delay = 1.16>
ST_27 : Operation 185 [11/21] (1.16ns)   --->   "%ret_V = udiv i17 %sub_ln701_18, %p_Val2_3" [src/JET.h:187->src/JET.cpp:43]   --->   Operation 185 'udiv' 'ret_V' <Predicate = (!icmp_ln185)> <Delay = 1.16> <Core = "DivnS">   --->   Core 23 'DivnS' <Latency = 20> <II = 1> <Delay = 1.16> <FuncUnit> <Opcode : 'sdiv' 'srem' 'udiv' 'urem'> <InPorts = 2> <OutPorts = 1>

State 28 <SV = 27> <Delay = 1.16>
ST_28 : Operation 186 [10/21] (1.16ns)   --->   "%ret_V = udiv i17 %sub_ln701_18, %p_Val2_3" [src/JET.h:187->src/JET.cpp:43]   --->   Operation 186 'udiv' 'ret_V' <Predicate = (!icmp_ln185)> <Delay = 1.16> <Core = "DivnS">   --->   Core 23 'DivnS' <Latency = 20> <II = 1> <Delay = 1.16> <FuncUnit> <Opcode : 'sdiv' 'srem' 'udiv' 'urem'> <InPorts = 2> <OutPorts = 1>

State 29 <SV = 28> <Delay = 1.16>
ST_29 : Operation 187 [9/21] (1.16ns)   --->   "%ret_V = udiv i17 %sub_ln701_18, %p_Val2_3" [src/JET.h:187->src/JET.cpp:43]   --->   Operation 187 'udiv' 'ret_V' <Predicate = (!icmp_ln185)> <Delay = 1.16> <Core = "DivnS">   --->   Core 23 'DivnS' <Latency = 20> <II = 1> <Delay = 1.16> <FuncUnit> <Opcode : 'sdiv' 'srem' 'udiv' 'urem'> <InPorts = 2> <OutPorts = 1>

State 30 <SV = 29> <Delay = 1.16>
ST_30 : Operation 188 [8/21] (1.16ns)   --->   "%ret_V = udiv i17 %sub_ln701_18, %p_Val2_3" [src/JET.h:187->src/JET.cpp:43]   --->   Operation 188 'udiv' 'ret_V' <Predicate = (!icmp_ln185)> <Delay = 1.16> <Core = "DivnS">   --->   Core 23 'DivnS' <Latency = 20> <II = 1> <Delay = 1.16> <FuncUnit> <Opcode : 'sdiv' 'srem' 'udiv' 'urem'> <InPorts = 2> <OutPorts = 1>

State 31 <SV = 30> <Delay = 1.16>
ST_31 : Operation 189 [7/21] (1.16ns)   --->   "%ret_V = udiv i17 %sub_ln701_18, %p_Val2_3" [src/JET.h:187->src/JET.cpp:43]   --->   Operation 189 'udiv' 'ret_V' <Predicate = (!icmp_ln185)> <Delay = 1.16> <Core = "DivnS">   --->   Core 23 'DivnS' <Latency = 20> <II = 1> <Delay = 1.16> <FuncUnit> <Opcode : 'sdiv' 'srem' 'udiv' 'urem'> <InPorts = 2> <OutPorts = 1>

State 32 <SV = 31> <Delay = 1.16>
ST_32 : Operation 190 [6/21] (1.16ns)   --->   "%ret_V = udiv i17 %sub_ln701_18, %p_Val2_3" [src/JET.h:187->src/JET.cpp:43]   --->   Operation 190 'udiv' 'ret_V' <Predicate = (!icmp_ln185)> <Delay = 1.16> <Core = "DivnS">   --->   Core 23 'DivnS' <Latency = 20> <II = 1> <Delay = 1.16> <FuncUnit> <Opcode : 'sdiv' 'srem' 'udiv' 'urem'> <InPorts = 2> <OutPorts = 1>

State 33 <SV = 32> <Delay = 1.16>
ST_33 : Operation 191 [5/21] (1.16ns)   --->   "%ret_V = udiv i17 %sub_ln701_18, %p_Val2_3" [src/JET.h:187->src/JET.cpp:43]   --->   Operation 191 'udiv' 'ret_V' <Predicate = (!icmp_ln185)> <Delay = 1.16> <Core = "DivnS">   --->   Core 23 'DivnS' <Latency = 20> <II = 1> <Delay = 1.16> <FuncUnit> <Opcode : 'sdiv' 'srem' 'udiv' 'urem'> <InPorts = 2> <OutPorts = 1>

State 34 <SV = 33> <Delay = 1.16>
ST_34 : Operation 192 [1/1] (0.00ns)   --->   "call void @_ssdm_op_Write.ap_auto.i32P(i32* %met_pt2_V, i32 %tmp_V)" [src/JET.cpp:41]   --->   Operation 192 'write' <Predicate = true> <Delay = 0.00>
ST_34 : Operation 193 [4/21] (1.16ns)   --->   "%ret_V = udiv i17 %sub_ln701_18, %p_Val2_3" [src/JET.h:187->src/JET.cpp:43]   --->   Operation 193 'udiv' 'ret_V' <Predicate = (!icmp_ln185)> <Delay = 1.16> <Core = "DivnS">   --->   Core 23 'DivnS' <Latency = 20> <II = 1> <Delay = 1.16> <FuncUnit> <Opcode : 'sdiv' 'srem' 'udiv' 'urem'> <InPorts = 2> <OutPorts = 1>

State 35 <SV = 34> <Delay = 1.16>
ST_35 : Operation 194 [3/21] (1.16ns)   --->   "%ret_V = udiv i17 %sub_ln701_18, %p_Val2_3" [src/JET.h:187->src/JET.cpp:43]   --->   Operation 194 'udiv' 'ret_V' <Predicate = (!icmp_ln185)> <Delay = 1.16> <Core = "DivnS">   --->   Core 23 'DivnS' <Latency = 20> <II = 1> <Delay = 1.16> <FuncUnit> <Opcode : 'sdiv' 'srem' 'udiv' 'urem'> <InPorts = 2> <OutPorts = 1>

State 36 <SV = 35> <Delay = 1.16>
ST_36 : Operation 195 [2/21] (1.16ns)   --->   "%ret_V = udiv i17 %sub_ln701_18, %p_Val2_3" [src/JET.h:187->src/JET.cpp:43]   --->   Operation 195 'udiv' 'ret_V' <Predicate = (!icmp_ln185)> <Delay = 1.16> <Core = "DivnS">   --->   Core 23 'DivnS' <Latency = 20> <II = 1> <Delay = 1.16> <FuncUnit> <Opcode : 'sdiv' 'srem' 'udiv' 'urem'> <InPorts = 2> <OutPorts = 1>

State 37 <SV = 36> <Delay = 1.74>
ST_37 : Operation 196 [1/21] (1.16ns)   --->   "%ret_V = udiv i17 %sub_ln701_18, %p_Val2_3" [src/JET.h:187->src/JET.cpp:43]   --->   Operation 196 'udiv' 'ret_V' <Predicate = (!icmp_ln185)> <Delay = 1.16> <Core = "DivnS">   --->   Core 23 'DivnS' <Latency = 20> <II = 1> <Delay = 1.16> <FuncUnit> <Opcode : 'sdiv' 'srem' 'udiv' 'urem'> <InPorts = 2> <OutPorts = 1>
ST_37 : Operation 197 [1/1] (0.00ns) (grouped into LUT with out node sub_ln1371)   --->   "%trunc_ln1371_1 = call i16 @_ssdm_op_PartSelect.i16.i17.i32.i32(i17 %ret_V, i32 1, i32 16)" [src/JET.h:187->src/JET.cpp:43]   --->   Operation 197 'partselect' 'trunc_ln1371_1' <Predicate = (!icmp_ln185)> <Delay = 0.00>
ST_37 : Operation 198 [1/1] (0.00ns) (grouped into LUT with out node sub_ln1371)   --->   "%xor_ln1371 = xor i16 %trunc_ln1371_1, -1" [src/JET.h:187->src/JET.cpp:43]   --->   Operation 198 'xor' 'xor_ln1371' <Predicate = (!icmp_ln185)> <Delay = 0.00> <Core = "LogicGate">   --->   Core 27 'LogicGate' <Latency = 0> <II = 1> <Delay = 0.12> <FuncUnit> <Opcode : 'and' 'or' 'xor'> <InPorts = 2> <OutPorts = 1>
ST_37 : Operation 199 [1/1] (0.00ns) (grouped into LUT with out node sub_ln1371)   --->   "%sext_ln1371_1 = sext i16 %xor_ln1371 to i18" [src/JET.h:187->src/JET.cpp:43]   --->   Operation 199 'sext' 'sext_ln1371_1' <Predicate = (!icmp_ln185)> <Delay = 0.00>
ST_37 : Operation 200 [1/1] (0.00ns) (grouped into LUT with out node sub_ln1371)   --->   "%zext_ln1371 = zext i18 %sext_ln1371_1 to i19" [src/JET.h:187->src/JET.cpp:43]   --->   Operation 200 'zext' 'zext_ln1371' <Predicate = (!icmp_ln185)> <Delay = 0.00>
ST_37 : Operation 201 [1/1] (0.58ns) (out node of the LUT)   --->   "%sub_ln1371 = sub i19 0, %zext_ln1371" [src/JET.h:187->src/JET.cpp:43]   --->   Operation 201 'sub' 'sub_ln1371' <Predicate = (!icmp_ln185)> <Delay = 0.58> <Core = "AddSub">   --->   Core 14 'AddSub' <Latency = 0> <II = 1> <Delay = 0.40> <FuncUnit> <Opcode : 'add' 'sub'> <InPorts = 2> <OutPorts = 1>

State 38 <SV = 37> <Delay = 3.07>
ST_38 : Operation 202 [1/1] (0.00ns)   --->   "%sext_ln1371 = sext i17 %ret_V to i18" [src/JET.h:187->src/JET.cpp:43]   --->   Operation 202 'sext' 'sext_ln1371' <Predicate = (!icmp_ln185)> <Delay = 0.00>
ST_38 : Operation 203 [1/1] (0.59ns)   --->   "%add_ln1371 = add i18 1, %sext_ln1371" [src/JET.h:187->src/JET.cpp:43]   --->   Operation 203 'add' 'add_ln1371' <Predicate = (!icmp_ln185)> <Delay = 0.59> <Core = "AddSub">   --->   Core 14 'AddSub' <Latency = 0> <II = 1> <Delay = 0.40> <FuncUnit> <Opcode : 'add' 'sub'> <InPorts = 2> <OutPorts = 1>
ST_38 : Operation 204 [1/1] (0.00ns)   --->   "%tmp = call i1 @_ssdm_op_BitSelect.i1.i18.i32(i18 %add_ln1371, i32 17)" [src/JET.h:187->src/JET.cpp:43]   --->   Operation 204 'bitselect' 'tmp' <Predicate = (!icmp_ln185)> <Delay = 0.00>
ST_38 : Operation 205 [1/1] (0.00ns)   --->   "%trunc_ln1371_2 = call i17 @_ssdm_op_PartSelect.i17.i18.i32.i32(i18 %add_ln1371, i32 1, i32 17)" [src/JET.h:187->src/JET.cpp:43]   --->   Operation 205 'partselect' 'trunc_ln1371_2' <Predicate = (!icmp_ln185)> <Delay = 0.00>
ST_38 : Operation 206 [1/1] (0.00ns)   --->   "%sext_ln1371_2 = sext i17 %trunc_ln1371_2 to i18" [src/JET.h:187->src/JET.cpp:43]   --->   Operation 206 'sext' 'sext_ln1371_2' <Predicate = (!icmp_ln185)> <Delay = 0.00>
ST_38 : Operation 207 [1/1] (0.00ns)   --->   "%zext_ln1371_1 = zext i18 %sext_ln1371_2 to i19" [src/JET.h:187->src/JET.cpp:43]   --->   Operation 207 'zext' 'zext_ln1371_1' <Predicate = (!icmp_ln185)> <Delay = 0.00>
ST_38 : Operation 208 [1/1] (0.31ns)   --->   "%select_ln1371 = select i1 %tmp, i19 %sub_ln1371, i19 %zext_ln1371_1" [src/JET.h:187->src/JET.cpp:43]   --->   Operation 208 'select' 'select_ln1371' <Predicate = (!icmp_ln185)> <Delay = 0.31> <Core = "Sel">   --->   Core 26 'Sel' <Latency = 0> <II = 1> <Delay = 0.30> <FuncUnit> <Opcode : 'select'> <InPorts = 3> <OutPorts = 1>
ST_38 : Operation 209 [1/1] (0.00ns)   --->   "%trunc_ln187 = trunc i19 %select_ln1371 to i18" [src/JET.h:187->src/JET.cpp:43]   --->   Operation 209 'trunc' 'trunc_ln187' <Predicate = (!icmp_ln185)> <Delay = 0.00>
ST_38 : Operation 210 [1/1] (0.69ns)   --->   "%icmp_ln189 = icmp ne i18 %trunc_ln187, 0" [src/JET.h:189->src/JET.cpp:43]   --->   Operation 210 'icmp' 'icmp_ln189' <Predicate = (!icmp_ln185)> <Delay = 0.69> <Core = "Cmp">   --->   Core 25 'Cmp' <Latency = 0> <II = 1> <Delay = 0.69> <FuncUnit> <Opcode : 'icmp'> <InPorts = 2> <OutPorts = 1>
ST_38 : Operation 211 [1/1] (0.00ns) (grouped into LUT with out node select_ln190)   --->   "%tmp_30 = call i1 @_ssdm_op_BitSelect.i1.i19.i32(i19 %select_ln1371, i32 18)" [src/JET.h:189->src/JET.cpp:43]   --->   Operation 211 'bitselect' 'tmp_30' <Predicate = (!icmp_ln185)> <Delay = 0.00>
ST_38 : Operation 212 [1/1] (0.00ns) (grouped into LUT with out node select_ln190)   --->   "%xor_ln189 = xor i1 %tmp_30, true" [src/JET.h:189->src/JET.cpp:43]   --->   Operation 212 'xor' 'xor_ln189' <Predicate = (!icmp_ln185)> <Delay = 0.00> <Core = "LogicGate">   --->   Core 27 'LogicGate' <Latency = 0> <II = 1> <Delay = 0.12> <FuncUnit> <Opcode : 'and' 'or' 'xor'> <InPorts = 2> <OutPorts = 1>
ST_38 : Operation 213 [1/1] (0.00ns) (grouped into LUT with out node select_ln190)   --->   "%and_ln189 = and i1 %icmp_ln189, %xor_ln189" [src/JET.h:189->src/JET.cpp:43]   --->   Operation 213 'and' 'and_ln189' <Predicate = (!icmp_ln185)> <Delay = 0.00> <Core = "LogicGate">   --->   Core 27 'LogicGate' <Latency = 0> <II = 1> <Delay = 0.12> <FuncUnit> <Opcode : 'and' 'or' 'xor'> <InPorts = 2> <OutPorts = 1>
ST_38 : Operation 214 [1/1] (0.30ns) (out node of the LUT)   --->   "%select_ln190 = select i1 %and_ln189, i64 127, i64 0" [src/JET.h:190->src/JET.cpp:43]   --->   Operation 214 'select' 'select_ln190' <Predicate = (!icmp_ln185)> <Delay = 0.30> <Core = "Sel">   --->   Core 26 'Sel' <Latency = 0> <II = 1> <Delay = 0.30> <FuncUnit> <Opcode : 'select'> <InPorts = 3> <OutPorts = 1>
ST_38 : Operation 215 [1/1] (0.00ns)   --->   "%atan_table4_addr = getelementptr [128 x i7]* @atan_table4, i64 0, i64 %select_ln190" [src/JET.h:190->src/JET.cpp:43]   --->   Operation 215 'getelementptr' 'atan_table4_addr' <Predicate = (!icmp_ln185)> <Delay = 0.00>
ST_38 : Operation 216 [2/2] (1.15ns)   --->   "%atan_table4_load = load i7* %atan_table4_addr, align 1" [src/JET.h:190->src/JET.cpp:43]   --->   Operation 216 'load' 'atan_table4_load' <Predicate = (!icmp_ln185)> <Delay = 1.15> <Core = "ROM_nP">   --->   Core 52 'ROM_nP' <Latency = 1> <II = 1> <Delay = 1.15> <Storage> <Opcode : 'load'> <Ports = 0> <Width = 7> <Depth = 128> <ROM>

State 39 <SV = 38> <Delay = 2.46>
ST_39 : Operation 217 [1/1] (0.00ns)   --->   "call void (...)* @_ssdm_op_SpecBitsMap(i11* %jet_phi_9_V), !map !255"   --->   Operation 217 'specbitsmap' <Predicate = true> <Delay = 0.00>
ST_39 : Operation 218 [1/1] (0.00ns)   --->   "call void (...)* @_ssdm_op_SpecBitsMap(i11* %jet_phi_8_V), !map !261"   --->   Operation 218 'specbitsmap' <Predicate = true> <Delay = 0.00>
ST_39 : Operation 219 [1/1] (0.00ns)   --->   "call void (...)* @_ssdm_op_SpecBitsMap(i11* %jet_phi_7_V), !map !267"   --->   Operation 219 'specbitsmap' <Predicate = true> <Delay = 0.00>
ST_39 : Operation 220 [1/1] (0.00ns)   --->   "call void (...)* @_ssdm_op_SpecBitsMap(i11* %jet_phi_6_V), !map !273"   --->   Operation 220 'specbitsmap' <Predicate = true> <Delay = 0.00>
ST_39 : Operation 221 [1/1] (0.00ns)   --->   "call void (...)* @_ssdm_op_SpecBitsMap(i11* %jet_phi_5_V), !map !279"   --->   Operation 221 'specbitsmap' <Predicate = true> <Delay = 0.00>
ST_39 : Operation 222 [1/1] (0.00ns)   --->   "call void (...)* @_ssdm_op_SpecBitsMap(i11* %jet_phi_4_V), !map !285"   --->   Operation 222 'specbitsmap' <Predicate = true> <Delay = 0.00>
ST_39 : Operation 223 [1/1] (0.00ns)   --->   "call void (...)* @_ssdm_op_SpecBitsMap(i11* %jet_phi_3_V), !map !291"   --->   Operation 223 'specbitsmap' <Predicate = true> <Delay = 0.00>
ST_39 : Operation 224 [1/1] (0.00ns)   --->   "call void (...)* @_ssdm_op_SpecBitsMap(i11* %jet_phi_2_V), !map !297"   --->   Operation 224 'specbitsmap' <Predicate = true> <Delay = 0.00>
ST_39 : Operation 225 [1/1] (0.00ns)   --->   "call void (...)* @_ssdm_op_SpecBitsMap(i11* %jet_phi_1_V), !map !303"   --->   Operation 225 'specbitsmap' <Predicate = true> <Delay = 0.00>
ST_39 : Operation 226 [1/1] (0.00ns)   --->   "call void (...)* @_ssdm_op_SpecBitsMap(i11* %jet_phi_0_V), !map !309"   --->   Operation 226 'specbitsmap' <Predicate = true> <Delay = 0.00>
ST_39 : Operation 227 [1/1] (0.00ns)   --->   "call void (...)* @_ssdm_op_SpecBitsMap(i16* %jet_pt_9_V), !map !315"   --->   Operation 227 'specbitsmap' <Predicate = true> <Delay = 0.00>
ST_39 : Operation 228 [1/1] (0.00ns)   --->   "call void (...)* @_ssdm_op_SpecBitsMap(i16* %jet_pt_8_V), !map !319"   --->   Operation 228 'specbitsmap' <Predicate = true> <Delay = 0.00>
ST_39 : Operation 229 [1/1] (0.00ns)   --->   "call void (...)* @_ssdm_op_SpecBitsMap(i16* %jet_pt_7_V), !map !323"   --->   Operation 229 'specbitsmap' <Predicate = true> <Delay = 0.00>
ST_39 : Operation 230 [1/1] (0.00ns)   --->   "call void (...)* @_ssdm_op_SpecBitsMap(i16* %jet_pt_6_V), !map !327"   --->   Operation 230 'specbitsmap' <Predicate = true> <Delay = 0.00>
ST_39 : Operation 231 [1/1] (0.00ns)   --->   "call void (...)* @_ssdm_op_SpecBitsMap(i16* %jet_pt_5_V), !map !331"   --->   Operation 231 'specbitsmap' <Predicate = true> <Delay = 0.00>
ST_39 : Operation 232 [1/1] (0.00ns)   --->   "call void (...)* @_ssdm_op_SpecBitsMap(i16* %jet_pt_4_V), !map !335"   --->   Operation 232 'specbitsmap' <Predicate = true> <Delay = 0.00>
ST_39 : Operation 233 [1/1] (0.00ns)   --->   "call void (...)* @_ssdm_op_SpecBitsMap(i16* %jet_pt_3_V), !map !339"   --->   Operation 233 'specbitsmap' <Predicate = true> <Delay = 0.00>
ST_39 : Operation 234 [1/1] (0.00ns)   --->   "call void (...)* @_ssdm_op_SpecBitsMap(i16* %jet_pt_2_V), !map !343"   --->   Operation 234 'specbitsmap' <Predicate = true> <Delay = 0.00>
ST_39 : Operation 235 [1/1] (0.00ns)   --->   "call void (...)* @_ssdm_op_SpecBitsMap(i16* %jet_pt_1_V), !map !347"   --->   Operation 235 'specbitsmap' <Predicate = true> <Delay = 0.00>
ST_39 : Operation 236 [1/1] (0.00ns)   --->   "call void (...)* @_ssdm_op_SpecBitsMap(i16* %jet_pt_0_V), !map !351"   --->   Operation 236 'specbitsmap' <Predicate = true> <Delay = 0.00>
ST_39 : Operation 237 [1/1] (0.00ns)   --->   "call void (...)* @_ssdm_op_SpecBitsMap(i32* %met_pt2_V), !map !355"   --->   Operation 237 'specbitsmap' <Predicate = true> <Delay = 0.00>
ST_39 : Operation 238 [1/1] (0.00ns)   --->   "call void (...)* @_ssdm_op_SpecBitsMap(i11* %met_phi_V), !map !361"   --->   Operation 238 'specbitsmap' <Predicate = true> <Delay = 0.00>
ST_39 : Operation 239 [1/1] (0.00ns)   --->   "call void (...)* @_ssdm_op_SpecTopModule([7 x i8]* @jet_hw_str) nounwind"   --->   Operation 239 'spectopmodule' <Predicate = true> <Delay = 0.00>
ST_39 : Operation 240 [1/1] (0.00ns)   --->   "call void (...)* @_ssdm_op_SpecPipeline(i32 6, i32 1, i32 1, i32 0, [1 x i8]* @p_str1) nounwind" [src/JET.cpp:18]   --->   Operation 240 'specpipeline' <Predicate = true> <Delay = 0.00>
ST_39 : Operation 241 [1/2] (1.15ns)   --->   "%atan_table4_load = load i7* %atan_table4_addr, align 1" [src/JET.h:190->src/JET.cpp:43]   --->   Operation 241 'load' 'atan_table4_load' <Predicate = (!icmp_ln185)> <Delay = 1.15> <Core = "ROM_nP">   --->   Core 52 'ROM_nP' <Latency = 1> <II = 1> <Delay = 1.15> <Storage> <Opcode : 'load'> <Ports = 0> <Width = 7> <Depth = 128> <ROM>
ST_39 : Operation 242 [1/1] (0.00ns)   --->   "%zext_ln887 = zext i7 %atan_table4_load to i8" [src/JET.h:191->src/JET.cpp:43]   --->   Operation 242 'zext' 'zext_ln887' <Predicate = (!icmp_ln185)> <Delay = 0.00>
ST_39 : Operation 243 [1/1] (0.40ns)   --->   "%sub_ln68 = sub i8 0, %zext_ln887" [src/JET.h:191->src/JET.cpp:43]   --->   Operation 243 'sub' 'sub_ln68' <Predicate = (!icmp_ln185 & tmp_31)> <Delay = 0.40> <Core = "AddSub">   --->   Core 14 'AddSub' <Latency = 0> <II = 1> <Delay = 0.40> <FuncUnit> <Opcode : 'add' 'sub'> <InPorts = 2> <OutPorts = 1>
ST_39 : Operation 244 [1/1] (0.30ns)   --->   "%select_ln191 = select i1 %tmp_31, i8 %sub_ln68, i8 %zext_ln887" [src/JET.h:191->src/JET.cpp:43]   --->   Operation 244 'select' 'select_ln191' <Predicate = (!icmp_ln185)> <Delay = 0.30> <Core = "Sel">   --->   Core 26 'Sel' <Latency = 0> <II = 1> <Delay = 0.30> <FuncUnit> <Opcode : 'select'> <InPorts = 3> <OutPorts = 1>
ST_39 : Operation 245 [1/1] (0.60ns)   --->   "br label %"PhiFromXY<ap_int<17>, ap_int<11>, ap_uint<32> >.exit"" [src/JET.h:219->src/JET.cpp:43]   --->   Operation 245 'br' <Predicate = (!icmp_ln185)> <Delay = 0.60>
ST_39 : Operation 246 [1/1] (0.00ns)   --->   "%ssdm_int_V_write_ass = phi i8 [ %select_ln191, %._crit_edge.i ], [ 0, %0 ]" [src/JET.h:191->src/JET.cpp:43]   --->   Operation 246 'phi' 'ssdm_int_V_write_ass' <Predicate = true> <Delay = 0.00>
ST_39 : Operation 247 [1/1] (0.00ns)   --->   "%sext_ln179 = sext i8 %ssdm_int_V_write_ass to i11" [src/JET.h:191->src/JET.cpp:43]   --->   Operation 247 'sext' 'sext_ln179' <Predicate = true> <Delay = 0.00>
ST_39 : Operation 248 [1/1] (0.00ns)   --->   "call void @_ssdm_op_Write.ap_auto.i11P(i11* %met_phi_V, i11 %sext_ln179)" [src/JET.cpp:43]   --->   Operation 248 'write' <Predicate = true> <Delay = 0.00>
ST_39 : Operation 249 [1/1] (0.00ns)   --->   "ret void" [src/JET.cpp:45]   --->   Operation 249 'ret' <Predicate = true> <Delay = 0.00>


============================================================
+ Verbose Summary: Timing violations
============================================================
Target clock period: 4.17ns, clock uncertainty: 0.521ns.

 <State 1>: 2.92ns
The critical path consists of the following:
	wire read on port 'jet_pt_0_V' (src/JET.cpp:29) [50]  (0 ns)
	'call' operation ('call_ret5', src/JET.cpp:29) to 'ProjX' [52]  (2.92 ns)

 <State 2>: 3.19ns
The critical path consists of the following:
	'call' operation ('call_ret5', src/JET.cpp:29) to 'ProjX' [52]  (3.19 ns)

 <State 3>: 3.19ns
The critical path consists of the following:
	'call' operation ('call_ret5', src/JET.cpp:29) to 'ProjX' [52]  (3.19 ns)

 <State 4>: 3.19ns
The critical path consists of the following:
	'call' operation ('call_ret5_2', src/JET.cpp:29) to 'ProjX' [64]  (3.19 ns)

 <State 5>: 3.19ns
The critical path consists of the following:
	'call' operation ('call_ret5_4', src/JET.cpp:29) to 'ProjX' [76]  (3.19 ns)

 <State 6>: 3.19ns
The critical path consists of the following:
	'call' operation ('call_ret5_6', src/JET.cpp:29) to 'ProjX' [88]  (3.19 ns)

 <State 7>: 3.19ns
The critical path consists of the following:
	'call' operation ('call_ret5_8', src/JET.cpp:29) to 'ProjX' [100]  (3.19 ns)

 <State 8>: 1.55ns
The critical path consists of the following:
	'call' operation ('call_ret5_8', src/JET.cpp:29) to 'ProjX' [100]  (0.876 ns)
	'sub' operation ('sub_ln701_16', src/JET.cpp:32) [102]  (0 ns)
	'sub' operation ('sub_ln701_18', src/JET.cpp:32) [108]  (0.678 ns)

 <State 9>: 2.53ns
The critical path consists of the following:
	'mul' operation of DSP[113] ('mul_ln214_1', src/JET.cpp:41) [113]  (2.53 ns)

 <State 10>: 2.53ns
The critical path consists of the following:
	'mul' operation of DSP[114] ('mul_ln214', src/JET.cpp:41) [111]  (0.494 ns)
	'add' operation of DSP[114] ('tmp.V', src/JET.cpp:41) [114]  (2.04 ns)

 <State 11>: 2.15ns
The critical path consists of the following:
	'call' operation ('p_Val2_3', /data1/scratch/syan/HLS_2019_2/Vivado/2019.1/common/technology/autopilot/hls_sqrt_apfixed.h:386->/data1/scratch/syan/HLS_2019_2/Vivado/2019.1/common/technology/autopilot/hls_math.h:1280->src/JET.h:187->src/JET.cpp:43) to 'sqrt_fixed<33, 33>' [120]  (2.15 ns)

 <State 12>: 3.61ns
The critical path consists of the following:
	'call' operation ('p_Val2_3', /data1/scratch/syan/HLS_2019_2/Vivado/2019.1/common/technology/autopilot/hls_sqrt_apfixed.h:386->/data1/scratch/syan/HLS_2019_2/Vivado/2019.1/common/technology/autopilot/hls_math.h:1280->src/JET.h:187->src/JET.cpp:43) to 'sqrt_fixed<33, 33>' [120]  (3.61 ns)

 <State 13>: 3.61ns
The critical path consists of the following:
	'call' operation ('p_Val2_3', /data1/scratch/syan/HLS_2019_2/Vivado/2019.1/common/technology/autopilot/hls_sqrt_apfixed.h:386->/data1/scratch/syan/HLS_2019_2/Vivado/2019.1/common/technology/autopilot/hls_math.h:1280->src/JET.h:187->src/JET.cpp:43) to 'sqrt_fixed<33, 33>' [120]  (3.61 ns)

 <State 14>: 3.61ns
The critical path consists of the following:
	'call' operation ('p_Val2_3', /data1/scratch/syan/HLS_2019_2/Vivado/2019.1/common/technology/autopilot/hls_sqrt_apfixed.h:386->/data1/scratch/syan/HLS_2019_2/Vivado/2019.1/common/technology/autopilot/hls_math.h:1280->src/JET.h:187->src/JET.cpp:43) to 'sqrt_fixed<33, 33>' [120]  (3.61 ns)

 <State 15>: 3.61ns
The critical path consists of the following:
	'call' operation ('p_Val2_3', /data1/scratch/syan/HLS_2019_2/Vivado/2019.1/common/technology/autopilot/hls_sqrt_apfixed.h:386->/data1/scratch/syan/HLS_2019_2/Vivado/2019.1/common/technology/autopilot/hls_math.h:1280->src/JET.h:187->src/JET.cpp:43) to 'sqrt_fixed<33, 33>' [120]  (3.61 ns)

 <State 16>: 3.44ns
The critical path consists of the following:
	'call' operation ('p_Val2_3', /data1/scratch/syan/HLS_2019_2/Vivado/2019.1/common/technology/autopilot/hls_sqrt_apfixed.h:386->/data1/scratch/syan/HLS_2019_2/Vivado/2019.1/common/technology/autopilot/hls_math.h:1280->src/JET.h:187->src/JET.cpp:43) to 'sqrt_fixed<33, 33>' [120]  (3.44 ns)

 <State 17>: 1.17ns
The critical path consists of the following:
	'udiv' operation ('ret.V', src/JET.h:187->src/JET.cpp:43) [121]  (1.17 ns)

 <State 18>: 1.17ns
The critical path consists of the following:
	'udiv' operation ('ret.V', src/JET.h:187->src/JET.cpp:43) [121]  (1.17 ns)

 <State 19>: 1.17ns
The critical path consists of the following:
	'udiv' operation ('ret.V', src/JET.h:187->src/JET.cpp:43) [121]  (1.17 ns)

 <State 20>: 1.17ns
The critical path consists of the following:
	'udiv' operation ('ret.V', src/JET.h:187->src/JET.cpp:43) [121]  (1.17 ns)

 <State 21>: 1.17ns
The critical path consists of the following:
	'udiv' operation ('ret.V', src/JET.h:187->src/JET.cpp:43) [121]  (1.17 ns)

 <State 22>: 1.17ns
The critical path consists of the following:
	'udiv' operation ('ret.V', src/JET.h:187->src/JET.cpp:43) [121]  (1.17 ns)

 <State 23>: 1.17ns
The critical path consists of the following:
	'udiv' operation ('ret.V', src/JET.h:187->src/JET.cpp:43) [121]  (1.17 ns)

 <State 24>: 1.17ns
The critical path consists of the following:
	'udiv' operation ('ret.V', src/JET.h:187->src/JET.cpp:43) [121]  (1.17 ns)

 <State 25>: 1.17ns
The critical path consists of the following:
	'udiv' operation ('ret.V', src/JET.h:187->src/JET.cpp:43) [121]  (1.17 ns)

 <State 26>: 1.17ns
The critical path consists of the following:
	'udiv' operation ('ret.V', src/JET.h:187->src/JET.cpp:43) [121]  (1.17 ns)

 <State 27>: 1.17ns
The critical path consists of the following:
	'udiv' operation ('ret.V', src/JET.h:187->src/JET.cpp:43) [121]  (1.17 ns)

 <State 28>: 1.17ns
The critical path consists of the following:
	'udiv' operation ('ret.V', src/JET.h:187->src/JET.cpp:43) [121]  (1.17 ns)

 <State 29>: 1.17ns
The critical path consists of the following:
	'udiv' operation ('ret.V', src/JET.h:187->src/JET.cpp:43) [121]  (1.17 ns)

 <State 30>: 1.17ns
The critical path consists of the following:
	'udiv' operation ('ret.V', src/JET.h:187->src/JET.cpp:43) [121]  (1.17 ns)

 <State 31>: 1.17ns
The critical path consists of the following:
	'udiv' operation ('ret.V', src/JET.h:187->src/JET.cpp:43) [121]  (1.17 ns)

 <State 32>: 1.17ns
The critical path consists of the following:
	'udiv' operation ('ret.V', src/JET.h:187->src/JET.cpp:43) [121]  (1.17 ns)

 <State 33>: 1.17ns
The critical path consists of the following:
	'udiv' operation ('ret.V', src/JET.h:187->src/JET.cpp:43) [121]  (1.17 ns)

 <State 34>: 1.17ns
The critical path consists of the following:
	'udiv' operation ('ret.V', src/JET.h:187->src/JET.cpp:43) [121]  (1.17 ns)

 <State 35>: 1.17ns
The critical path consists of the following:
	'udiv' operation ('ret.V', src/JET.h:187->src/JET.cpp:43) [121]  (1.17 ns)

 <State 36>: 1.17ns
The critical path consists of the following:
	'udiv' operation ('ret.V', src/JET.h:187->src/JET.cpp:43) [121]  (1.17 ns)

 <State 37>: 1.75ns
The critical path consists of the following:
	'udiv' operation ('ret.V', src/JET.h:187->src/JET.cpp:43) [121]  (1.17 ns)
	'xor' operation ('xor_ln1371', src/JET.h:187->src/JET.cpp:43) [126]  (0 ns)
	'sub' operation ('sub_ln1371', src/JET.h:187->src/JET.cpp:43) [129]  (0.582 ns)

 <State 38>: 3.07ns
The critical path consists of the following:
	'add' operation ('add_ln1371', src/JET.h:187->src/JET.cpp:43) [123]  (0.595 ns)
	'select' operation ('select_ln1371', src/JET.h:187->src/JET.cpp:43) [133]  (0.319 ns)
	'icmp' operation ('icmp_ln189', src/JET.h:189->src/JET.cpp:43) [135]  (0.699 ns)
	'and' operation ('and_ln189', src/JET.h:189->src/JET.cpp:43) [138]  (0 ns)
	'select' operation ('select_ln190', src/JET.h:190->src/JET.cpp:43) [139]  (0.303 ns)
	'getelementptr' operation ('atan_table4_addr', src/JET.h:190->src/JET.cpp:43) [140]  (0 ns)
	'load' operation ('atan_table4_load', src/JET.h:190->src/JET.cpp:43) on array 'atan_table4' [141]  (1.16 ns)

 <State 39>: 2.47ns
The critical path consists of the following:
	'load' operation ('atan_table4_load', src/JET.h:190->src/JET.cpp:43) on array 'atan_table4' [141]  (1.16 ns)
	'sub' operation ('sub_ln68', src/JET.h:191->src/JET.cpp:43) [144]  (0.404 ns)
	'select' operation ('select_ln191', src/JET.h:191->src/JET.cpp:43) [145]  (0.303 ns)
	multiplexor before 'phi' operation ('ssdm_int<11 + 1024 * 0, true>.V', src/JET.h:191->src/JET.cpp:43) with incoming values : ('select_ln191', src/JET.h:191->src/JET.cpp:43) [148]  (0.603 ns)
	'phi' operation ('ssdm_int<11 + 1024 * 0, true>.V', src/JET.h:191->src/JET.cpp:43) with incoming values : ('select_ln191', src/JET.h:191->src/JET.cpp:43) [148]  (0 ns)


============================================================
+ Verbose Summary: Binding
============================================================
N/A
* FSMD analyzer results:
  - Output states:
 - Input state : 
  - Chain level:
	State 1
	State 2
	State 3
	State 4
	State 5
	State 6
	State 7
	State 8
	State 9
	State 10
	State 11
	State 12
	State 13
	State 14
	State 15
	State 16
	State 17
	State 18
	State 19
	State 20
	State 21
	State 22
	State 23
	State 24
	State 25
	State 26
	State 27
	State 28
	State 29
	State 30
	State 31
	State 32
	State 33
	State 34
	State 35
	State 36
	State 37
	State 38
	State 39


============================================================
+ Verbose Summary: Datapath Resource usage 
============================================================
N/A
