

================================================================
== Vivado HLS Report for 'sqrt_fixed_33_33_s'
================================================================
* Date:           Sun Dec  5 18:58:34 2021

* Version:        2019.1 (Build 2552052 on Fri May 24 15:28:33 MDT 2019)
* Project:        proj0
* Solution:       solution1
* Product family: virtexuplus
* Target device:  xcvu9p-flga2104-2L-e


================================================================
== Performance Estimates
================================================================
+ Timing (ns): 
    * Summary: 
    +--------+-------+----------+------------+
    |  Clock | Target| Estimated| Uncertainty|
    +--------+-------+----------+------------+
    |ap_clk  |   4.17|     3.611|        0.52|
    +--------+-------+----------+------------+

+ Latency (clock cycles): 
    * Summary: 
    +-----+-----+-----+-----+----------+
    |  Latency  |  Interval | Pipeline |
    | min | max | min | max |   Type   |
    +-----+-----+-----+-----+----------+
    |    4|    4|    1|    1| function |
    +-----+-----+-----+-----+----------+

    + Detail: 
        * Instance: 
        N/A

        * Loop: 
        N/A

============================================================
+ Verbose Summary: Synthesis Manager
============================================================
InlineROM: 1
ExposeGlobal: 0
============================================================
+ Verbose Summary: CDFG Model
============================================================
IsTopModel: 0
ResetActiveHigh: 1
IsCombinational: 0
IsDatapathOnly: 0
HasWiredReturn: 1
HasMFsm: 2
HasVarLatency: 0
IsPipeline: 1
IsRtlPipelined: 1
IsInstanceOverlapped: 0
IsDontTouch: 0
HasImplIP: 0
IsGatedGlobalClock: 0

+ Individual pipeline summary: 
  * Pipeline-0: initiation interval (II) = 1, depth = 5


============================================================
+ Verbose Summary: Schedule
============================================================
* Number of FSM states : 5
* Pipeline : 1
  Pipeline-0 : II = 1, D = 5, States = { 1 2 3 4 5 }
* Dataflow Pipeline: 0

* FSM state transitions: 
1 --> 2 
2 --> 3 
3 --> 4 
4 --> 5 
5 --> 

* FSM state operations: 

State 1 <SV = 0> <Delay = 2.14>
ST_1 : Operation 6 [1/1] (0.00ns)   --->   "%x_V_read = call i32 @_ssdm_op_Read.ap_auto.i32(i32 %x_V)" [/data1/scratch/syan/HLS_2019_2/Vivado/2019.1/common/technology/autopilot/hls_sqrt_apfixed.h:53]   --->   Operation 6 'read' 'x_V_read' <Predicate = true> <Delay = 0.00>
ST_1 : Operation 7 [1/1] (0.00ns)   --->   "%x_l_I_V = zext i32 %x_V_read to i36" [/data1/scratch/syan/HLS_2019_2/Vivado/2019.1/common/technology/autopilot/hls_sqrt_apfixed.h:235]   --->   Operation 7 'zext' 'x_l_I_V' <Predicate = true> <Delay = 0.00>
ST_1 : Operation 8 [1/1] (0.00ns)   --->   "%tmp = call i2 @_ssdm_op_PartSelect.i2.i32.i32.i32(i32 %x_V_read, i32 30, i32 31)" [/data1/scratch/syan/HLS_2019_2/Vivado/2019.1/common/technology/autopilot/hls_sqrt_apfixed.h:281]   --->   Operation 8 'partselect' 'tmp' <Predicate = true> <Delay = 0.00>
ST_1 : Operation 9 [1/1] (0.00ns)   --->   "%zext_ln488_15 = zext i2 %tmp to i3" [/data1/scratch/syan/HLS_2019_2/Vivado/2019.1/common/technology/autopilot/hls_sqrt_apfixed.h:281]   --->   Operation 9 'zext' 'zext_ln488_15' <Predicate = true> <Delay = 0.00>
ST_1 : Operation 10 [1/1] (0.34ns)   --->   "%icmp_ln488 = icmp eq i2 %tmp, 0" [/data1/scratch/syan/HLS_2019_2/Vivado/2019.1/common/technology/autopilot/hls_sqrt_apfixed.h:281]   --->   Operation 10 'icmp' 'icmp_ln488' <Predicate = true> <Delay = 0.34> <Core = "Cmp">   --->   Core 25 'Cmp' <Latency = 0> <II = 1> <Delay = 0.95> <FuncUnit> <Opcode : 'icmp'> <InPorts = 2> <OutPorts = 1>
ST_1 : Operation 11 [1/1] (0.23ns)   --->   "%add_ln248 = add i3 -1, %zext_ln488_15" [/data1/scratch/syan/HLS_2019_2/Vivado/2019.1/common/technology/autopilot/hls_sqrt_apfixed.h:286]   --->   Operation 11 'add' 'add_ln248' <Predicate = true> <Delay = 0.23> <Core = "AddSub">   --->   Core 14 'AddSub' <Latency = 0> <II = 1> <Delay = 0.59> <FuncUnit> <Opcode : 'add' 'sub'> <InPorts = 2> <OutPorts = 1>
ST_1 : Operation 12 [1/1] (0.00ns)   --->   "%sext_ln248 = sext i3 %add_ln248 to i4" [/data1/scratch/syan/HLS_2019_2/Vivado/2019.1/common/technology/autopilot/hls_sqrt_apfixed.h:286]   --->   Operation 12 'sext' 'sext_ln248' <Predicate = true> <Delay = 0.00>
ST_1 : Operation 13 [1/1] (0.00ns)   --->   "%p_Result_36_1 = call i36 @llvm.part.set.i36.i4(i36 %x_l_I_V, i4 %sext_ln248, i32 30, i32 33)" [/data1/scratch/syan/HLS_2019_2/Vivado/2019.1/common/technology/autopilot/hls_sqrt_apfixed.h:286]   --->   Operation 13 'partset' 'p_Result_36_1' <Predicate = true> <Delay = 0.00>
ST_1 : Operation 14 [1/1] (0.26ns)   --->   "%select_ln488 = select i1 %icmp_ln488, i17 0, i17 32768" [/data1/scratch/syan/HLS_2019_2/Vivado/2019.1/common/technology/autopilot/hls_sqrt_apfixed.h:281]   --->   Operation 14 'select' 'select_ln488' <Predicate = true> <Delay = 0.26> <Core = "Sel">   --->   Core 26 'Sel' <Latency = 0> <II = 1> <Delay = 0.26> <FuncUnit> <Opcode : 'select'> <InPorts = 3> <OutPorts = 1>
ST_1 : Operation 15 [1/1] (0.22ns)   --->   "%select_ln488_1 = select i1 %icmp_ln488, i36 %x_l_I_V, i36 %p_Result_36_1" [/data1/scratch/syan/HLS_2019_2/Vivado/2019.1/common/technology/autopilot/hls_sqrt_apfixed.h:281]   --->   Operation 15 'select' 'select_ln488_1' <Predicate = true> <Delay = 0.22> <Core = "Sel">   --->   Core 26 'Sel' <Latency = 0> <II = 1> <Delay = 0.26> <FuncUnit> <Opcode : 'select'> <InPorts = 3> <OutPorts = 1>
ST_1 : Operation 16 [1/1] (0.27ns)   --->   "%select_ln488_32 = select i1 %icmp_ln488, i2 0, i2 -2" [/data1/scratch/syan/HLS_2019_2/Vivado/2019.1/common/technology/autopilot/hls_sqrt_apfixed.h:281]   --->   Operation 16 'select' 'select_ln488_32' <Predicate = true> <Delay = 0.27> <Core = "Sel">   --->   Core 26 'Sel' <Latency = 0> <II = 1> <Delay = 0.26> <FuncUnit> <Opcode : 'select'> <InPorts = 3> <OutPorts = 1>
ST_1 : Operation 17 [1/1] (0.00ns)   --->   "%tmp_2 = call i3 @_ssdm_op_BitConcatenate.i3.i2.i1(i2 %select_ln488_32, i1 true)" [/data1/scratch/syan/HLS_2019_2/Vivado/2019.1/common/technology/autopilot/hls_sqrt_apfixed.h:276]   --->   Operation 17 'bitconcatenate' 'tmp_2' <Predicate = true> <Delay = 0.00>
ST_1 : Operation 18 [1/1] (0.00ns)   --->   "%p_Result_34_2 = call i5 @_ssdm_op_PartSelect.i5.i36.i32.i32(i36 %select_ln488_1, i32 28, i32 32)" [/data1/scratch/syan/HLS_2019_2/Vivado/2019.1/common/technology/autopilot/hls_sqrt_apfixed.h:281]   --->   Operation 18 'partselect' 'p_Result_34_2' <Predicate = true> <Delay = 0.00>
ST_1 : Operation 19 [1/1] (0.00ns)   --->   "%zext_ln488 = zext i3 %tmp_2 to i5" [/data1/scratch/syan/HLS_2019_2/Vivado/2019.1/common/technology/autopilot/hls_sqrt_apfixed.h:281]   --->   Operation 19 'zext' 'zext_ln488' <Predicate = true> <Delay = 0.00>
ST_1 : Operation 20 [1/1] (0.63ns)   --->   "%icmp_ln488_1 = icmp ult i5 %p_Result_34_2, %zext_ln488" [/data1/scratch/syan/HLS_2019_2/Vivado/2019.1/common/technology/autopilot/hls_sqrt_apfixed.h:281]   --->   Operation 20 'icmp' 'icmp_ln488_1' <Predicate = true> <Delay = 0.63> <Core = "Cmp">   --->   Core 25 'Cmp' <Latency = 0> <II = 1> <Delay = 0.95> <FuncUnit> <Opcode : 'icmp'> <InPorts = 2> <OutPorts = 1>
ST_1 : Operation 21 [1/1] (0.34ns)   --->   "%sub_ln248 = sub i5 %p_Result_34_2, %zext_ln488" [/data1/scratch/syan/HLS_2019_2/Vivado/2019.1/common/technology/autopilot/hls_sqrt_apfixed.h:286]   --->   Operation 21 'sub' 'sub_ln248' <Predicate = true> <Delay = 0.34> <Core = "AddSub">   --->   Core 14 'AddSub' <Latency = 0> <II = 1> <Delay = 0.59> <FuncUnit> <Opcode : 'add' 'sub'> <InPorts = 2> <OutPorts = 1>
ST_1 : Operation 22 [1/1] (0.00ns)   --->   "%p_Result_36_2 = call i36 @llvm.part.set.i36.i5(i36 %select_ln488_1, i5 %sub_ln248, i32 28, i32 32)" [/data1/scratch/syan/HLS_2019_2/Vivado/2019.1/common/technology/autopilot/hls_sqrt_apfixed.h:286]   --->   Operation 22 'partset' 'p_Result_36_2' <Predicate = true> <Delay = 0.00>
ST_1 : Operation 23 [1/1] (0.00ns)   --->   "%tmp_15 = call i17 @_ssdm_op_BitSet.i17.i17.i32.i1(i17 %select_ln488, i32 14, i1 true)" [/data1/scratch/syan/HLS_2019_2/Vivado/2019.1/common/technology/autopilot/hls_sqrt_apfixed.h:291]   --->   Operation 23 'bitset' 'tmp_15' <Predicate = true> <Delay = 0.00>
ST_1 : Operation 24 [1/1] (0.26ns)   --->   "%select_ln488_2 = select i1 %icmp_ln488_1, i17 %select_ln488, i17 %tmp_15" [/data1/scratch/syan/HLS_2019_2/Vivado/2019.1/common/technology/autopilot/hls_sqrt_apfixed.h:281]   --->   Operation 24 'select' 'select_ln488_2' <Predicate = true> <Delay = 0.26> <Core = "Sel">   --->   Core 26 'Sel' <Latency = 0> <II = 1> <Delay = 0.26> <FuncUnit> <Opcode : 'select'> <InPorts = 3> <OutPorts = 1>
ST_1 : Operation 25 [1/1] (0.22ns)   --->   "%select_ln488_3 = select i1 %icmp_ln488_1, i36 %select_ln488_1, i36 %p_Result_36_2" [/data1/scratch/syan/HLS_2019_2/Vivado/2019.1/common/technology/autopilot/hls_sqrt_apfixed.h:281]   --->   Operation 25 'select' 'select_ln488_3' <Predicate = true> <Delay = 0.22> <Core = "Sel">   --->   Core 26 'Sel' <Latency = 0> <II = 1> <Delay = 0.26> <FuncUnit> <Opcode : 'select'> <InPorts = 3> <OutPorts = 1>
ST_1 : Operation 26 [1/1] (0.00ns)   --->   "%p_Result_31_3 = call i4 @_ssdm_op_PartSelect.i4.i17.i32.i32(i17 %select_ln488_2, i32 13, i32 16)" [/data1/scratch/syan/HLS_2019_2/Vivado/2019.1/common/technology/autopilot/hls_sqrt_apfixed.h:272]   --->   Operation 26 'partselect' 'p_Result_31_3' <Predicate = true> <Delay = 0.00>
ST_1 : Operation 27 [1/1] (0.00ns)   --->   "%tmp_3 = call i5 @_ssdm_op_BitConcatenate.i5.i4.i1(i4 %p_Result_31_3, i1 true)" [/data1/scratch/syan/HLS_2019_2/Vivado/2019.1/common/technology/autopilot/hls_sqrt_apfixed.h:276]   --->   Operation 27 'bitconcatenate' 'tmp_3' <Predicate = true> <Delay = 0.00>
ST_1 : Operation 28 [1/1] (0.00ns)   --->   "%p_Result_34_3 = call i6 @_ssdm_op_PartSelect.i6.i36.i32.i32(i36 %select_ln488_3, i32 26, i32 31)" [/data1/scratch/syan/HLS_2019_2/Vivado/2019.1/common/technology/autopilot/hls_sqrt_apfixed.h:281]   --->   Operation 28 'partselect' 'p_Result_34_3' <Predicate = true> <Delay = 0.00>
ST_1 : Operation 29 [1/1] (0.00ns)   --->   "%zext_ln488_1 = zext i5 %tmp_3 to i6" [/data1/scratch/syan/HLS_2019_2/Vivado/2019.1/common/technology/autopilot/hls_sqrt_apfixed.h:281]   --->   Operation 29 'zext' 'zext_ln488_1' <Predicate = true> <Delay = 0.00>
ST_1 : Operation 30 [1/1] (0.61ns)   --->   "%icmp_ln488_2 = icmp ult i6 %p_Result_34_3, %zext_ln488_1" [/data1/scratch/syan/HLS_2019_2/Vivado/2019.1/common/technology/autopilot/hls_sqrt_apfixed.h:281]   --->   Operation 30 'icmp' 'icmp_ln488_2' <Predicate = true> <Delay = 0.61> <Core = "Cmp">   --->   Core 25 'Cmp' <Latency = 0> <II = 1> <Delay = 0.95> <FuncUnit> <Opcode : 'icmp'> <InPorts = 2> <OutPorts = 1>
ST_1 : Operation 31 [1/1] (0.43ns)   --->   "%sub_ln248_1 = sub i6 %p_Result_34_3, %zext_ln488_1" [/data1/scratch/syan/HLS_2019_2/Vivado/2019.1/common/technology/autopilot/hls_sqrt_apfixed.h:286]   --->   Operation 31 'sub' 'sub_ln248_1' <Predicate = true> <Delay = 0.43> <Core = "AddSub">   --->   Core 14 'AddSub' <Latency = 0> <II = 1> <Delay = 0.59> <FuncUnit> <Opcode : 'add' 'sub'> <InPorts = 2> <OutPorts = 1>

State 2 <SV = 1> <Delay = 3.45>
ST_2 : Operation 32 [1/1] (0.00ns)   --->   "%p_Result_36_3 = call i36 @llvm.part.set.i36.i6(i36 %select_ln488_3, i6 %sub_ln248_1, i32 26, i32 31)" [/data1/scratch/syan/HLS_2019_2/Vivado/2019.1/common/technology/autopilot/hls_sqrt_apfixed.h:286]   --->   Operation 32 'partset' 'p_Result_36_3' <Predicate = (!icmp_ln488_2)> <Delay = 0.00>
ST_2 : Operation 33 [1/1] (0.00ns)   --->   "%tmp_16 = call i17 @_ssdm_op_BitSet.i17.i17.i32.i1(i17 %select_ln488_2, i32 13, i1 true)" [/data1/scratch/syan/HLS_2019_2/Vivado/2019.1/common/technology/autopilot/hls_sqrt_apfixed.h:291]   --->   Operation 33 'bitset' 'tmp_16' <Predicate = (!icmp_ln488_2)> <Delay = 0.00>
ST_2 : Operation 34 [1/1] (0.26ns)   --->   "%select_ln488_4 = select i1 %icmp_ln488_2, i17 %select_ln488_2, i17 %tmp_16" [/data1/scratch/syan/HLS_2019_2/Vivado/2019.1/common/technology/autopilot/hls_sqrt_apfixed.h:281]   --->   Operation 34 'select' 'select_ln488_4' <Predicate = true> <Delay = 0.26> <Core = "Sel">   --->   Core 26 'Sel' <Latency = 0> <II = 1> <Delay = 0.26> <FuncUnit> <Opcode : 'select'> <InPorts = 3> <OutPorts = 1>
ST_2 : Operation 35 [1/1] (0.22ns)   --->   "%select_ln488_5 = select i1 %icmp_ln488_2, i36 %select_ln488_3, i36 %p_Result_36_3" [/data1/scratch/syan/HLS_2019_2/Vivado/2019.1/common/technology/autopilot/hls_sqrt_apfixed.h:281]   --->   Operation 35 'select' 'select_ln488_5' <Predicate = true> <Delay = 0.22> <Core = "Sel">   --->   Core 26 'Sel' <Latency = 0> <II = 1> <Delay = 0.26> <FuncUnit> <Opcode : 'select'> <InPorts = 3> <OutPorts = 1>
ST_2 : Operation 36 [1/1] (0.00ns)   --->   "%p_Result_31_4 = call i5 @_ssdm_op_PartSelect.i5.i17.i32.i32(i17 %select_ln488_4, i32 12, i32 16)" [/data1/scratch/syan/HLS_2019_2/Vivado/2019.1/common/technology/autopilot/hls_sqrt_apfixed.h:272]   --->   Operation 36 'partselect' 'p_Result_31_4' <Predicate = true> <Delay = 0.00>
ST_2 : Operation 37 [1/1] (0.00ns)   --->   "%tmp_4 = call i6 @_ssdm_op_BitConcatenate.i6.i5.i1(i5 %p_Result_31_4, i1 true)" [/data1/scratch/syan/HLS_2019_2/Vivado/2019.1/common/technology/autopilot/hls_sqrt_apfixed.h:276]   --->   Operation 37 'bitconcatenate' 'tmp_4' <Predicate = true> <Delay = 0.00>
ST_2 : Operation 38 [1/1] (0.00ns)   --->   "%p_Result_34_4 = call i7 @_ssdm_op_PartSelect.i7.i36.i32.i32(i36 %select_ln488_5, i32 24, i32 30)" [/data1/scratch/syan/HLS_2019_2/Vivado/2019.1/common/technology/autopilot/hls_sqrt_apfixed.h:281]   --->   Operation 38 'partselect' 'p_Result_34_4' <Predicate = true> <Delay = 0.00>
ST_2 : Operation 39 [1/1] (0.00ns)   --->   "%zext_ln488_2 = zext i6 %tmp_4 to i7" [/data1/scratch/syan/HLS_2019_2/Vivado/2019.1/common/technology/autopilot/hls_sqrt_apfixed.h:281]   --->   Operation 39 'zext' 'zext_ln488_2' <Predicate = true> <Delay = 0.00>
ST_2 : Operation 40 [1/1] (0.59ns)   --->   "%icmp_ln488_3 = icmp ult i7 %p_Result_34_4, %zext_ln488_2" [/data1/scratch/syan/HLS_2019_2/Vivado/2019.1/common/technology/autopilot/hls_sqrt_apfixed.h:281]   --->   Operation 40 'icmp' 'icmp_ln488_3' <Predicate = true> <Delay = 0.59> <Core = "Cmp">   --->   Core 25 'Cmp' <Latency = 0> <II = 1> <Delay = 0.95> <FuncUnit> <Opcode : 'icmp'> <InPorts = 2> <OutPorts = 1>
ST_2 : Operation 41 [1/1] (0.40ns)   --->   "%sub_ln248_2 = sub i7 %p_Result_34_4, %zext_ln488_2" [/data1/scratch/syan/HLS_2019_2/Vivado/2019.1/common/technology/autopilot/hls_sqrt_apfixed.h:286]   --->   Operation 41 'sub' 'sub_ln248_2' <Predicate = true> <Delay = 0.40> <Core = "AddSub">   --->   Core 14 'AddSub' <Latency = 0> <II = 1> <Delay = 0.59> <FuncUnit> <Opcode : 'add' 'sub'> <InPorts = 2> <OutPorts = 1>
ST_2 : Operation 42 [1/1] (0.00ns)   --->   "%p_Result_36_4 = call i36 @llvm.part.set.i36.i7(i36 %select_ln488_5, i7 %sub_ln248_2, i32 24, i32 30)" [/data1/scratch/syan/HLS_2019_2/Vivado/2019.1/common/technology/autopilot/hls_sqrt_apfixed.h:286]   --->   Operation 42 'partset' 'p_Result_36_4' <Predicate = true> <Delay = 0.00>
ST_2 : Operation 43 [1/1] (0.00ns)   --->   "%tmp_17 = call i17 @_ssdm_op_BitSet.i17.i17.i32.i1(i17 %select_ln488_4, i32 12, i1 true)" [/data1/scratch/syan/HLS_2019_2/Vivado/2019.1/common/technology/autopilot/hls_sqrt_apfixed.h:291]   --->   Operation 43 'bitset' 'tmp_17' <Predicate = true> <Delay = 0.00>
ST_2 : Operation 44 [1/1] (0.26ns)   --->   "%select_ln488_6 = select i1 %icmp_ln488_3, i17 %select_ln488_4, i17 %tmp_17" [/data1/scratch/syan/HLS_2019_2/Vivado/2019.1/common/technology/autopilot/hls_sqrt_apfixed.h:281]   --->   Operation 44 'select' 'select_ln488_6' <Predicate = true> <Delay = 0.26> <Core = "Sel">   --->   Core 26 'Sel' <Latency = 0> <II = 1> <Delay = 0.26> <FuncUnit> <Opcode : 'select'> <InPorts = 3> <OutPorts = 1>
ST_2 : Operation 45 [1/1] (0.22ns)   --->   "%select_ln488_7 = select i1 %icmp_ln488_3, i36 %select_ln488_5, i36 %p_Result_36_4" [/data1/scratch/syan/HLS_2019_2/Vivado/2019.1/common/technology/autopilot/hls_sqrt_apfixed.h:281]   --->   Operation 45 'select' 'select_ln488_7' <Predicate = true> <Delay = 0.22> <Core = "Sel">   --->   Core 26 'Sel' <Latency = 0> <II = 1> <Delay = 0.26> <FuncUnit> <Opcode : 'select'> <InPorts = 3> <OutPorts = 1>
ST_2 : Operation 46 [1/1] (0.00ns)   --->   "%p_Result_31_5 = call i6 @_ssdm_op_PartSelect.i6.i17.i32.i32(i17 %select_ln488_6, i32 11, i32 16)" [/data1/scratch/syan/HLS_2019_2/Vivado/2019.1/common/technology/autopilot/hls_sqrt_apfixed.h:272]   --->   Operation 46 'partselect' 'p_Result_31_5' <Predicate = true> <Delay = 0.00>
ST_2 : Operation 47 [1/1] (0.00ns)   --->   "%tmp_5 = call i7 @_ssdm_op_BitConcatenate.i7.i6.i1(i6 %p_Result_31_5, i1 true)" [/data1/scratch/syan/HLS_2019_2/Vivado/2019.1/common/technology/autopilot/hls_sqrt_apfixed.h:276]   --->   Operation 47 'bitconcatenate' 'tmp_5' <Predicate = true> <Delay = 0.00>
ST_2 : Operation 48 [1/1] (0.00ns)   --->   "%p_Result_34_5 = call i8 @_ssdm_op_PartSelect.i8.i36.i32.i32(i36 %select_ln488_7, i32 22, i32 29)" [/data1/scratch/syan/HLS_2019_2/Vivado/2019.1/common/technology/autopilot/hls_sqrt_apfixed.h:281]   --->   Operation 48 'partselect' 'p_Result_34_5' <Predicate = true> <Delay = 0.00>
ST_2 : Operation 49 [1/1] (0.00ns)   --->   "%zext_ln488_3 = zext i7 %tmp_5 to i8" [/data1/scratch/syan/HLS_2019_2/Vivado/2019.1/common/technology/autopilot/hls_sqrt_apfixed.h:281]   --->   Operation 49 'zext' 'zext_ln488_3' <Predicate = true> <Delay = 0.00>
ST_2 : Operation 50 [1/1] (0.58ns)   --->   "%icmp_ln488_4 = icmp ult i8 %p_Result_34_5, %zext_ln488_3" [/data1/scratch/syan/HLS_2019_2/Vivado/2019.1/common/technology/autopilot/hls_sqrt_apfixed.h:281]   --->   Operation 50 'icmp' 'icmp_ln488_4' <Predicate = true> <Delay = 0.58> <Core = "Cmp">   --->   Core 25 'Cmp' <Latency = 0> <II = 1> <Delay = 0.95> <FuncUnit> <Opcode : 'icmp'> <InPorts = 2> <OutPorts = 1>
ST_2 : Operation 51 [1/1] (0.48ns)   --->   "%sub_ln248_3 = sub i8 %p_Result_34_5, %zext_ln488_3" [/data1/scratch/syan/HLS_2019_2/Vivado/2019.1/common/technology/autopilot/hls_sqrt_apfixed.h:286]   --->   Operation 51 'sub' 'sub_ln248_3' <Predicate = true> <Delay = 0.48> <Core = "AddSub">   --->   Core 14 'AddSub' <Latency = 0> <II = 1> <Delay = 0.59> <FuncUnit> <Opcode : 'add' 'sub'> <InPorts = 2> <OutPorts = 1>
ST_2 : Operation 52 [1/1] (0.00ns)   --->   "%p_Result_36_5 = call i36 @llvm.part.set.i36.i8(i36 %select_ln488_7, i8 %sub_ln248_3, i32 22, i32 29)" [/data1/scratch/syan/HLS_2019_2/Vivado/2019.1/common/technology/autopilot/hls_sqrt_apfixed.h:286]   --->   Operation 52 'partset' 'p_Result_36_5' <Predicate = true> <Delay = 0.00>
ST_2 : Operation 53 [1/1] (0.00ns)   --->   "%tmp_18 = call i17 @_ssdm_op_BitSet.i17.i17.i32.i1(i17 %select_ln488_6, i32 11, i1 true)" [/data1/scratch/syan/HLS_2019_2/Vivado/2019.1/common/technology/autopilot/hls_sqrt_apfixed.h:291]   --->   Operation 53 'bitset' 'tmp_18' <Predicate = true> <Delay = 0.00>
ST_2 : Operation 54 [1/1] (0.26ns)   --->   "%select_ln488_8 = select i1 %icmp_ln488_4, i17 %select_ln488_6, i17 %tmp_18" [/data1/scratch/syan/HLS_2019_2/Vivado/2019.1/common/technology/autopilot/hls_sqrt_apfixed.h:281]   --->   Operation 54 'select' 'select_ln488_8' <Predicate = true> <Delay = 0.26> <Core = "Sel">   --->   Core 26 'Sel' <Latency = 0> <II = 1> <Delay = 0.26> <FuncUnit> <Opcode : 'select'> <InPorts = 3> <OutPorts = 1>
ST_2 : Operation 55 [1/1] (0.22ns)   --->   "%select_ln488_9 = select i1 %icmp_ln488_4, i36 %select_ln488_7, i36 %p_Result_36_5" [/data1/scratch/syan/HLS_2019_2/Vivado/2019.1/common/technology/autopilot/hls_sqrt_apfixed.h:281]   --->   Operation 55 'select' 'select_ln488_9' <Predicate = true> <Delay = 0.22> <Core = "Sel">   --->   Core 26 'Sel' <Latency = 0> <II = 1> <Delay = 0.26> <FuncUnit> <Opcode : 'select'> <InPorts = 3> <OutPorts = 1>
ST_2 : Operation 56 [1/1] (0.00ns)   --->   "%p_Result_31_6 = call i7 @_ssdm_op_PartSelect.i7.i17.i32.i32(i17 %select_ln488_8, i32 10, i32 16)" [/data1/scratch/syan/HLS_2019_2/Vivado/2019.1/common/technology/autopilot/hls_sqrt_apfixed.h:272]   --->   Operation 56 'partselect' 'p_Result_31_6' <Predicate = true> <Delay = 0.00>
ST_2 : Operation 57 [1/1] (0.00ns)   --->   "%tmp_6 = call i8 @_ssdm_op_BitConcatenate.i8.i7.i1(i7 %p_Result_31_6, i1 true)" [/data1/scratch/syan/HLS_2019_2/Vivado/2019.1/common/technology/autopilot/hls_sqrt_apfixed.h:276]   --->   Operation 57 'bitconcatenate' 'tmp_6' <Predicate = true> <Delay = 0.00>
ST_2 : Operation 58 [1/1] (0.00ns)   --->   "%p_Result_34_6 = call i9 @_ssdm_op_PartSelect.i9.i36.i32.i32(i36 %select_ln488_9, i32 20, i32 28)" [/data1/scratch/syan/HLS_2019_2/Vivado/2019.1/common/technology/autopilot/hls_sqrt_apfixed.h:281]   --->   Operation 58 'partselect' 'p_Result_34_6' <Predicate = true> <Delay = 0.00>
ST_2 : Operation 59 [1/1] (0.00ns)   --->   "%zext_ln488_4 = zext i8 %tmp_6 to i9" [/data1/scratch/syan/HLS_2019_2/Vivado/2019.1/common/technology/autopilot/hls_sqrt_apfixed.h:281]   --->   Operation 59 'zext' 'zext_ln488_4' <Predicate = true> <Delay = 0.00>
ST_2 : Operation 60 [1/1] (0.59ns)   --->   "%icmp_ln488_5 = icmp ult i9 %p_Result_34_6, %zext_ln488_4" [/data1/scratch/syan/HLS_2019_2/Vivado/2019.1/common/technology/autopilot/hls_sqrt_apfixed.h:281]   --->   Operation 60 'icmp' 'icmp_ln488_5' <Predicate = true> <Delay = 0.59> <Core = "Cmp">   --->   Core 25 'Cmp' <Latency = 0> <II = 1> <Delay = 0.95> <FuncUnit> <Opcode : 'icmp'> <InPorts = 2> <OutPorts = 1>
ST_2 : Operation 61 [1/1] (0.51ns)   --->   "%sub_ln248_4 = sub i9 %p_Result_34_6, %zext_ln488_4" [/data1/scratch/syan/HLS_2019_2/Vivado/2019.1/common/technology/autopilot/hls_sqrt_apfixed.h:286]   --->   Operation 61 'sub' 'sub_ln248_4' <Predicate = true> <Delay = 0.51> <Core = "AddSub">   --->   Core 14 'AddSub' <Latency = 0> <II = 1> <Delay = 0.59> <FuncUnit> <Opcode : 'add' 'sub'> <InPorts = 2> <OutPorts = 1>
ST_2 : Operation 62 [1/1] (0.00ns)   --->   "%p_Result_36_6 = call i36 @llvm.part.set.i36.i9(i36 %select_ln488_9, i9 %sub_ln248_4, i32 20, i32 28)" [/data1/scratch/syan/HLS_2019_2/Vivado/2019.1/common/technology/autopilot/hls_sqrt_apfixed.h:286]   --->   Operation 62 'partset' 'p_Result_36_6' <Predicate = true> <Delay = 0.00>
ST_2 : Operation 63 [1/1] (0.00ns)   --->   "%tmp_19 = call i17 @_ssdm_op_BitSet.i17.i17.i32.i1(i17 %select_ln488_8, i32 10, i1 true)" [/data1/scratch/syan/HLS_2019_2/Vivado/2019.1/common/technology/autopilot/hls_sqrt_apfixed.h:291]   --->   Operation 63 'bitset' 'tmp_19' <Predicate = true> <Delay = 0.00>
ST_2 : Operation 64 [1/1] (0.26ns)   --->   "%select_ln488_10 = select i1 %icmp_ln488_5, i17 %select_ln488_8, i17 %tmp_19" [/data1/scratch/syan/HLS_2019_2/Vivado/2019.1/common/technology/autopilot/hls_sqrt_apfixed.h:281]   --->   Operation 64 'select' 'select_ln488_10' <Predicate = true> <Delay = 0.26> <Core = "Sel">   --->   Core 26 'Sel' <Latency = 0> <II = 1> <Delay = 0.26> <FuncUnit> <Opcode : 'select'> <InPorts = 3> <OutPorts = 1>
ST_2 : Operation 65 [1/1] (0.22ns)   --->   "%select_ln488_11 = select i1 %icmp_ln488_5, i36 %select_ln488_9, i36 %p_Result_36_6" [/data1/scratch/syan/HLS_2019_2/Vivado/2019.1/common/technology/autopilot/hls_sqrt_apfixed.h:281]   --->   Operation 65 'select' 'select_ln488_11' <Predicate = true> <Delay = 0.22> <Core = "Sel">   --->   Core 26 'Sel' <Latency = 0> <II = 1> <Delay = 0.26> <FuncUnit> <Opcode : 'select'> <InPorts = 3> <OutPorts = 1>
ST_2 : Operation 66 [1/1] (0.00ns)   --->   "%p_Result_31_7 = call i8 @_ssdm_op_PartSelect.i8.i17.i32.i32(i17 %select_ln488_10, i32 9, i32 16)" [/data1/scratch/syan/HLS_2019_2/Vivado/2019.1/common/technology/autopilot/hls_sqrt_apfixed.h:272]   --->   Operation 66 'partselect' 'p_Result_31_7' <Predicate = true> <Delay = 0.00>
ST_2 : Operation 67 [1/1] (0.00ns)   --->   "%tmp_7 = call i9 @_ssdm_op_BitConcatenate.i9.i8.i1(i8 %p_Result_31_7, i1 true)" [/data1/scratch/syan/HLS_2019_2/Vivado/2019.1/common/technology/autopilot/hls_sqrt_apfixed.h:276]   --->   Operation 67 'bitconcatenate' 'tmp_7' <Predicate = true> <Delay = 0.00>
ST_2 : Operation 68 [1/1] (0.00ns)   --->   "%p_Result_34_7 = call i10 @_ssdm_op_PartSelect.i10.i36.i32.i32(i36 %select_ln488_11, i32 18, i32 27)" [/data1/scratch/syan/HLS_2019_2/Vivado/2019.1/common/technology/autopilot/hls_sqrt_apfixed.h:281]   --->   Operation 68 'partselect' 'p_Result_34_7' <Predicate = true> <Delay = 0.00>
ST_2 : Operation 69 [1/1] (0.00ns)   --->   "%zext_ln488_5 = zext i9 %tmp_7 to i10" [/data1/scratch/syan/HLS_2019_2/Vivado/2019.1/common/technology/autopilot/hls_sqrt_apfixed.h:281]   --->   Operation 69 'zext' 'zext_ln488_5' <Predicate = true> <Delay = 0.00>
ST_2 : Operation 70 [1/1] (0.60ns)   --->   "%icmp_ln488_6 = icmp ult i10 %p_Result_34_7, %zext_ln488_5" [/data1/scratch/syan/HLS_2019_2/Vivado/2019.1/common/technology/autopilot/hls_sqrt_apfixed.h:281]   --->   Operation 70 'icmp' 'icmp_ln488_6' <Predicate = true> <Delay = 0.60> <Core = "Cmp">   --->   Core 25 'Cmp' <Latency = 0> <II = 1> <Delay = 0.95> <FuncUnit> <Opcode : 'icmp'> <InPorts = 2> <OutPorts = 1>
ST_2 : Operation 71 [1/1] (0.54ns)   --->   "%sub_ln248_5 = sub i10 %p_Result_34_7, %zext_ln488_5" [/data1/scratch/syan/HLS_2019_2/Vivado/2019.1/common/technology/autopilot/hls_sqrt_apfixed.h:286]   --->   Operation 71 'sub' 'sub_ln248_5' <Predicate = true> <Delay = 0.54> <Core = "AddSub">   --->   Core 14 'AddSub' <Latency = 0> <II = 1> <Delay = 0.59> <FuncUnit> <Opcode : 'add' 'sub'> <InPorts = 2> <OutPorts = 1>

State 3 <SV = 2> <Delay = 3.61>
ST_3 : Operation 72 [1/1] (0.00ns)   --->   "%p_Result_36_7 = call i36 @llvm.part.set.i36.i10(i36 %select_ln488_11, i10 %sub_ln248_5, i32 18, i32 27)" [/data1/scratch/syan/HLS_2019_2/Vivado/2019.1/common/technology/autopilot/hls_sqrt_apfixed.h:286]   --->   Operation 72 'partset' 'p_Result_36_7' <Predicate = (!icmp_ln488_6)> <Delay = 0.00>
ST_3 : Operation 73 [1/1] (0.00ns)   --->   "%tmp_20 = call i17 @_ssdm_op_BitSet.i17.i17.i32.i1(i17 %select_ln488_10, i32 9, i1 true)" [/data1/scratch/syan/HLS_2019_2/Vivado/2019.1/common/technology/autopilot/hls_sqrt_apfixed.h:291]   --->   Operation 73 'bitset' 'tmp_20' <Predicate = (!icmp_ln488_6)> <Delay = 0.00>
ST_3 : Operation 74 [1/1] (0.26ns)   --->   "%select_ln488_12 = select i1 %icmp_ln488_6, i17 %select_ln488_10, i17 %tmp_20" [/data1/scratch/syan/HLS_2019_2/Vivado/2019.1/common/technology/autopilot/hls_sqrt_apfixed.h:281]   --->   Operation 74 'select' 'select_ln488_12' <Predicate = true> <Delay = 0.26> <Core = "Sel">   --->   Core 26 'Sel' <Latency = 0> <II = 1> <Delay = 0.26> <FuncUnit> <Opcode : 'select'> <InPorts = 3> <OutPorts = 1>
ST_3 : Operation 75 [1/1] (0.22ns)   --->   "%select_ln488_13 = select i1 %icmp_ln488_6, i36 %select_ln488_11, i36 %p_Result_36_7" [/data1/scratch/syan/HLS_2019_2/Vivado/2019.1/common/technology/autopilot/hls_sqrt_apfixed.h:281]   --->   Operation 75 'select' 'select_ln488_13' <Predicate = true> <Delay = 0.22> <Core = "Sel">   --->   Core 26 'Sel' <Latency = 0> <II = 1> <Delay = 0.26> <FuncUnit> <Opcode : 'select'> <InPorts = 3> <OutPorts = 1>
ST_3 : Operation 76 [1/1] (0.00ns)   --->   "%p_Result_31_8 = call i9 @_ssdm_op_PartSelect.i9.i17.i32.i32(i17 %select_ln488_12, i32 8, i32 16)" [/data1/scratch/syan/HLS_2019_2/Vivado/2019.1/common/technology/autopilot/hls_sqrt_apfixed.h:272]   --->   Operation 76 'partselect' 'p_Result_31_8' <Predicate = true> <Delay = 0.00>
ST_3 : Operation 77 [1/1] (0.00ns)   --->   "%tmp_8 = call i10 @_ssdm_op_BitConcatenate.i10.i9.i1(i9 %p_Result_31_8, i1 true)" [/data1/scratch/syan/HLS_2019_2/Vivado/2019.1/common/technology/autopilot/hls_sqrt_apfixed.h:276]   --->   Operation 77 'bitconcatenate' 'tmp_8' <Predicate = true> <Delay = 0.00>
ST_3 : Operation 78 [1/1] (0.00ns)   --->   "%p_Result_34_8 = call i11 @_ssdm_op_PartSelect.i11.i36.i32.i32(i36 %select_ln488_13, i32 16, i32 26)" [/data1/scratch/syan/HLS_2019_2/Vivado/2019.1/common/technology/autopilot/hls_sqrt_apfixed.h:281]   --->   Operation 78 'partselect' 'p_Result_34_8' <Predicate = true> <Delay = 0.00>
ST_3 : Operation 79 [1/1] (0.00ns)   --->   "%zext_ln488_6 = zext i10 %tmp_8 to i11" [/data1/scratch/syan/HLS_2019_2/Vivado/2019.1/common/technology/autopilot/hls_sqrt_apfixed.h:281]   --->   Operation 79 'zext' 'zext_ln488_6' <Predicate = true> <Delay = 0.00>
ST_3 : Operation 80 [1/1] (0.61ns)   --->   "%icmp_ln488_7 = icmp ult i11 %p_Result_34_8, %zext_ln488_6" [/data1/scratch/syan/HLS_2019_2/Vivado/2019.1/common/technology/autopilot/hls_sqrt_apfixed.h:281]   --->   Operation 80 'icmp' 'icmp_ln488_7' <Predicate = true> <Delay = 0.61> <Core = "Cmp">   --->   Core 25 'Cmp' <Latency = 0> <II = 1> <Delay = 0.95> <FuncUnit> <Opcode : 'icmp'> <InPorts = 2> <OutPorts = 1>
ST_3 : Operation 81 [1/1] (0.53ns)   --->   "%sub_ln248_6 = sub i11 %p_Result_34_8, %zext_ln488_6" [/data1/scratch/syan/HLS_2019_2/Vivado/2019.1/common/technology/autopilot/hls_sqrt_apfixed.h:286]   --->   Operation 81 'sub' 'sub_ln248_6' <Predicate = true> <Delay = 0.53> <Core = "AddSub">   --->   Core 14 'AddSub' <Latency = 0> <II = 1> <Delay = 0.59> <FuncUnit> <Opcode : 'add' 'sub'> <InPorts = 2> <OutPorts = 1>
ST_3 : Operation 82 [1/1] (0.00ns)   --->   "%p_Result_36_8 = call i36 @llvm.part.set.i36.i11(i36 %select_ln488_13, i11 %sub_ln248_6, i32 16, i32 26)" [/data1/scratch/syan/HLS_2019_2/Vivado/2019.1/common/technology/autopilot/hls_sqrt_apfixed.h:286]   --->   Operation 82 'partset' 'p_Result_36_8' <Predicate = true> <Delay = 0.00>
ST_3 : Operation 83 [1/1] (0.00ns)   --->   "%tmp_21 = call i17 @_ssdm_op_BitSet.i17.i17.i32.i1(i17 %select_ln488_12, i32 8, i1 true)" [/data1/scratch/syan/HLS_2019_2/Vivado/2019.1/common/technology/autopilot/hls_sqrt_apfixed.h:291]   --->   Operation 83 'bitset' 'tmp_21' <Predicate = true> <Delay = 0.00>
ST_3 : Operation 84 [1/1] (0.26ns)   --->   "%select_ln488_14 = select i1 %icmp_ln488_7, i17 %select_ln488_12, i17 %tmp_21" [/data1/scratch/syan/HLS_2019_2/Vivado/2019.1/common/technology/autopilot/hls_sqrt_apfixed.h:281]   --->   Operation 84 'select' 'select_ln488_14' <Predicate = true> <Delay = 0.26> <Core = "Sel">   --->   Core 26 'Sel' <Latency = 0> <II = 1> <Delay = 0.26> <FuncUnit> <Opcode : 'select'> <InPorts = 3> <OutPorts = 1>
ST_3 : Operation 85 [1/1] (0.22ns)   --->   "%select_ln488_15 = select i1 %icmp_ln488_7, i36 %select_ln488_13, i36 %p_Result_36_8" [/data1/scratch/syan/HLS_2019_2/Vivado/2019.1/common/technology/autopilot/hls_sqrt_apfixed.h:281]   --->   Operation 85 'select' 'select_ln488_15' <Predicate = true> <Delay = 0.22> <Core = "Sel">   --->   Core 26 'Sel' <Latency = 0> <II = 1> <Delay = 0.26> <FuncUnit> <Opcode : 'select'> <InPorts = 3> <OutPorts = 1>
ST_3 : Operation 86 [1/1] (0.00ns)   --->   "%p_Result_31_9 = call i10 @_ssdm_op_PartSelect.i10.i17.i32.i32(i17 %select_ln488_14, i32 7, i32 16)" [/data1/scratch/syan/HLS_2019_2/Vivado/2019.1/common/technology/autopilot/hls_sqrt_apfixed.h:272]   --->   Operation 86 'partselect' 'p_Result_31_9' <Predicate = true> <Delay = 0.00>
ST_3 : Operation 87 [1/1] (0.00ns)   --->   "%tmp_9 = call i11 @_ssdm_op_BitConcatenate.i11.i10.i1(i10 %p_Result_31_9, i1 true)" [/data1/scratch/syan/HLS_2019_2/Vivado/2019.1/common/technology/autopilot/hls_sqrt_apfixed.h:276]   --->   Operation 87 'bitconcatenate' 'tmp_9' <Predicate = true> <Delay = 0.00>
ST_3 : Operation 88 [1/1] (0.00ns)   --->   "%p_Result_34_9 = call i12 @_ssdm_op_PartSelect.i12.i36.i32.i32(i36 %select_ln488_15, i32 14, i32 25)" [/data1/scratch/syan/HLS_2019_2/Vivado/2019.1/common/technology/autopilot/hls_sqrt_apfixed.h:281]   --->   Operation 88 'partselect' 'p_Result_34_9' <Predicate = true> <Delay = 0.00>
ST_3 : Operation 89 [1/1] (0.00ns)   --->   "%zext_ln488_7 = zext i11 %tmp_9 to i12" [/data1/scratch/syan/HLS_2019_2/Vivado/2019.1/common/technology/autopilot/hls_sqrt_apfixed.h:281]   --->   Operation 89 'zext' 'zext_ln488_7' <Predicate = true> <Delay = 0.00>
ST_3 : Operation 90 [1/1] (0.62ns)   --->   "%icmp_ln488_8 = icmp ult i12 %p_Result_34_9, %zext_ln488_7" [/data1/scratch/syan/HLS_2019_2/Vivado/2019.1/common/technology/autopilot/hls_sqrt_apfixed.h:281]   --->   Operation 90 'icmp' 'icmp_ln488_8' <Predicate = true> <Delay = 0.62> <Core = "Cmp">   --->   Core 25 'Cmp' <Latency = 0> <II = 1> <Delay = 0.95> <FuncUnit> <Opcode : 'icmp'> <InPorts = 2> <OutPorts = 1>
ST_3 : Operation 91 [1/1] (0.52ns)   --->   "%sub_ln248_7 = sub i12 %p_Result_34_9, %zext_ln488_7" [/data1/scratch/syan/HLS_2019_2/Vivado/2019.1/common/technology/autopilot/hls_sqrt_apfixed.h:286]   --->   Operation 91 'sub' 'sub_ln248_7' <Predicate = true> <Delay = 0.52> <Core = "AddSub">   --->   Core 14 'AddSub' <Latency = 0> <II = 1> <Delay = 0.59> <FuncUnit> <Opcode : 'add' 'sub'> <InPorts = 2> <OutPorts = 1>
ST_3 : Operation 92 [1/1] (0.00ns)   --->   "%p_Result_36_9 = call i36 @llvm.part.set.i36.i12(i36 %select_ln488_15, i12 %sub_ln248_7, i32 14, i32 25)" [/data1/scratch/syan/HLS_2019_2/Vivado/2019.1/common/technology/autopilot/hls_sqrt_apfixed.h:286]   --->   Operation 92 'partset' 'p_Result_36_9' <Predicate = true> <Delay = 0.00>
ST_3 : Operation 93 [1/1] (0.00ns)   --->   "%tmp_22 = call i17 @_ssdm_op_BitSet.i17.i17.i32.i1(i17 %select_ln488_14, i32 7, i1 true)" [/data1/scratch/syan/HLS_2019_2/Vivado/2019.1/common/technology/autopilot/hls_sqrt_apfixed.h:291]   --->   Operation 93 'bitset' 'tmp_22' <Predicate = true> <Delay = 0.00>
ST_3 : Operation 94 [1/1] (0.26ns)   --->   "%select_ln488_16 = select i1 %icmp_ln488_8, i17 %select_ln488_14, i17 %tmp_22" [/data1/scratch/syan/HLS_2019_2/Vivado/2019.1/common/technology/autopilot/hls_sqrt_apfixed.h:281]   --->   Operation 94 'select' 'select_ln488_16' <Predicate = true> <Delay = 0.26> <Core = "Sel">   --->   Core 26 'Sel' <Latency = 0> <II = 1> <Delay = 0.26> <FuncUnit> <Opcode : 'select'> <InPorts = 3> <OutPorts = 1>
ST_3 : Operation 95 [1/1] (0.22ns)   --->   "%select_ln488_17 = select i1 %icmp_ln488_8, i36 %select_ln488_15, i36 %p_Result_36_9" [/data1/scratch/syan/HLS_2019_2/Vivado/2019.1/common/technology/autopilot/hls_sqrt_apfixed.h:281]   --->   Operation 95 'select' 'select_ln488_17' <Predicate = true> <Delay = 0.22> <Core = "Sel">   --->   Core 26 'Sel' <Latency = 0> <II = 1> <Delay = 0.26> <FuncUnit> <Opcode : 'select'> <InPorts = 3> <OutPorts = 1>
ST_3 : Operation 96 [1/1] (0.00ns)   --->   "%p_Result_31_s = call i11 @_ssdm_op_PartSelect.i11.i17.i32.i32(i17 %select_ln488_16, i32 6, i32 16)" [/data1/scratch/syan/HLS_2019_2/Vivado/2019.1/common/technology/autopilot/hls_sqrt_apfixed.h:272]   --->   Operation 96 'partselect' 'p_Result_31_s' <Predicate = true> <Delay = 0.00>
ST_3 : Operation 97 [1/1] (0.00ns)   --->   "%tmp_s = call i12 @_ssdm_op_BitConcatenate.i12.i11.i1(i11 %p_Result_31_s, i1 true)" [/data1/scratch/syan/HLS_2019_2/Vivado/2019.1/common/technology/autopilot/hls_sqrt_apfixed.h:276]   --->   Operation 97 'bitconcatenate' 'tmp_s' <Predicate = true> <Delay = 0.00>
ST_3 : Operation 98 [1/1] (0.00ns)   --->   "%p_Result_34_s = call i13 @_ssdm_op_PartSelect.i13.i36.i32.i32(i36 %select_ln488_17, i32 12, i32 24)" [/data1/scratch/syan/HLS_2019_2/Vivado/2019.1/common/technology/autopilot/hls_sqrt_apfixed.h:281]   --->   Operation 98 'partselect' 'p_Result_34_s' <Predicate = true> <Delay = 0.00>
ST_3 : Operation 99 [1/1] (0.00ns)   --->   "%zext_ln488_8 = zext i12 %tmp_s to i13" [/data1/scratch/syan/HLS_2019_2/Vivado/2019.1/common/technology/autopilot/hls_sqrt_apfixed.h:281]   --->   Operation 99 'zext' 'zext_ln488_8' <Predicate = true> <Delay = 0.00>
ST_3 : Operation 100 [1/1] (0.64ns)   --->   "%icmp_ln488_9 = icmp ult i13 %p_Result_34_s, %zext_ln488_8" [/data1/scratch/syan/HLS_2019_2/Vivado/2019.1/common/technology/autopilot/hls_sqrt_apfixed.h:281]   --->   Operation 100 'icmp' 'icmp_ln488_9' <Predicate = true> <Delay = 0.64> <Core = "Cmp">   --->   Core 25 'Cmp' <Latency = 0> <II = 1> <Delay = 0.95> <FuncUnit> <Opcode : 'icmp'> <InPorts = 2> <OutPorts = 1>
ST_3 : Operation 101 [1/1] (0.54ns)   --->   "%sub_ln248_8 = sub i13 %p_Result_34_s, %zext_ln488_8" [/data1/scratch/syan/HLS_2019_2/Vivado/2019.1/common/technology/autopilot/hls_sqrt_apfixed.h:286]   --->   Operation 101 'sub' 'sub_ln248_8' <Predicate = true> <Delay = 0.54> <Core = "AddSub">   --->   Core 14 'AddSub' <Latency = 0> <II = 1> <Delay = 0.59> <FuncUnit> <Opcode : 'add' 'sub'> <InPorts = 2> <OutPorts = 1>
ST_3 : Operation 102 [1/1] (0.00ns)   --->   "%p_Result_36_s = call i36 @llvm.part.set.i36.i13(i36 %select_ln488_17, i13 %sub_ln248_8, i32 12, i32 24)" [/data1/scratch/syan/HLS_2019_2/Vivado/2019.1/common/technology/autopilot/hls_sqrt_apfixed.h:286]   --->   Operation 102 'partset' 'p_Result_36_s' <Predicate = true> <Delay = 0.00>
ST_3 : Operation 103 [1/1] (0.00ns)   --->   "%tmp_23 = call i17 @_ssdm_op_BitSet.i17.i17.i32.i1(i17 %select_ln488_16, i32 6, i1 true)" [/data1/scratch/syan/HLS_2019_2/Vivado/2019.1/common/technology/autopilot/hls_sqrt_apfixed.h:291]   --->   Operation 103 'bitset' 'tmp_23' <Predicate = true> <Delay = 0.00>
ST_3 : Operation 104 [1/1] (0.26ns)   --->   "%select_ln488_18 = select i1 %icmp_ln488_9, i17 %select_ln488_16, i17 %tmp_23" [/data1/scratch/syan/HLS_2019_2/Vivado/2019.1/common/technology/autopilot/hls_sqrt_apfixed.h:281]   --->   Operation 104 'select' 'select_ln488_18' <Predicate = true> <Delay = 0.26> <Core = "Sel">   --->   Core 26 'Sel' <Latency = 0> <II = 1> <Delay = 0.26> <FuncUnit> <Opcode : 'select'> <InPorts = 3> <OutPorts = 1>
ST_3 : Operation 105 [1/1] (0.22ns)   --->   "%select_ln488_19 = select i1 %icmp_ln488_9, i36 %select_ln488_17, i36 %p_Result_36_s" [/data1/scratch/syan/HLS_2019_2/Vivado/2019.1/common/technology/autopilot/hls_sqrt_apfixed.h:281]   --->   Operation 105 'select' 'select_ln488_19' <Predicate = true> <Delay = 0.22> <Core = "Sel">   --->   Core 26 'Sel' <Latency = 0> <II = 1> <Delay = 0.26> <FuncUnit> <Opcode : 'select'> <InPorts = 3> <OutPorts = 1>
ST_3 : Operation 106 [1/1] (0.00ns)   --->   "%p_Result_31_1 = call i12 @_ssdm_op_PartSelect.i12.i17.i32.i32(i17 %select_ln488_18, i32 5, i32 16)" [/data1/scratch/syan/HLS_2019_2/Vivado/2019.1/common/technology/autopilot/hls_sqrt_apfixed.h:272]   --->   Operation 106 'partselect' 'p_Result_31_1' <Predicate = true> <Delay = 0.00>
ST_3 : Operation 107 [1/1] (0.00ns)   --->   "%tmp_1 = call i13 @_ssdm_op_BitConcatenate.i13.i12.i1(i12 %p_Result_31_1, i1 true)" [/data1/scratch/syan/HLS_2019_2/Vivado/2019.1/common/technology/autopilot/hls_sqrt_apfixed.h:276]   --->   Operation 107 'bitconcatenate' 'tmp_1' <Predicate = true> <Delay = 0.00>
ST_3 : Operation 108 [1/1] (0.00ns)   --->   "%p_Result_34_1 = call i14 @_ssdm_op_PartSelect.i14.i36.i32.i32(i36 %select_ln488_19, i32 10, i32 23)" [/data1/scratch/syan/HLS_2019_2/Vivado/2019.1/common/technology/autopilot/hls_sqrt_apfixed.h:281]   --->   Operation 108 'partselect' 'p_Result_34_1' <Predicate = true> <Delay = 0.00>
ST_3 : Operation 109 [1/1] (0.00ns)   --->   "%zext_ln488_9 = zext i13 %tmp_1 to i14" [/data1/scratch/syan/HLS_2019_2/Vivado/2019.1/common/technology/autopilot/hls_sqrt_apfixed.h:281]   --->   Operation 109 'zext' 'zext_ln488_9' <Predicate = true> <Delay = 0.00>
ST_3 : Operation 110 [1/1] (0.65ns)   --->   "%icmp_ln488_10 = icmp ult i14 %p_Result_34_1, %zext_ln488_9" [/data1/scratch/syan/HLS_2019_2/Vivado/2019.1/common/technology/autopilot/hls_sqrt_apfixed.h:281]   --->   Operation 110 'icmp' 'icmp_ln488_10' <Predicate = true> <Delay = 0.65> <Core = "Cmp">   --->   Core 25 'Cmp' <Latency = 0> <II = 1> <Delay = 0.95> <FuncUnit> <Opcode : 'icmp'> <InPorts = 2> <OutPorts = 1>
ST_3 : Operation 111 [1/1] (0.55ns)   --->   "%sub_ln248_9 = sub i14 %p_Result_34_1, %zext_ln488_9" [/data1/scratch/syan/HLS_2019_2/Vivado/2019.1/common/technology/autopilot/hls_sqrt_apfixed.h:286]   --->   Operation 111 'sub' 'sub_ln248_9' <Predicate = true> <Delay = 0.55> <Core = "AddSub">   --->   Core 14 'AddSub' <Latency = 0> <II = 1> <Delay = 0.59> <FuncUnit> <Opcode : 'add' 'sub'> <InPorts = 2> <OutPorts = 1>

State 4 <SV = 3> <Delay = 2.83>
ST_4 : Operation 112 [1/1] (0.00ns)   --->   "%p_Result_36_10 = call i36 @llvm.part.set.i36.i14(i36 %select_ln488_19, i14 %sub_ln248_9, i32 10, i32 23)" [/data1/scratch/syan/HLS_2019_2/Vivado/2019.1/common/technology/autopilot/hls_sqrt_apfixed.h:286]   --->   Operation 112 'partset' 'p_Result_36_10' <Predicate = (!icmp_ln488_10)> <Delay = 0.00>
ST_4 : Operation 113 [1/1] (0.00ns)   --->   "%tmp_24 = call i17 @_ssdm_op_BitSet.i17.i17.i32.i1(i17 %select_ln488_18, i32 5, i1 true)" [/data1/scratch/syan/HLS_2019_2/Vivado/2019.1/common/technology/autopilot/hls_sqrt_apfixed.h:291]   --->   Operation 113 'bitset' 'tmp_24' <Predicate = (!icmp_ln488_10)> <Delay = 0.00>
ST_4 : Operation 114 [1/1] (0.26ns)   --->   "%select_ln488_20 = select i1 %icmp_ln488_10, i17 %select_ln488_18, i17 %tmp_24" [/data1/scratch/syan/HLS_2019_2/Vivado/2019.1/common/technology/autopilot/hls_sqrt_apfixed.h:281]   --->   Operation 114 'select' 'select_ln488_20' <Predicate = true> <Delay = 0.26> <Core = "Sel">   --->   Core 26 'Sel' <Latency = 0> <II = 1> <Delay = 0.26> <FuncUnit> <Opcode : 'select'> <InPorts = 3> <OutPorts = 1>
ST_4 : Operation 115 [1/1] (0.22ns)   --->   "%select_ln488_21 = select i1 %icmp_ln488_10, i36 %select_ln488_19, i36 %p_Result_36_10" [/data1/scratch/syan/HLS_2019_2/Vivado/2019.1/common/technology/autopilot/hls_sqrt_apfixed.h:281]   --->   Operation 115 'select' 'select_ln488_21' <Predicate = true> <Delay = 0.22> <Core = "Sel">   --->   Core 26 'Sel' <Latency = 0> <II = 1> <Delay = 0.26> <FuncUnit> <Opcode : 'select'> <InPorts = 3> <OutPorts = 1>
ST_4 : Operation 116 [1/1] (0.00ns)   --->   "%p_Result_31_2 = call i13 @_ssdm_op_PartSelect.i13.i17.i32.i32(i17 %select_ln488_20, i32 4, i32 16)" [/data1/scratch/syan/HLS_2019_2/Vivado/2019.1/common/technology/autopilot/hls_sqrt_apfixed.h:272]   --->   Operation 116 'partselect' 'p_Result_31_2' <Predicate = true> <Delay = 0.00>
ST_4 : Operation 117 [1/1] (0.00ns)   --->   "%tmp_10 = call i14 @_ssdm_op_BitConcatenate.i14.i13.i1(i13 %p_Result_31_2, i1 true)" [/data1/scratch/syan/HLS_2019_2/Vivado/2019.1/common/technology/autopilot/hls_sqrt_apfixed.h:276]   --->   Operation 117 'bitconcatenate' 'tmp_10' <Predicate = true> <Delay = 0.00>
ST_4 : Operation 118 [1/1] (0.00ns)   --->   "%p_Result_34_10 = call i15 @_ssdm_op_PartSelect.i15.i36.i32.i32(i36 %select_ln488_21, i32 8, i32 22)" [/data1/scratch/syan/HLS_2019_2/Vivado/2019.1/common/technology/autopilot/hls_sqrt_apfixed.h:281]   --->   Operation 118 'partselect' 'p_Result_34_10' <Predicate = true> <Delay = 0.00>
ST_4 : Operation 119 [1/1] (0.00ns)   --->   "%zext_ln488_10 = zext i14 %tmp_10 to i15" [/data1/scratch/syan/HLS_2019_2/Vivado/2019.1/common/technology/autopilot/hls_sqrt_apfixed.h:281]   --->   Operation 119 'zext' 'zext_ln488_10' <Predicate = true> <Delay = 0.00>
ST_4 : Operation 120 [1/1] (0.66ns)   --->   "%icmp_ln488_11 = icmp ult i15 %p_Result_34_10, %zext_ln488_10" [/data1/scratch/syan/HLS_2019_2/Vivado/2019.1/common/technology/autopilot/hls_sqrt_apfixed.h:281]   --->   Operation 120 'icmp' 'icmp_ln488_11' <Predicate = true> <Delay = 0.66> <Core = "Cmp">   --->   Core 25 'Cmp' <Latency = 0> <II = 1> <Delay = 0.95> <FuncUnit> <Opcode : 'icmp'> <InPorts = 2> <OutPorts = 1>
ST_4 : Operation 121 [1/1] (0.58ns)   --->   "%sub_ln248_10 = sub i15 %p_Result_34_10, %zext_ln488_10" [/data1/scratch/syan/HLS_2019_2/Vivado/2019.1/common/technology/autopilot/hls_sqrt_apfixed.h:286]   --->   Operation 121 'sub' 'sub_ln248_10' <Predicate = true> <Delay = 0.58> <Core = "AddSub">   --->   Core 14 'AddSub' <Latency = 0> <II = 1> <Delay = 0.59> <FuncUnit> <Opcode : 'add' 'sub'> <InPorts = 2> <OutPorts = 1>
ST_4 : Operation 122 [1/1] (0.00ns)   --->   "%p_Result_36_11 = call i36 @llvm.part.set.i36.i15(i36 %select_ln488_21, i15 %sub_ln248_10, i32 8, i32 22)" [/data1/scratch/syan/HLS_2019_2/Vivado/2019.1/common/technology/autopilot/hls_sqrt_apfixed.h:286]   --->   Operation 122 'partset' 'p_Result_36_11' <Predicate = true> <Delay = 0.00>
ST_4 : Operation 123 [1/1] (0.00ns)   --->   "%tmp_25 = call i17 @_ssdm_op_BitSet.i17.i17.i32.i1(i17 %select_ln488_20, i32 4, i1 true)" [/data1/scratch/syan/HLS_2019_2/Vivado/2019.1/common/technology/autopilot/hls_sqrt_apfixed.h:291]   --->   Operation 123 'bitset' 'tmp_25' <Predicate = true> <Delay = 0.00>
ST_4 : Operation 124 [1/1] (0.26ns)   --->   "%select_ln488_22 = select i1 %icmp_ln488_11, i17 %select_ln488_20, i17 %tmp_25" [/data1/scratch/syan/HLS_2019_2/Vivado/2019.1/common/technology/autopilot/hls_sqrt_apfixed.h:281]   --->   Operation 124 'select' 'select_ln488_22' <Predicate = true> <Delay = 0.26> <Core = "Sel">   --->   Core 26 'Sel' <Latency = 0> <II = 1> <Delay = 0.26> <FuncUnit> <Opcode : 'select'> <InPorts = 3> <OutPorts = 1>
ST_4 : Operation 125 [1/1] (0.22ns)   --->   "%select_ln488_23 = select i1 %icmp_ln488_11, i36 %select_ln488_21, i36 %p_Result_36_11" [/data1/scratch/syan/HLS_2019_2/Vivado/2019.1/common/technology/autopilot/hls_sqrt_apfixed.h:281]   --->   Operation 125 'select' 'select_ln488_23' <Predicate = true> <Delay = 0.22> <Core = "Sel">   --->   Core 26 'Sel' <Latency = 0> <II = 1> <Delay = 0.26> <FuncUnit> <Opcode : 'select'> <InPorts = 3> <OutPorts = 1>
ST_4 : Operation 126 [1/1] (0.00ns)   --->   "%p_Result_31_10 = call i14 @_ssdm_op_PartSelect.i14.i17.i32.i32(i17 %select_ln488_22, i32 3, i32 16)" [/data1/scratch/syan/HLS_2019_2/Vivado/2019.1/common/technology/autopilot/hls_sqrt_apfixed.h:272]   --->   Operation 126 'partselect' 'p_Result_31_10' <Predicate = true> <Delay = 0.00>
ST_4 : Operation 127 [1/1] (0.00ns)   --->   "%tmp_11 = call i15 @_ssdm_op_BitConcatenate.i15.i14.i1(i14 %p_Result_31_10, i1 true)" [/data1/scratch/syan/HLS_2019_2/Vivado/2019.1/common/technology/autopilot/hls_sqrt_apfixed.h:276]   --->   Operation 127 'bitconcatenate' 'tmp_11' <Predicate = true> <Delay = 0.00>
ST_4 : Operation 128 [1/1] (0.00ns)   --->   "%p_Result_34_11 = call i16 @_ssdm_op_PartSelect.i16.i36.i32.i32(i36 %select_ln488_23, i32 6, i32 21)" [/data1/scratch/syan/HLS_2019_2/Vivado/2019.1/common/technology/autopilot/hls_sqrt_apfixed.h:281]   --->   Operation 128 'partselect' 'p_Result_34_11' <Predicate = true> <Delay = 0.00>
ST_4 : Operation 129 [1/1] (0.00ns)   --->   "%zext_ln488_11 = zext i15 %tmp_11 to i16" [/data1/scratch/syan/HLS_2019_2/Vivado/2019.1/common/technology/autopilot/hls_sqrt_apfixed.h:281]   --->   Operation 129 'zext' 'zext_ln488_11' <Predicate = true> <Delay = 0.00>
ST_4 : Operation 130 [1/1] (0.67ns)   --->   "%icmp_ln488_12 = icmp ult i16 %p_Result_34_11, %zext_ln488_11" [/data1/scratch/syan/HLS_2019_2/Vivado/2019.1/common/technology/autopilot/hls_sqrt_apfixed.h:281]   --->   Operation 130 'icmp' 'icmp_ln488_12' <Predicate = true> <Delay = 0.67> <Core = "Cmp">   --->   Core 25 'Cmp' <Latency = 0> <II = 1> <Delay = 0.95> <FuncUnit> <Opcode : 'icmp'> <InPorts = 2> <OutPorts = 1>
ST_4 : Operation 131 [1/1] (0.60ns)   --->   "%sub_ln248_11 = sub i16 %p_Result_34_11, %zext_ln488_11" [/data1/scratch/syan/HLS_2019_2/Vivado/2019.1/common/technology/autopilot/hls_sqrt_apfixed.h:286]   --->   Operation 131 'sub' 'sub_ln248_11' <Predicate = true> <Delay = 0.60> <Core = "AddSub">   --->   Core 14 'AddSub' <Latency = 0> <II = 1> <Delay = 0.59> <FuncUnit> <Opcode : 'add' 'sub'> <InPorts = 2> <OutPorts = 1>
ST_4 : Operation 132 [1/1] (0.00ns)   --->   "%p_Result_36_12 = call i36 @llvm.part.set.i36.i16(i36 %select_ln488_23, i16 %sub_ln248_11, i32 6, i32 21)" [/data1/scratch/syan/HLS_2019_2/Vivado/2019.1/common/technology/autopilot/hls_sqrt_apfixed.h:286]   --->   Operation 132 'partset' 'p_Result_36_12' <Predicate = true> <Delay = 0.00>
ST_4 : Operation 133 [1/1] (0.00ns)   --->   "%tmp_26 = call i17 @_ssdm_op_BitSet.i17.i17.i32.i1(i17 %select_ln488_22, i32 3, i1 true)" [/data1/scratch/syan/HLS_2019_2/Vivado/2019.1/common/technology/autopilot/hls_sqrt_apfixed.h:291]   --->   Operation 133 'bitset' 'tmp_26' <Predicate = true> <Delay = 0.00>
ST_4 : Operation 134 [1/1] (0.26ns)   --->   "%select_ln488_24 = select i1 %icmp_ln488_12, i17 %select_ln488_22, i17 %tmp_26" [/data1/scratch/syan/HLS_2019_2/Vivado/2019.1/common/technology/autopilot/hls_sqrt_apfixed.h:281]   --->   Operation 134 'select' 'select_ln488_24' <Predicate = true> <Delay = 0.26> <Core = "Sel">   --->   Core 26 'Sel' <Latency = 0> <II = 1> <Delay = 0.26> <FuncUnit> <Opcode : 'select'> <InPorts = 3> <OutPorts = 1>
ST_4 : Operation 135 [1/1] (0.22ns)   --->   "%select_ln488_25 = select i1 %icmp_ln488_12, i36 %select_ln488_23, i36 %p_Result_36_12" [/data1/scratch/syan/HLS_2019_2/Vivado/2019.1/common/technology/autopilot/hls_sqrt_apfixed.h:281]   --->   Operation 135 'select' 'select_ln488_25' <Predicate = true> <Delay = 0.22> <Core = "Sel">   --->   Core 26 'Sel' <Latency = 0> <II = 1> <Delay = 0.26> <FuncUnit> <Opcode : 'select'> <InPorts = 3> <OutPorts = 1>
ST_4 : Operation 136 [1/1] (0.00ns)   --->   "%p_Result_31_11 = call i15 @_ssdm_op_PartSelect.i15.i17.i32.i32(i17 %select_ln488_24, i32 2, i32 16)" [/data1/scratch/syan/HLS_2019_2/Vivado/2019.1/common/technology/autopilot/hls_sqrt_apfixed.h:272]   --->   Operation 136 'partselect' 'p_Result_31_11' <Predicate = true> <Delay = 0.00>
ST_4 : Operation 137 [1/1] (0.00ns)   --->   "%tmp_12 = call i16 @_ssdm_op_BitConcatenate.i16.i15.i1(i15 %p_Result_31_11, i1 true)" [/data1/scratch/syan/HLS_2019_2/Vivado/2019.1/common/technology/autopilot/hls_sqrt_apfixed.h:276]   --->   Operation 137 'bitconcatenate' 'tmp_12' <Predicate = true> <Delay = 0.00>
ST_4 : Operation 138 [1/1] (0.00ns)   --->   "%p_Result_34_12 = call i17 @_ssdm_op_PartSelect.i17.i36.i32.i32(i36 %select_ln488_25, i32 4, i32 20)" [/data1/scratch/syan/HLS_2019_2/Vivado/2019.1/common/technology/autopilot/hls_sqrt_apfixed.h:281]   --->   Operation 138 'partselect' 'p_Result_34_12' <Predicate = true> <Delay = 0.00>
ST_4 : Operation 139 [1/1] (0.00ns)   --->   "%zext_ln488_12 = zext i16 %tmp_12 to i17" [/data1/scratch/syan/HLS_2019_2/Vivado/2019.1/common/technology/autopilot/hls_sqrt_apfixed.h:281]   --->   Operation 139 'zext' 'zext_ln488_12' <Predicate = true> <Delay = 0.00>
ST_4 : Operation 140 [1/1] (0.68ns)   --->   "%icmp_ln488_13 = icmp ult i17 %p_Result_34_12, %zext_ln488_12" [/data1/scratch/syan/HLS_2019_2/Vivado/2019.1/common/technology/autopilot/hls_sqrt_apfixed.h:281]   --->   Operation 140 'icmp' 'icmp_ln488_13' <Predicate = true> <Delay = 0.68> <Core = "Cmp">   --->   Core 25 'Cmp' <Latency = 0> <II = 1> <Delay = 0.95> <FuncUnit> <Opcode : 'icmp'> <InPorts = 2> <OutPorts = 1>
ST_4 : Operation 141 [1/1] (0.59ns)   --->   "%sub_ln248_12 = sub i17 %p_Result_34_12, %zext_ln488_12" [/data1/scratch/syan/HLS_2019_2/Vivado/2019.1/common/technology/autopilot/hls_sqrt_apfixed.h:286]   --->   Operation 141 'sub' 'sub_ln248_12' <Predicate = true> <Delay = 0.59> <Core = "AddSub">   --->   Core 14 'AddSub' <Latency = 0> <II = 1> <Delay = 0.59> <FuncUnit> <Opcode : 'add' 'sub'> <InPorts = 2> <OutPorts = 1>

State 5 <SV = 4> <Delay = 3.44>
ST_5 : Operation 142 [1/1] (0.00ns)   --->   "call void (...)* @_ssdm_op_SpecPipeline(i32 -1, i32 1, i32 1, i32 0, [1 x i8]* @p_str1) nounwind" [/data1/scratch/syan/HLS_2019_2/Vivado/2019.1/common/technology/autopilot/hls_sqrt_apfixed.h:44]   --->   Operation 142 'specpipeline' <Predicate = true> <Delay = 0.00>
ST_5 : Operation 143 [1/1] (0.00ns)   --->   "%p_Result_36_13 = call i36 @llvm.part.set.i36.i17(i36 %select_ln488_25, i17 %sub_ln248_12, i32 4, i32 20)" [/data1/scratch/syan/HLS_2019_2/Vivado/2019.1/common/technology/autopilot/hls_sqrt_apfixed.h:286]   --->   Operation 143 'partset' 'p_Result_36_13' <Predicate = (!icmp_ln488_13)> <Delay = 0.00>
ST_5 : Operation 144 [1/1] (0.00ns)   --->   "%tmp_27 = call i17 @_ssdm_op_BitSet.i17.i17.i32.i1(i17 %select_ln488_24, i32 2, i1 true)" [/data1/scratch/syan/HLS_2019_2/Vivado/2019.1/common/technology/autopilot/hls_sqrt_apfixed.h:291]   --->   Operation 144 'bitset' 'tmp_27' <Predicate = (!icmp_ln488_13)> <Delay = 0.00>
ST_5 : Operation 145 [1/1] (0.26ns)   --->   "%select_ln488_26 = select i1 %icmp_ln488_13, i17 %select_ln488_24, i17 %tmp_27" [/data1/scratch/syan/HLS_2019_2/Vivado/2019.1/common/technology/autopilot/hls_sqrt_apfixed.h:281]   --->   Operation 145 'select' 'select_ln488_26' <Predicate = true> <Delay = 0.26> <Core = "Sel">   --->   Core 26 'Sel' <Latency = 0> <II = 1> <Delay = 0.26> <FuncUnit> <Opcode : 'select'> <InPorts = 3> <OutPorts = 1>
ST_5 : Operation 146 [1/1] (0.22ns)   --->   "%select_ln488_27 = select i1 %icmp_ln488_13, i36 %select_ln488_25, i36 %p_Result_36_13" [/data1/scratch/syan/HLS_2019_2/Vivado/2019.1/common/technology/autopilot/hls_sqrt_apfixed.h:281]   --->   Operation 146 'select' 'select_ln488_27' <Predicate = true> <Delay = 0.22> <Core = "Sel">   --->   Core 26 'Sel' <Latency = 0> <II = 1> <Delay = 0.26> <FuncUnit> <Opcode : 'select'> <InPorts = 3> <OutPorts = 1>
ST_5 : Operation 147 [1/1] (0.00ns)   --->   "%p_Result_31_12 = call i16 @_ssdm_op_PartSelect.i16.i17.i32.i32(i17 %select_ln488_26, i32 1, i32 16)" [/data1/scratch/syan/HLS_2019_2/Vivado/2019.1/common/technology/autopilot/hls_sqrt_apfixed.h:272]   --->   Operation 147 'partselect' 'p_Result_31_12' <Predicate = true> <Delay = 0.00>
ST_5 : Operation 148 [1/1] (0.00ns)   --->   "%tmp_13 = call i17 @_ssdm_op_BitConcatenate.i17.i16.i1(i16 %p_Result_31_12, i1 true)" [/data1/scratch/syan/HLS_2019_2/Vivado/2019.1/common/technology/autopilot/hls_sqrt_apfixed.h:276]   --->   Operation 148 'bitconcatenate' 'tmp_13' <Predicate = true> <Delay = 0.00>
ST_5 : Operation 149 [1/1] (0.00ns)   --->   "%p_Result_34_13 = call i18 @_ssdm_op_PartSelect.i18.i36.i32.i32(i36 %select_ln488_27, i32 2, i32 19)" [/data1/scratch/syan/HLS_2019_2/Vivado/2019.1/common/technology/autopilot/hls_sqrt_apfixed.h:281]   --->   Operation 149 'partselect' 'p_Result_34_13' <Predicate = true> <Delay = 0.00>
ST_5 : Operation 150 [1/1] (0.00ns)   --->   "%zext_ln488_13 = zext i17 %tmp_13 to i18" [/data1/scratch/syan/HLS_2019_2/Vivado/2019.1/common/technology/autopilot/hls_sqrt_apfixed.h:281]   --->   Operation 150 'zext' 'zext_ln488_13' <Predicate = true> <Delay = 0.00>
ST_5 : Operation 151 [1/1] (0.69ns)   --->   "%icmp_ln488_14 = icmp ult i18 %p_Result_34_13, %zext_ln488_13" [/data1/scratch/syan/HLS_2019_2/Vivado/2019.1/common/technology/autopilot/hls_sqrt_apfixed.h:281]   --->   Operation 151 'icmp' 'icmp_ln488_14' <Predicate = true> <Delay = 0.69> <Core = "Cmp">   --->   Core 25 'Cmp' <Latency = 0> <II = 1> <Delay = 0.95> <FuncUnit> <Opcode : 'icmp'> <InPorts = 2> <OutPorts = 1>
ST_5 : Operation 152 [1/1] (0.58ns)   --->   "%sub_ln248_13 = sub i18 %p_Result_34_13, %zext_ln488_13" [/data1/scratch/syan/HLS_2019_2/Vivado/2019.1/common/technology/autopilot/hls_sqrt_apfixed.h:286]   --->   Operation 152 'sub' 'sub_ln248_13' <Predicate = true> <Delay = 0.58> <Core = "AddSub">   --->   Core 14 'AddSub' <Latency = 0> <II = 1> <Delay = 0.59> <FuncUnit> <Opcode : 'add' 'sub'> <InPorts = 2> <OutPorts = 1>
ST_5 : Operation 153 [1/1] (0.00ns)   --->   "%p_Result_36_14 = call i36 @llvm.part.set.i36.i18(i36 %select_ln488_27, i18 %sub_ln248_13, i32 2, i32 19)" [/data1/scratch/syan/HLS_2019_2/Vivado/2019.1/common/technology/autopilot/hls_sqrt_apfixed.h:286]   --->   Operation 153 'partset' 'p_Result_36_14' <Predicate = true> <Delay = 0.00>
ST_5 : Operation 154 [1/1] (0.00ns)   --->   "%tmp_28 = call i17 @_ssdm_op_BitSet.i17.i17.i32.i1(i17 %select_ln488_26, i32 1, i1 true)" [/data1/scratch/syan/HLS_2019_2/Vivado/2019.1/common/technology/autopilot/hls_sqrt_apfixed.h:291]   --->   Operation 154 'bitset' 'tmp_28' <Predicate = true> <Delay = 0.00>
ST_5 : Operation 155 [1/1] (0.26ns)   --->   "%select_ln488_28 = select i1 %icmp_ln488_14, i17 %select_ln488_26, i17 %tmp_28" [/data1/scratch/syan/HLS_2019_2/Vivado/2019.1/common/technology/autopilot/hls_sqrt_apfixed.h:281]   --->   Operation 155 'select' 'select_ln488_28' <Predicate = true> <Delay = 0.26> <Core = "Sel">   --->   Core 26 'Sel' <Latency = 0> <II = 1> <Delay = 0.26> <FuncUnit> <Opcode : 'select'> <InPorts = 3> <OutPorts = 1>
ST_5 : Operation 156 [1/1] (0.22ns)   --->   "%select_ln488_29 = select i1 %icmp_ln488_14, i36 %select_ln488_27, i36 %p_Result_36_14" [/data1/scratch/syan/HLS_2019_2/Vivado/2019.1/common/technology/autopilot/hls_sqrt_apfixed.h:281]   --->   Operation 156 'select' 'select_ln488_29' <Predicate = true> <Delay = 0.22> <Core = "Sel">   --->   Core 26 'Sel' <Latency = 0> <II = 1> <Delay = 0.26> <FuncUnit> <Opcode : 'select'> <InPorts = 3> <OutPorts = 1>
ST_5 : Operation 157 [1/1] (0.00ns)   --->   "%tmp_14 = call i18 @_ssdm_op_BitConcatenate.i18.i17.i1(i17 %select_ln488_28, i1 true)" [/data1/scratch/syan/HLS_2019_2/Vivado/2019.1/common/technology/autopilot/hls_sqrt_apfixed.h:276]   --->   Operation 157 'bitconcatenate' 'tmp_14' <Predicate = true> <Delay = 0.00>
ST_5 : Operation 158 [1/1] (0.00ns)   --->   "%trunc_ln612 = trunc i36 %select_ln488_29 to i19" [/data1/scratch/syan/HLS_2019_2/Vivado/2019.1/common/technology/autopilot/hls_sqrt_apfixed.h:281]   --->   Operation 158 'trunc' 'trunc_ln612' <Predicate = true> <Delay = 0.00>
ST_5 : Operation 159 [1/1] (0.00ns)   --->   "%zext_ln488_14 = zext i18 %tmp_14 to i19" [/data1/scratch/syan/HLS_2019_2/Vivado/2019.1/common/technology/autopilot/hls_sqrt_apfixed.h:281]   --->   Operation 159 'zext' 'zext_ln488_14' <Predicate = true> <Delay = 0.00>
ST_5 : Operation 160 [1/1] (0.71ns)   --->   "%icmp_ln488_15 = icmp ult i19 %trunc_ln612, %zext_ln488_14" [/data1/scratch/syan/HLS_2019_2/Vivado/2019.1/common/technology/autopilot/hls_sqrt_apfixed.h:281]   --->   Operation 160 'icmp' 'icmp_ln488_15' <Predicate = true> <Delay = 0.71> <Core = "Cmp">   --->   Core 25 'Cmp' <Latency = 0> <II = 1> <Delay = 0.95> <FuncUnit> <Opcode : 'icmp'> <InPorts = 2> <OutPorts = 1>
ST_5 : Operation 161 [1/1] (0.56ns)   --->   "%sub_ln248_14 = sub i19 %trunc_ln612, %zext_ln488_14" [/data1/scratch/syan/HLS_2019_2/Vivado/2019.1/common/technology/autopilot/hls_sqrt_apfixed.h:286]   --->   Operation 161 'sub' 'sub_ln248_14' <Predicate = true> <Delay = 0.56> <Core = "AddSub">   --->   Core 14 'AddSub' <Latency = 0> <II = 1> <Delay = 0.59> <FuncUnit> <Opcode : 'add' 'sub'> <InPorts = 2> <OutPorts = 1>
ST_5 : Operation 162 [1/1] (0.00ns) (grouped into LUT with out node icmp_ln1494)   --->   "%p_Result_36_15 = call i36 @llvm.part.set.i36.i19(i36 %select_ln488_29, i19 %sub_ln248_14, i32 0, i32 18)" [/data1/scratch/syan/HLS_2019_2/Vivado/2019.1/common/technology/autopilot/hls_sqrt_apfixed.h:286]   --->   Operation 162 'partset' 'p_Result_36_15' <Predicate = true> <Delay = 0.00>
ST_5 : Operation 163 [1/1] (0.00ns)   --->   "%tmp_29 = call i17 @_ssdm_op_BitSet.i17.i17.i32.i1(i17 %select_ln488_28, i32 0, i1 true)" [/data1/scratch/syan/HLS_2019_2/Vivado/2019.1/common/technology/autopilot/hls_sqrt_apfixed.h:291]   --->   Operation 163 'bitset' 'tmp_29' <Predicate = true> <Delay = 0.00>
ST_5 : Operation 164 [1/1] (0.26ns)   --->   "%select_ln488_30 = select i1 %icmp_ln488_15, i17 %select_ln488_28, i17 %tmp_29" [/data1/scratch/syan/HLS_2019_2/Vivado/2019.1/common/technology/autopilot/hls_sqrt_apfixed.h:281]   --->   Operation 164 'select' 'select_ln488_30' <Predicate = true> <Delay = 0.26> <Core = "Sel">   --->   Core 26 'Sel' <Latency = 0> <II = 1> <Delay = 0.26> <FuncUnit> <Opcode : 'select'> <InPorts = 3> <OutPorts = 1>
ST_5 : Operation 165 [1/1] (0.00ns) (grouped into LUT with out node icmp_ln1494)   --->   "%select_ln488_31 = select i1 %icmp_ln488_15, i36 %select_ln488_29, i36 %p_Result_36_15" [/data1/scratch/syan/HLS_2019_2/Vivado/2019.1/common/technology/autopilot/hls_sqrt_apfixed.h:281]   --->   Operation 165 'select' 'select_ln488_31' <Predicate = true> <Delay = 0.00> <Core = "Sel">   --->   Core 26 'Sel' <Latency = 0> <II = 1> <Delay = 0.26> <FuncUnit> <Opcode : 'select'> <InPorts = 3> <OutPorts = 1>
ST_5 : Operation 166 [1/1] (0.00ns) (grouped into LUT with out node icmp_ln1494)   --->   "%trunc_ln = call i34 @_ssdm_op_BitConcatenate.i34.i17.i17(i17 0, i17 %select_ln488_30)" [/data1/scratch/syan/HLS_2019_2/Vivado/2019.1/common/technology/autopilot/hls_sqrt_apfixed.h:307]   --->   Operation 166 'bitconcatenate' 'trunc_ln' <Predicate = true> <Delay = 0.00>
ST_5 : Operation 167 [1/1] (0.00ns) (grouped into LUT with out node icmp_ln1494)   --->   "%zext_ln1494 = zext i34 %trunc_ln to i36" [/data1/scratch/syan/HLS_2019_2/Vivado/2019.1/common/technology/autopilot/hls_sqrt_apfixed.h:318]   --->   Operation 167 'zext' 'zext_ln1494' <Predicate = true> <Delay = 0.00>
ST_5 : Operation 168 [1/1] (0.95ns) (out node of the LUT)   --->   "%icmp_ln1494 = icmp ugt i36 %select_ln488_31, %zext_ln1494" [/data1/scratch/syan/HLS_2019_2/Vivado/2019.1/common/technology/autopilot/hls_sqrt_apfixed.h:318]   --->   Operation 168 'icmp' 'icmp_ln1494' <Predicate = true> <Delay = 0.95> <Core = "Cmp">   --->   Core 25 'Cmp' <Latency = 0> <II = 1> <Delay = 0.95> <FuncUnit> <Opcode : 'icmp'> <InPorts = 2> <OutPorts = 1>
ST_5 : Operation 169 [1/1] (0.59ns)   --->   "%res_I_V = add i17 1, %select_ln488_30" [/data1/scratch/syan/HLS_2019_2/Vivado/2019.1/common/technology/autopilot/hls_sqrt_apfixed.h:363]   --->   Operation 169 'add' 'res_I_V' <Predicate = true> <Delay = 0.59> <Core = "AddSub">   --->   Core 14 'AddSub' <Latency = 0> <II = 1> <Delay = 0.59> <FuncUnit> <Opcode : 'add' 'sub'> <InPorts = 2> <OutPorts = 1>
ST_5 : Operation 170 [1/1] (0.26ns)   --->   "%p_Val2_s = select i1 %icmp_ln1494, i17 %res_I_V, i17 %select_ln488_30" [/data1/scratch/syan/HLS_2019_2/Vivado/2019.1/common/technology/autopilot/hls_sqrt_apfixed.h:363]   --->   Operation 170 'select' 'p_Val2_s' <Predicate = true> <Delay = 0.26> <Core = "Sel">   --->   Core 26 'Sel' <Latency = 0> <II = 1> <Delay = 0.26> <FuncUnit> <Opcode : 'select'> <InPorts = 3> <OutPorts = 1>
ST_5 : Operation 171 [1/1] (0.00ns)   --->   "ret i17 %p_Val2_s" [/data1/scratch/syan/HLS_2019_2/Vivado/2019.1/common/technology/autopilot/hls_sqrt_apfixed.h:372]   --->   Operation 171 'ret' <Predicate = true> <Delay = 0.00>


============================================================
+ Verbose Summary: Timing violations
============================================================
Target clock period: 4.17ns, clock uncertainty: 0.521ns.

 <State 1>: 2.15ns
The critical path consists of the following:
	wire read on port 'x_V' (/data1/scratch/syan/HLS_2019_2/Vivado/2019.1/common/technology/autopilot/hls_sqrt_apfixed.h:53) [3]  (0 ns)
	'icmp' operation ('icmp_ln488', /data1/scratch/syan/HLS_2019_2/Vivado/2019.1/common/technology/autopilot/hls_sqrt_apfixed.h:281) [7]  (0.343 ns)
	'select' operation ('select_ln488_32', /data1/scratch/syan/HLS_2019_2/Vivado/2019.1/common/technology/autopilot/hls_sqrt_apfixed.h:281) [13]  (0.278 ns)
	'icmp' operation ('icmp_ln488_1', /data1/scratch/syan/HLS_2019_2/Vivado/2019.1/common/technology/autopilot/hls_sqrt_apfixed.h:281) [17]  (0.637 ns)
	'select' operation ('select_ln488_2', /data1/scratch/syan/HLS_2019_2/Vivado/2019.1/common/technology/autopilot/hls_sqrt_apfixed.h:281) [21]  (0.268 ns)
	'icmp' operation ('icmp_ln488_2', /data1/scratch/syan/HLS_2019_2/Vivado/2019.1/common/technology/autopilot/hls_sqrt_apfixed.h:281) [27]  (0.619 ns)

 <State 2>: 3.45ns
The critical path consists of the following:
	'select' operation ('select_ln488_4', /data1/scratch/syan/HLS_2019_2/Vivado/2019.1/common/technology/autopilot/hls_sqrt_apfixed.h:281) [31]  (0.268 ns)
	'icmp' operation ('icmp_ln488_3', /data1/scratch/syan/HLS_2019_2/Vivado/2019.1/common/technology/autopilot/hls_sqrt_apfixed.h:281) [37]  (0.6 ns)
	'select' operation ('select_ln488_6', /data1/scratch/syan/HLS_2019_2/Vivado/2019.1/common/technology/autopilot/hls_sqrt_apfixed.h:281) [41]  (0.268 ns)
	'icmp' operation ('icmp_ln488_4', /data1/scratch/syan/HLS_2019_2/Vivado/2019.1/common/technology/autopilot/hls_sqrt_apfixed.h:281) [47]  (0.581 ns)
	'select' operation ('select_ln488_8', /data1/scratch/syan/HLS_2019_2/Vivado/2019.1/common/technology/autopilot/hls_sqrt_apfixed.h:281) [51]  (0.268 ns)
	'icmp' operation ('icmp_ln488_5', /data1/scratch/syan/HLS_2019_2/Vivado/2019.1/common/technology/autopilot/hls_sqrt_apfixed.h:281) [57]  (0.593 ns)
	'select' operation ('select_ln488_10', /data1/scratch/syan/HLS_2019_2/Vivado/2019.1/common/technology/autopilot/hls_sqrt_apfixed.h:281) [61]  (0.268 ns)
	'icmp' operation ('icmp_ln488_6', /data1/scratch/syan/HLS_2019_2/Vivado/2019.1/common/technology/autopilot/hls_sqrt_apfixed.h:281) [67]  (0.605 ns)

 <State 3>: 3.61ns
The critical path consists of the following:
	'select' operation ('select_ln488_12', /data1/scratch/syan/HLS_2019_2/Vivado/2019.1/common/technology/autopilot/hls_sqrt_apfixed.h:281) [71]  (0.268 ns)
	'icmp' operation ('icmp_ln488_7', /data1/scratch/syan/HLS_2019_2/Vivado/2019.1/common/technology/autopilot/hls_sqrt_apfixed.h:281) [77]  (0.617 ns)
	'select' operation ('select_ln488_14', /data1/scratch/syan/HLS_2019_2/Vivado/2019.1/common/technology/autopilot/hls_sqrt_apfixed.h:281) [81]  (0.268 ns)
	'icmp' operation ('icmp_ln488_8', /data1/scratch/syan/HLS_2019_2/Vivado/2019.1/common/technology/autopilot/hls_sqrt_apfixed.h:281) [87]  (0.629 ns)
	'select' operation ('select_ln488_16', /data1/scratch/syan/HLS_2019_2/Vivado/2019.1/common/technology/autopilot/hls_sqrt_apfixed.h:281) [91]  (0.268 ns)
	'icmp' operation ('icmp_ln488_9', /data1/scratch/syan/HLS_2019_2/Vivado/2019.1/common/technology/autopilot/hls_sqrt_apfixed.h:281) [97]  (0.64 ns)
	'select' operation ('select_ln488_18', /data1/scratch/syan/HLS_2019_2/Vivado/2019.1/common/technology/autopilot/hls_sqrt_apfixed.h:281) [101]  (0.268 ns)
	'icmp' operation ('icmp_ln488_10', /data1/scratch/syan/HLS_2019_2/Vivado/2019.1/common/technology/autopilot/hls_sqrt_apfixed.h:281) [107]  (0.652 ns)

 <State 4>: 2.83ns
The critical path consists of the following:
	'select' operation ('select_ln488_20', /data1/scratch/syan/HLS_2019_2/Vivado/2019.1/common/technology/autopilot/hls_sqrt_apfixed.h:281) [111]  (0.268 ns)
	'icmp' operation ('icmp_ln488_11', /data1/scratch/syan/HLS_2019_2/Vivado/2019.1/common/technology/autopilot/hls_sqrt_apfixed.h:281) [117]  (0.664 ns)
	'select' operation ('select_ln488_22', /data1/scratch/syan/HLS_2019_2/Vivado/2019.1/common/technology/autopilot/hls_sqrt_apfixed.h:281) [121]  (0.268 ns)
	'icmp' operation ('icmp_ln488_12', /data1/scratch/syan/HLS_2019_2/Vivado/2019.1/common/technology/autopilot/hls_sqrt_apfixed.h:281) [127]  (0.676 ns)
	'select' operation ('select_ln488_24', /data1/scratch/syan/HLS_2019_2/Vivado/2019.1/common/technology/autopilot/hls_sqrt_apfixed.h:281) [131]  (0.268 ns)
	'icmp' operation ('icmp_ln488_13', /data1/scratch/syan/HLS_2019_2/Vivado/2019.1/common/technology/autopilot/hls_sqrt_apfixed.h:281) [137]  (0.687 ns)

 <State 5>: 3.44ns
The critical path consists of the following:
	'select' operation ('select_ln488_26', /data1/scratch/syan/HLS_2019_2/Vivado/2019.1/common/technology/autopilot/hls_sqrt_apfixed.h:281) [141]  (0.268 ns)
	'icmp' operation ('icmp_ln488_14', /data1/scratch/syan/HLS_2019_2/Vivado/2019.1/common/technology/autopilot/hls_sqrt_apfixed.h:281) [147]  (0.699 ns)
	'select' operation ('select_ln488_28', /data1/scratch/syan/HLS_2019_2/Vivado/2019.1/common/technology/autopilot/hls_sqrt_apfixed.h:281) [151]  (0.268 ns)
	'icmp' operation ('icmp_ln488_15', /data1/scratch/syan/HLS_2019_2/Vivado/2019.1/common/technology/autopilot/hls_sqrt_apfixed.h:281) [156]  (0.71 ns)
	'select' operation ('select_ln488_30', /data1/scratch/syan/HLS_2019_2/Vivado/2019.1/common/technology/autopilot/hls_sqrt_apfixed.h:281) [160]  (0.268 ns)
	'icmp' operation ('icmp_ln1494', /data1/scratch/syan/HLS_2019_2/Vivado/2019.1/common/technology/autopilot/hls_sqrt_apfixed.h:318) [164]  (0.96 ns)
	'select' operation ('__Val2__', /data1/scratch/syan/HLS_2019_2/Vivado/2019.1/common/technology/autopilot/hls_sqrt_apfixed.h:363) [166]  (0.268 ns)


============================================================
+ Verbose Summary: Binding
============================================================
N/A
* FSMD analyzer results:
  - Output states:
 - Input state : 
  - Chain level:
	State 1
	State 2
	State 3
	State 4
	State 5


============================================================
+ Verbose Summary: Datapath Resource usage 
============================================================
N/A
